Training set range: 1-320
Correlation coefficient (Pearson's r) = 0.541388
################################################
Training set range: 2-321
Correlation coefficient (Pearson's r) = 0.557708
################################################
Training set range: 3-322
Correlation coefficient (Pearson's r) = 0.531264
################################################
Training set range: 4-323
Correlation coefficient (Pearson's r) = 0.497902
################################################
Training set range: 5-324
Correlation coefficient (Pearson's r) = 0.472961
################################################
Training set range: 6-325
Correlation coefficient (Pearson's r) = 0.440868
################################################
Training set range: 7-326
Correlation coefficient (Pearson's r) = 0.480600
################################################
Training set range: 8-327
Correlation coefficient (Pearson's r) = 0.432244
################################################
Training set range: 9-328
Correlation coefficient (Pearson's r) = 0.522391
################################################
Training set range: 10-329
Correlation coefficient (Pearson's r) = 0.521362
################################################
Training set range: 11-330
Correlation coefficient (Pearson's r) = 0.512644
################################################
Training set range: 12-331
Correlation coefficient (Pearson's r) = 0.588566
################################################
Training set range: 13-332
Correlation coefficient (Pearson's r) = 0.561561
################################################
Training set range: 14-333
Correlation coefficient (Pearson's r) = 0.561954
################################################
Training set range: 15-334
Correlation coefficient (Pearson's r) = 0.578494
################################################
Training set range: 16-335
Correlation coefficient (Pearson's r) = 0.553584
################################################
Training set range: 17-336
Correlation coefficient (Pearson's r) = 0.576546
################################################
Training set range: 18-337
Correlation coefficient (Pearson's r) = 0.556772
################################################
Training set range: 19-338
Correlation coefficient (Pearson's r) = 0.533952
################################################
Training set range: 20-339
Correlation coefficient (Pearson's r) = 0.546196
################################################
Training set range: 21-340
Correlation coefficient (Pearson's r) = 0.492628
################################################
Training set range: 22-341
Correlation coefficient (Pearson's r) = 0.428409
################################################
Training set range: 23-342
Correlation coefficient (Pearson's r) = 0.548640
################################################
Training set range: 24-343
Correlation coefficient (Pearson's r) = 0.608005
################################################
Training set range: 25-344
Correlation coefficient (Pearson's r) = 0.535541
################################################
Training set range: 26-345
Correlation coefficient (Pearson's r) = 0.549191
################################################
Training set range: 27-346
Correlation coefficient (Pearson's r) = 0.516650
################################################
Training set range: 28-347
Correlation coefficient (Pearson's r) = 0.528749
################################################
Training set range: 29-348
Correlation coefficient (Pearson's r) = 0.489565
################################################
Training set range: 30-349
Correlation coefficient (Pearson's r) = 0.479668
################################################
Training set range: 31-350
Correlation coefficient (Pearson's r) = 0.517720
################################################
Training set range: 32-351
Correlation coefficient (Pearson's r) = 0.505840
################################################
Training set range: 33-352
Correlation coefficient (Pearson's r) = 0.442959
################################################
Training set range: 34-353
Correlation coefficient (Pearson's r) = 0.500599
################################################
Training set range: 35-354
Correlation coefficient (Pearson's r) = 0.513765
################################################
Training set range: 36-355
Correlation coefficient (Pearson's r) = 0.515340
################################################
Training set range: 37-356
Correlation coefficient (Pearson's r) = 0.520892
################################################
Training set range: 38-357
Correlation coefficient (Pearson's r) = 0.583812
################################################
Training set range: 39-358
Correlation coefficient (Pearson's r) = 0.554064
################################################
Training set range: 40-359
Correlation coefficient (Pearson's r) = 0.550947
################################################
Training set range: 41-360
Correlation coefficient (Pearson's r) = 0.513907
################################################
Training set range: 42-361
Correlation coefficient (Pearson's r) = 0.467646
################################################
Training set range: 43-362
Correlation coefficient (Pearson's r) = 0.388516
################################################
Training set range: 44-363
Correlation coefficient (Pearson's r) = 0.425887
################################################
Training set range: 45-364
Correlation coefficient (Pearson's r) = 0.376341
################################################
Training set range: 46-365
Correlation coefficient (Pearson's r) = 0.368162
################################################
Training set range: 47-366
Correlation coefficient (Pearson's r) = 0.371055
################################################
Training set range: 48-367
Correlation coefficient (Pearson's r) = 0.405062
################################################
Training set range: 49-368
Correlation coefficient (Pearson's r) = 0.422250
################################################
Training set range: 50-369
Correlation coefficient (Pearson's r) = 0.323755
################################################
Training set range: 51-370
Correlation coefficient (Pearson's r) = 0.325645
################################################
Training set range: 52-371
Correlation coefficient (Pearson's r) = 0.457657
################################################
Training set range: 53-372
Correlation coefficient (Pearson's r) = 0.439876
################################################
Training set range: 54-373
Correlation coefficient (Pearson's r) = 0.402658
################################################
Training set range: 55-374
Correlation coefficient (Pearson's r) = 0.384075
################################################
Training set range: 56-375
Correlation coefficient (Pearson's r) = 0.413908
################################################
Training set range: 57-376
Correlation coefficient (Pearson's r) = 0.406437
################################################
Training set range: 58-377
Correlation coefficient (Pearson's r) = 0.380690
################################################
Training set range: 59-378
Correlation coefficient (Pearson's r) = 0.411658
################################################
Training set range: 60-379
Correlation coefficient (Pearson's r) = 0.426453
################################################
Training set range: 61-380
Correlation coefficient (Pearson's r) = 0.403481
################################################
Training set range: 62-381
Correlation coefficient (Pearson's r) = 0.411410
################################################
Training set range: 63-382
Correlation coefficient (Pearson's r) = 0.433967
################################################
Training set range: 64-383
Correlation coefficient (Pearson's r) = 0.429780
################################################
Training set range: 65-384
Correlation coefficient (Pearson's r) = 0.370373
################################################
Training set range: 66-385
Correlation coefficient (Pearson's r) = 0.344022
################################################
Training set range: 67-386
Correlation coefficient (Pearson's r) = 0.357834
################################################
Training set range: 68-387
Correlation coefficient (Pearson's r) = 0.331903
################################################
Training set range: 69-388
Correlation coefficient (Pearson's r) = 0.326420
################################################
Training set range: 70-389
Correlation coefficient (Pearson's r) = 0.312885
################################################
Training set range: 71-390
Correlation coefficient (Pearson's r) = 0.278899
################################################
Training set range: 72-391
Correlation coefficient (Pearson's r) = 0.344839
################################################
Training set range: 73-392
Correlation coefficient (Pearson's r) = 0.278646
################################################
Training set range: 74-393
Correlation coefficient (Pearson's r) = 0.300382
################################################
Training set range: 75-394
Correlation coefficient (Pearson's r) = 0.350075
################################################
Training set range: 76-395
Correlation coefficient (Pearson's r) = 0.297628
################################################
Training set range: 77-396
Correlation coefficient (Pearson's r) = 0.320707
################################################
Training set range: 78-397
Correlation coefficient (Pearson's r) = 0.282861
################################################
Training set range: 79-398
Correlation coefficient (Pearson's r) = 0.328688
################################################
Training set range: 80-399
Correlation coefficient (Pearson's r) = 0.310852
################################################
Training set range: 81-400
Correlation coefficient (Pearson's r) = 0.275607
################################################
Training set range: 82-401
Correlation coefficient (Pearson's r) = 0.313300
################################################
Training set range: 83-402
Correlation coefficient (Pearson's r) = 0.284202
################################################
Training set range: 84-403
Correlation coefficient (Pearson's r) = 0.318180
################################################
Training set range: 85-404
Correlation coefficient (Pearson's r) = 0.356700
################################################
Training set range: 86-405
Correlation coefficient (Pearson's r) = 0.318915
################################################
Training set range: 87-406
Correlation coefficient (Pearson's r) = 0.295287
################################################
Training set range: 88-407
Correlation coefficient (Pearson's r) = 0.186126
################################################
Training set range: 89-408
Correlation coefficient (Pearson's r) = 0.293392
################################################
Training set range: 90-409
Correlation coefficient (Pearson's r) = 0.270610
################################################
Training set range: 91-410
Correlation coefficient (Pearson's r) = 0.289297
################################################
Training set range: 92-411
Correlation coefficient (Pearson's r) = 0.298207
################################################
Training set range: 93-412
Correlation coefficient (Pearson's r) = 0.299129
################################################
Training set range: 94-413
Correlation coefficient (Pearson's r) = 0.323236
################################################
Training set range: 95-414
Correlation coefficient (Pearson's r) = 0.300569
################################################
Training set range: 96-415
Correlation coefficient (Pearson's r) = 0.198917
################################################
Training set range: 97-416
Correlation coefficient (Pearson's r) = 0.184198
################################################
Training set range: 98-417
Correlation coefficient (Pearson's r) = 0.295991
################################################
Training set range: 99-418
Correlation coefficient (Pearson's r) = 0.282724
################################################
Training set range: 100-419
Correlation coefficient (Pearson's r) = 0.165600
################################################
Training set range: 101-420
Correlation coefficient (Pearson's r) = 0.223479
################################################
Training set range: 102-421
Correlation coefficient (Pearson's r) = 0.185499
################################################
Training set range: 103-422
Correlation coefficient (Pearson's r) = 0.194039
################################################
Training set range: 104-423
Correlation coefficient (Pearson's r) = 0.126939
################################################
Training set range: 105-424
Correlation coefficient (Pearson's r) = 0.103122
################################################
Training set range: 106-425
Correlation coefficient (Pearson's r) = 0.105617
################################################
Training set range: 107-426
Correlation coefficient (Pearson's r) = 0.095079
################################################
Training set range: 108-427
Correlation coefficient (Pearson's r) = 0.116046
################################################
Training set range: 109-428
Correlation coefficient (Pearson's r) = 0.133972
################################################
Training set range: 110-429
Correlation coefficient (Pearson's r) = 0.150198
################################################
Training set range: 111-430
Correlation coefficient (Pearson's r) = 0.136949
################################################
Training set range: 112-431
Correlation coefficient (Pearson's r) = 0.154895
################################################
Training set range: 113-432
Correlation coefficient (Pearson's r) = 0.145143
################################################
Training set range: 114-433
Correlation coefficient (Pearson's r) = 0.162006
################################################
Training set range: 115-434
Correlation coefficient (Pearson's r) = 0.124834
################################################
Training set range: 116-435
Correlation coefficient (Pearson's r) = 0.100790
################################################
Training set range: 117-436
Correlation coefficient (Pearson's r) = 0.054031
################################################
Training set range: 118-437
Correlation coefficient (Pearson's r) = 0.107400
################################################
Training set range: 119-438
Correlation coefficient (Pearson's r) = 0.070746
################################################
Training set range: 120-439
Correlation coefficient (Pearson's r) = 0.082319
################################################
Training set range: 121-440
Correlation coefficient (Pearson's r) = 0.072850
################################################
Training set range: 122-441
Correlation coefficient (Pearson's r) = 0.052685
################################################
Training set range: 123-442
Correlation coefficient (Pearson's r) = 0.073922
################################################
Training set range: 124-443
Correlation coefficient (Pearson's r) = 0.088323
################################################
Training set range: 125-444
Correlation coefficient (Pearson's r) = 0.109317
################################################
Training set range: 126-445
Correlation coefficient (Pearson's r) = 0.098934
################################################
Training set range: 127-446
Correlation coefficient (Pearson's r) = 0.076369
################################################
Training set range: 128-447
Correlation coefficient (Pearson's r) = 0.049596
################################################
Training set range: 129-448
Correlation coefficient (Pearson's r) = 0.068091
################################################
Training set range: 130-449
Correlation coefficient (Pearson's r) = 0.084863
################################################
Training set range: 131-450
Correlation coefficient (Pearson's r) = 0.085418
################################################
Training set range: 132-451
Correlation coefficient (Pearson's r) = 0.116795
################################################
Training set range: 133-452
Correlation coefficient (Pearson's r) = 0.049279
################################################
Training set range: 134-453
Correlation coefficient (Pearson's r) = 0.040613
################################################
Training set range: 135-454
Correlation coefficient (Pearson's r) = 0.038821
################################################
Training set range: 136-455
Correlation coefficient (Pearson's r) = 0.046683
################################################
Training set range: 137-456
Correlation coefficient (Pearson's r) = 0.077410
################################################
Training set range: 138-457
Correlation coefficient (Pearson's r) = 0.069495
################################################
Training set range: 139-458
Correlation coefficient (Pearson's r) = -0.000206
################################################
Training set range: 140-459
Correlation coefficient (Pearson's r) = 0.040258
################################################
Training set range: 141-460
Correlation coefficient (Pearson's r) = 0.073850
################################################
Training set range: 142-461
Correlation coefficient (Pearson's r) = -0.006764
################################################
Training set range: 143-462
Correlation coefficient (Pearson's r) = 0.002938
################################################
Training set range: 144-463
Correlation coefficient (Pearson's r) = -0.027076
################################################
Training set range: 145-464
Correlation coefficient (Pearson's r) = -0.011539
################################################
Training set range: 146-465
Correlation coefficient (Pearson's r) = -0.011479
################################################
Training set range: 147-466
Correlation coefficient (Pearson's r) = -0.088969
################################################
Training set range: 148-467
Correlation coefficient (Pearson's r) = -0.094686
################################################
Training set range: 149-468
Correlation coefficient (Pearson's r) = -0.046799
################################################
Training set range: 150-469
Correlation coefficient (Pearson's r) = -0.077730
################################################
Training set range: 151-470
Correlation coefficient (Pearson's r) = -0.151079
################################################
Training set range: 152-471
Correlation coefficient (Pearson's r) = -0.141496
################################################
Training set range: 153-472
Correlation coefficient (Pearson's r) = -0.130087
################################################
Training set range: 154-473
Correlation coefficient (Pearson's r) = -0.144237
################################################
Training set range: 155-474
Correlation coefficient (Pearson's r) = -0.137477
################################################
Training set range: 156-475
Correlation coefficient (Pearson's r) = -0.171619
################################################
Training set range: 157-476
Correlation coefficient (Pearson's r) = -0.095277
################################################
Training set range: 158-477
Correlation coefficient (Pearson's r) = -0.114211
################################################
Training set range: 159-478
Correlation coefficient (Pearson's r) = -0.089311
################################################
Training set range: 160-479
Correlation coefficient (Pearson's r) = -0.120795
################################################
Training set range: 161-480
Correlation coefficient (Pearson's r) = -0.157440
################################################
Training set range: 162-481
Correlation coefficient (Pearson's r) = -0.115230
################################################
Training set range: 163-1
Correlation coefficient (Pearson's r) = -0.086714
################################################
Training set range: 164-2
Correlation coefficient (Pearson's r) = -0.179376
################################################
Training set range: 165-3
Correlation coefficient (Pearson's r) = -0.180765
################################################
Training set range: 166-4
Correlation coefficient (Pearson's r) = -0.193552
################################################
Training set range: 167-5
Correlation coefficient (Pearson's r) = -0.133448
################################################
Training set range: 168-6
Correlation coefficient (Pearson's r) = -0.247392
################################################
Training set range: 169-7
Correlation coefficient (Pearson's r) = -0.238499
################################################
Training set range: 170-8
Correlation coefficient (Pearson's r) = -0.174972
################################################
Training set range: 171-9
Correlation coefficient (Pearson's r) = -0.210534
################################################
Training set range: 172-10
Correlation coefficient (Pearson's r) = -0.169330
################################################
Training set range: 173-11
Correlation coefficient (Pearson's r) = -0.196522
################################################
Training set range: 174-12
Correlation coefficient (Pearson's r) = -0.149698
################################################
Training set range: 175-13
Correlation coefficient (Pearson's r) = -0.149463
################################################
Training set range: 176-14
Correlation coefficient (Pearson's r) = -0.127150
################################################
Training set range: 177-15
Correlation coefficient (Pearson's r) = -0.258642
################################################
Training set range: 178-16
Correlation coefficient (Pearson's r) = -0.224172
################################################
Training set range: 179-17
Correlation coefficient (Pearson's r) = -0.207008
################################################
Training set range: 180-18
Correlation coefficient (Pearson's r) = -0.145949
################################################
Training set range: 181-19
Correlation coefficient (Pearson's r) = -0.193297
################################################
Training set range: 182-20
Correlation coefficient (Pearson's r) = -0.146383
################################################
Training set range: 183-21
Correlation coefficient (Pearson's r) = -0.209112
################################################
Training set range: 184-22
Correlation coefficient (Pearson's r) = -0.184948
################################################
Training set range: 185-23
Correlation coefficient (Pearson's r) = -0.181976
################################################
Training set range: 186-24
Correlation coefficient (Pearson's r) = -0.147589
################################################
Training set range: 187-25
Correlation coefficient (Pearson's r) = -0.159739
################################################
Training set range: 188-26
Correlation coefficient (Pearson's r) = -0.149476
################################################
Training set range: 189-27
Correlation coefficient (Pearson's r) = -0.147817
################################################
Training set range: 190-28
Correlation coefficient (Pearson's r) = -0.213929
################################################
Training set range: 191-29
Correlation coefficient (Pearson's r) = -0.196146
################################################
Training set range: 192-30
Correlation coefficient (Pearson's r) = -0.145346
################################################
Training set range: 193-31
Correlation coefficient (Pearson's r) = -0.140789
################################################
Training set range: 194-32
Correlation coefficient (Pearson's r) = -0.083444
################################################
Training set range: 195-33
Correlation coefficient (Pearson's r) = 0.145441
################################################
Training set range: 196-34
Correlation coefficient (Pearson's r) = 0.114362
################################################
Training set range: 197-35
Correlation coefficient (Pearson's r) = 0.103957
################################################
Training set range: 198-36
Correlation coefficient (Pearson's r) = 0.044375
################################################
Training set range: 199-37
Correlation coefficient (Pearson's r) = 0.009524
################################################
Training set range: 200-38
Correlation coefficient (Pearson's r) = 0.042206
################################################
Training set range: 201-39
Correlation coefficient (Pearson's r) = 0.056989
################################################
Training set range: 202-40
Correlation coefficient (Pearson's r) = 0.096302
################################################
Training set range: 203-41
Correlation coefficient (Pearson's r) = 0.144339
################################################
Training set range: 204-42
Correlation coefficient (Pearson's r) = 0.147189
################################################
Training set range: 205-43
Correlation coefficient (Pearson's r) = 0.164161
################################################
Training set range: 206-44
Correlation coefficient (Pearson's r) = 0.034377
################################################
Training set range: 207-45
Correlation coefficient (Pearson's r) = 0.158916
################################################
Training set range: 208-46
Correlation coefficient (Pearson's r) = 0.297210
################################################
Training set range: 209-47
Correlation coefficient (Pearson's r) = 0.082402
################################################
Training set range: 210-48
Correlation coefficient (Pearson's r) = 0.073948
################################################
Training set range: 211-49
Correlation coefficient (Pearson's r) = 0.083580
################################################
Training set range: 212-50
Correlation coefficient (Pearson's r) = 0.126808
################################################
Training set range: 213-51
Correlation coefficient (Pearson's r) = 0.134818
################################################
Training set range: 214-52
Correlation coefficient (Pearson's r) = 0.003454
################################################
Training set range: 215-53
Correlation coefficient (Pearson's r) = 0.054080
################################################
Training set range: 216-54
Correlation coefficient (Pearson's r) = 0.061647
################################################
Training set range: 217-55
Correlation coefficient (Pearson's r) = 0.034384
################################################
Training set range: 218-56
Correlation coefficient (Pearson's r) = 0.071848
################################################
Training set range: 219-57
Correlation coefficient (Pearson's r) = 0.135614
################################################
Training set range: 220-58
Correlation coefficient (Pearson's r) = 0.165287
################################################
Training set range: 221-59
Correlation coefficient (Pearson's r) = 0.080030
################################################
Training set range: 222-60
Correlation coefficient (Pearson's r) = 0.235578
################################################
Training set range: 223-61
Correlation coefficient (Pearson's r) = 0.148996
################################################
Training set range: 224-62
Correlation coefficient (Pearson's r) = 0.097707
################################################
Training set range: 225-63
Correlation coefficient (Pearson's r) = 0.151664
################################################
Training set range: 226-64
Correlation coefficient (Pearson's r) = 0.219940
################################################
Training set range: 227-65
Correlation coefficient (Pearson's r) = 0.156802
################################################
Training set range: 228-66
Correlation coefficient (Pearson's r) = 0.238346
################################################
Training set range: 229-67
Correlation coefficient (Pearson's r) = 0.249783
################################################
Training set range: 230-68
Correlation coefficient (Pearson's r) = 0.199912
################################################
Training set range: 231-69
Correlation coefficient (Pearson's r) = 0.244870
################################################
Training set range: 232-70
Correlation coefficient (Pearson's r) = 0.182640
################################################
Training set range: 233-71
Correlation coefficient (Pearson's r) = 0.241071
################################################
Training set range: 234-72
Correlation coefficient (Pearson's r) = 0.217741
################################################
Training set range: 235-73
Correlation coefficient (Pearson's r) = 0.284190
################################################
Training set range: 236-74
Correlation coefficient (Pearson's r) = 0.231189
################################################
Training set range: 237-75
Correlation coefficient (Pearson's r) = 0.264910
################################################
Training set range: 238-76
Correlation coefficient (Pearson's r) = 0.261757
################################################
Training set range: 239-77
Correlation coefficient (Pearson's r) = 0.230416
################################################
Training set range: 240-78
Correlation coefficient (Pearson's r) = 0.235516
################################################
Training set range: 241-79
Correlation coefficient (Pearson's r) = 0.256791
################################################
Training set range: 242-80
Correlation coefficient (Pearson's r) = 0.217787
################################################
Training set range: 243-81
Correlation coefficient (Pearson's r) = 0.171768
################################################
Training set range: 244-82
Correlation coefficient (Pearson's r) = 0.187366
################################################
Training set range: 245-83
Correlation coefficient (Pearson's r) = 0.183073
################################################
Training set range: 246-84
Correlation coefficient (Pearson's r) = 0.180122
################################################
Training set range: 247-85
Correlation coefficient (Pearson's r) = 0.221310
################################################
Training set range: 248-86
Correlation coefficient (Pearson's r) = 0.224873
################################################
Training set range: 249-87
Correlation coefficient (Pearson's r) = 0.192836
################################################
Training set range: 250-88
Correlation coefficient (Pearson's r) = 0.203680
################################################
Training set range: 251-89
Correlation coefficient (Pearson's r) = 0.189854
################################################
Training set range: 252-90
Correlation coefficient (Pearson's r) = 0.188993
################################################
Training set range: 253-91
Correlation coefficient (Pearson's r) = 0.207471
################################################
Training set range: 254-92
Correlation coefficient (Pearson's r) = 0.292855
################################################
Training set range: 255-93
Correlation coefficient (Pearson's r) = 0.281675
################################################
Training set range: 256-94
Correlation coefficient (Pearson's r) = 0.223892
################################################
Training set range: 257-95
Correlation coefficient (Pearson's r) = 0.183888
################################################
Training set range: 258-96
Correlation coefficient (Pearson's r) = 0.195649
################################################
Training set range: 259-97
Correlation coefficient (Pearson's r) = 0.196548
################################################
Training set range: 260-98
Correlation coefficient (Pearson's r) = 0.114949
################################################
Training set range: 261-99
Correlation coefficient (Pearson's r) = 0.137067
################################################
Training set range: 262-100
Correlation coefficient (Pearson's r) = 0.167009
################################################
Training set range: 263-101
Correlation coefficient (Pearson's r) = 0.183097
################################################
Training set range: 264-102
Correlation coefficient (Pearson's r) = 0.242858
################################################
Training set range: 265-103
Correlation coefficient (Pearson's r) = 0.250042
################################################
Training set range: 266-104
Correlation coefficient (Pearson's r) = 0.213320
################################################
Training set range: 267-105
Correlation coefficient (Pearson's r) = 0.144906
################################################
Training set range: 268-106
Correlation coefficient (Pearson's r) = 0.155566
################################################
Training set range: 269-107
Correlation coefficient (Pearson's r) = 0.192788
################################################
Training set range: 270-108
Correlation coefficient (Pearson's r) = 0.241705
################################################
Training set range: 271-109
Correlation coefficient (Pearson's r) = 0.259252
################################################
Training set range: 272-110
Correlation coefficient (Pearson's r) = 0.293814
################################################
Training set range: 273-111
Correlation coefficient (Pearson's r) = 0.243364
################################################
Training set range: 274-112
Correlation coefficient (Pearson's r) = 0.149627
################################################
Training set range: 275-113
Correlation coefficient (Pearson's r) = 0.193556
################################################
Training set range: 276-114
Correlation coefficient (Pearson's r) = 0.197423
################################################
Training set range: 277-115
Correlation coefficient (Pearson's r) = 0.285724
################################################
Training set range: 278-116
Correlation coefficient (Pearson's r) = 0.255028
################################################
Training set range: 279-117
Correlation coefficient (Pearson's r) = 0.179992
################################################
Training set range: 280-118
Correlation coefficient (Pearson's r) = 0.278969
################################################
Training set range: 281-119
Correlation coefficient (Pearson's r) = 0.251567
################################################
Training set range: 282-120
Correlation coefficient (Pearson's r) = 0.218243
################################################
Training set range: 283-121
Correlation coefficient (Pearson's r) = 0.228229
################################################
Training set range: 284-122
Correlation coefficient (Pearson's r) = 0.229274
################################################
Training set range: 285-123
Correlation coefficient (Pearson's r) = 0.226193
################################################
Training set range: 286-124
Correlation coefficient (Pearson's r) = 0.228732
################################################
Training set range: 287-125
Correlation coefficient (Pearson's r) = 0.248662
################################################
Training set range: 288-126
Correlation coefficient (Pearson's r) = 0.275114
################################################
Training set range: 289-127
Correlation coefficient (Pearson's r) = 0.250397
################################################
Training set range: 290-128
Correlation coefficient (Pearson's r) = 0.268570
################################################
Training set range: 291-129
Correlation coefficient (Pearson's r) = 0.244002
################################################
Training set range: 292-130
Correlation coefficient (Pearson's r) = 0.291325
################################################
Training set range: 293-131
Correlation coefficient (Pearson's r) = 0.236306
################################################
Training set range: 294-132
Correlation coefficient (Pearson's r) = 0.295462
################################################
Training set range: 295-133
Correlation coefficient (Pearson's r) = 0.337886
################################################
Training set range: 296-134
Correlation coefficient (Pearson's r) = 0.319162
################################################
Training set range: 297-135
Correlation coefficient (Pearson's r) = 0.324650
################################################
Training set range: 298-136
Correlation coefficient (Pearson's r) = 0.332740
################################################
Training set range: 299-137
Correlation coefficient (Pearson's r) = 0.360157
################################################
Training set range: 300-138
Correlation coefficient (Pearson's r) = 0.339022
################################################
Training set range: 301-139
Correlation coefficient (Pearson's r) = 0.313286
################################################
Training set range: 302-140
Correlation coefficient (Pearson's r) = 0.270277
################################################
Training set range: 303-141
Correlation coefficient (Pearson's r) = 0.331117
################################################
Training set range: 304-142
Correlation coefficient (Pearson's r) = 0.310826
################################################
Training set range: 305-143
Correlation coefficient (Pearson's r) = 0.329150
################################################
Training set range: 306-144
Correlation coefficient (Pearson's r) = 0.288880
################################################
Training set range: 307-145
Correlation coefficient (Pearson's r) = 0.327558
################################################
Training set range: 308-146
Correlation coefficient (Pearson's r) = 0.298142
################################################
Training set range: 309-147
Correlation coefficient (Pearson's r) = 0.299504
################################################
Training set range: 310-148
Correlation coefficient (Pearson's r) = 0.186939
################################################
Training set range: 311-149
Correlation coefficient (Pearson's r) = 0.252743
################################################
Training set range: 312-150
Correlation coefficient (Pearson's r) = 0.163822
################################################
Training set range: 313-151
Correlation coefficient (Pearson's r) = 0.297390
################################################
Training set range: 314-152
Correlation coefficient (Pearson's r) = 0.283031
################################################
Training set range: 315-153
Correlation coefficient (Pearson's r) = 0.243623
################################################
Training set range: 316-154
Correlation coefficient (Pearson's r) = 0.151133
################################################
Training set range: 317-155
Correlation coefficient (Pearson's r) = 0.125475
################################################
Training set range: 318-156
Correlation coefficient (Pearson's r) = 0.092769
################################################
Training set range: 319-157
Correlation coefficient (Pearson's r) = 0.168552
################################################
