Training set range: 1-400
Correlation coefficient (Pearson's r) = 0.341036
################################################
Training set range: 2-401
Correlation coefficient (Pearson's r) = 0.213886
################################################
Training set range: 3-402
Correlation coefficient (Pearson's r) = 0.708349
################################################
Training set range: 4-403
Correlation coefficient (Pearson's r) = 0.438944
################################################
Training set range: 5-404
Correlation coefficient (Pearson's r) = 0.360122
################################################
Training set range: 6-405
Correlation coefficient (Pearson's r) = 0.389125
################################################
Training set range: 7-406
Correlation coefficient (Pearson's r) = 0.417100
################################################
Training set range: 8-407
Correlation coefficient (Pearson's r) = 0.250604
################################################
Training set range: 9-408
Correlation coefficient (Pearson's r) = 0.189670
################################################
Training set range: 10-409
Correlation coefficient (Pearson's r) = 0.384314
################################################
Training set range: 11-410
Correlation coefficient (Pearson's r) = 0.433750
################################################
Training set range: 12-411
Correlation coefficient (Pearson's r) = 0.254221
################################################
Training set range: 13-412
Correlation coefficient (Pearson's r) = 0.553603
################################################
Training set range: 14-413
Correlation coefficient (Pearson's r) = 0.582136
################################################
Training set range: 15-414
Correlation coefficient (Pearson's r) = 0.528310
################################################
Training set range: 16-415
Correlation coefficient (Pearson's r) = 0.571174
################################################
Training set range: 17-416
Correlation coefficient (Pearson's r) = 0.451191
################################################
Training set range: 18-417
Correlation coefficient (Pearson's r) = 0.542751
################################################
Training set range: 19-418
Correlation coefficient (Pearson's r) = 0.547315
################################################
Training set range: 20-419
Correlation coefficient (Pearson's r) = 0.541685
################################################
Training set range: 21-420
Correlation coefficient (Pearson's r) = 0.636898
################################################
Training set range: 22-421
Correlation coefficient (Pearson's r) = 0.583276
################################################
Training set range: 23-422
Correlation coefficient (Pearson's r) = 0.642577
################################################
Training set range: 24-423
Correlation coefficient (Pearson's r) = 0.576398
################################################
Training set range: 25-424
Correlation coefficient (Pearson's r) = 0.586621
################################################
Training set range: 26-425
Correlation coefficient (Pearson's r) = 0.551670
################################################
Training set range: 27-426
Correlation coefficient (Pearson's r) = 0.533984
################################################
Training set range: 28-427
Correlation coefficient (Pearson's r) = 0.564065
################################################
Training set range: 29-428
Correlation coefficient (Pearson's r) = 0.592758
################################################
Training set range: 30-429
Correlation coefficient (Pearson's r) = 0.499673
################################################
Training set range: 31-430
Correlation coefficient (Pearson's r) = 0.484004
################################################
Training set range: 32-431
Correlation coefficient (Pearson's r) = 0.457284
################################################
Training set range: 33-432
Correlation coefficient (Pearson's r) = 0.512881
################################################
Training set range: 34-433
Correlation coefficient (Pearson's r) = 0.687401
################################################
Training set range: 35-434
Correlation coefficient (Pearson's r) = 0.627464
################################################
Training set range: 36-435
Correlation coefficient (Pearson's r) = 0.543977
################################################
Training set range: 37-436
Correlation coefficient (Pearson's r) = 0.527181
################################################
Training set range: 38-437
Correlation coefficient (Pearson's r) = 0.444036
################################################
Training set range: 39-438
Correlation coefficient (Pearson's r) = 0.450095
################################################
Training set range: 40-439
Correlation coefficient (Pearson's r) = 0.505362
################################################
Training set range: 41-440
Correlation coefficient (Pearson's r) = 0.537317
################################################
Training set range: 42-441
Correlation coefficient (Pearson's r) = 0.355065
################################################
Training set range: 43-442
Correlation coefficient (Pearson's r) = 0.472332
################################################
Training set range: 44-443
Correlation coefficient (Pearson's r) = 0.400034
################################################
Training set range: 45-444
Correlation coefficient (Pearson's r) = 0.389644
################################################
Training set range: 46-445
Correlation coefficient (Pearson's r) = 0.453878
################################################
Training set range: 47-446
Correlation coefficient (Pearson's r) = 0.419341
################################################
Training set range: 48-447
Correlation coefficient (Pearson's r) = 0.534500
################################################
Training set range: 49-448
Correlation coefficient (Pearson's r) = 0.460452
################################################
Training set range: 50-449
Correlation coefficient (Pearson's r) = 0.439152
################################################
Training set range: 51-450
Correlation coefficient (Pearson's r) = 0.498872
################################################
Training set range: 52-451
Correlation coefficient (Pearson's r) = 0.330457
################################################
Training set range: 53-452
Correlation coefficient (Pearson's r) = 0.396314
################################################
Training set range: 54-453
Correlation coefficient (Pearson's r) = 0.361129
################################################
Training set range: 55-454
Correlation coefficient (Pearson's r) = 0.464584
################################################
Training set range: 56-455
Correlation coefficient (Pearson's r) = 0.503424
################################################
Training set range: 57-456
Correlation coefficient (Pearson's r) = 0.409259
################################################
Training set range: 58-457
Correlation coefficient (Pearson's r) = 0.557704
################################################
Training set range: 59-458
Correlation coefficient (Pearson's r) = 0.365772
################################################
Training set range: 60-459
Correlation coefficient (Pearson's r) = 0.350919
################################################
Training set range: 61-460
Correlation coefficient (Pearson's r) = 0.417592
################################################
Training set range: 62-461
Correlation coefficient (Pearson's r) = 0.366664
################################################
Training set range: 63-462
Correlation coefficient (Pearson's r) = 0.422816
################################################
Training set range: 64-463
Correlation coefficient (Pearson's r) = 0.389848
################################################
Training set range: 65-464
Correlation coefficient (Pearson's r) = 0.423433
################################################
Training set range: 66-465
Correlation coefficient (Pearson's r) = 0.329413
################################################
Training set range: 67-466
Correlation coefficient (Pearson's r) = 0.395708
################################################
Training set range: 68-467
Correlation coefficient (Pearson's r) = 0.522387
################################################
Training set range: 69-468
Correlation coefficient (Pearson's r) = 0.356391
################################################
Training set range: 70-469
Correlation coefficient (Pearson's r) = 0.437529
################################################
Training set range: 71-470
Correlation coefficient (Pearson's r) = 0.536234
################################################
Training set range: 72-471
Correlation coefficient (Pearson's r) = 0.380372
################################################
Training set range: 73-472
Correlation coefficient (Pearson's r) = 0.536476
################################################
Training set range: 74-473
Correlation coefficient (Pearson's r) = 0.409125
################################################
Training set range: 75-474
Correlation coefficient (Pearson's r) = 0.326169
################################################
Training set range: 76-475
Correlation coefficient (Pearson's r) = 0.415254
################################################
Training set range: 77-476
Correlation coefficient (Pearson's r) = 0.358755
################################################
Training set range: 78-477
Correlation coefficient (Pearson's r) = 0.418314
################################################
Training set range: 79-478
Correlation coefficient (Pearson's r) = 0.394855
################################################
Training set range: 80-479
Correlation coefficient (Pearson's r) = 0.496784
################################################
Training set range: 81-480
Correlation coefficient (Pearson's r) = 0.490698
################################################
Training set range: 82-481
Correlation coefficient (Pearson's r) = 0.280196
################################################
Training set range: 83-1
Correlation coefficient (Pearson's r) = 0.260138
################################################
Training set range: 84-2
Correlation coefficient (Pearson's r) = 0.314245
################################################
Training set range: 85-3
Correlation coefficient (Pearson's r) = 0.338125
################################################
Training set range: 86-4
Correlation coefficient (Pearson's r) = 0.359069
################################################
Training set range: 87-5
Correlation coefficient (Pearson's r) = 0.342041
################################################
Training set range: 88-6
Correlation coefficient (Pearson's r) = 0.293308
################################################
Training set range: 89-7
Correlation coefficient (Pearson's r) = 0.286329
################################################
Training set range: 90-8
Correlation coefficient (Pearson's r) = 0.263017
################################################
Training set range: 91-9
Correlation coefficient (Pearson's r) = 0.356922
################################################
Training set range: 92-10
Correlation coefficient (Pearson's r) = 0.291958
################################################
Training set range: 93-11
Correlation coefficient (Pearson's r) = 0.262381
################################################
Training set range: 94-12
Correlation coefficient (Pearson's r) = 0.399373
################################################
Training set range: 95-13
Correlation coefficient (Pearson's r) = 0.316545
################################################
Training set range: 96-14
Correlation coefficient (Pearson's r) = 0.407626
################################################
Training set range: 97-15
Correlation coefficient (Pearson's r) = 0.336195
################################################
Training set range: 98-16
Correlation coefficient (Pearson's r) = 0.355876
################################################
Training set range: 99-17
Correlation coefficient (Pearson's r) = 0.503067
################################################
Training set range: 100-18
Correlation coefficient (Pearson's r) = 0.458720
################################################
Training set range: 101-19
Correlation coefficient (Pearson's r) = 0.490842
################################################
Training set range: 102-20
Correlation coefficient (Pearson's r) = 0.476623
################################################
Training set range: 103-21
Correlation coefficient (Pearson's r) = 0.403690
################################################
Training set range: 104-22
Correlation coefficient (Pearson's r) = 0.342027
################################################
Training set range: 105-23
Correlation coefficient (Pearson's r) = 0.464958
################################################
Training set range: 106-24
Correlation coefficient (Pearson's r) = 0.487883
################################################
Training set range: 107-25
Correlation coefficient (Pearson's r) = 0.410713
################################################
Training set range: 108-26
Correlation coefficient (Pearson's r) = 0.365009
################################################
Training set range: 109-27
Correlation coefficient (Pearson's r) = 0.537808
################################################
Training set range: 110-28
Correlation coefficient (Pearson's r) = 0.523226
################################################
Training set range: 111-29
Correlation coefficient (Pearson's r) = 0.470565
################################################
Training set range: 112-30
Correlation coefficient (Pearson's r) = 0.373172
################################################
Training set range: 113-31
Correlation coefficient (Pearson's r) = 0.439255
################################################
Training set range: 114-32
Correlation coefficient (Pearson's r) = 0.528346
################################################
Training set range: 115-33
Correlation coefficient (Pearson's r) = 0.602363
################################################
Training set range: 116-34
Correlation coefficient (Pearson's r) = 0.542133
################################################
Training set range: 117-35
Correlation coefficient (Pearson's r) = 0.645930
################################################
Training set range: 118-36
Correlation coefficient (Pearson's r) = 0.591862
################################################
Training set range: 119-37
Correlation coefficient (Pearson's r) = 0.667239
################################################
Training set range: 120-38
Correlation coefficient (Pearson's r) = 0.523311
################################################
Training set range: 121-39
Correlation coefficient (Pearson's r) = 0.575289
################################################
Training set range: 122-40
Correlation coefficient (Pearson's r) = 0.628085
################################################
Training set range: 123-41
Correlation coefficient (Pearson's r) = 0.428456
################################################
Training set range: 124-42
Correlation coefficient (Pearson's r) = 0.478694
################################################
Training set range: 125-43
Correlation coefficient (Pearson's r) = 0.483413
################################################
Training set range: 126-44
Correlation coefficient (Pearson's r) = 0.348935
################################################
Training set range: 127-45
Correlation coefficient (Pearson's r) = 0.455914
################################################
Training set range: 128-46
Correlation coefficient (Pearson's r) = 0.412154
################################################
Training set range: 129-47
Correlation coefficient (Pearson's r) = 0.386558
################################################
Training set range: 130-48
Correlation coefficient (Pearson's r) = 0.419799
################################################
Training set range: 131-49
Correlation coefficient (Pearson's r) = 0.483907
################################################
Training set range: 132-50
Correlation coefficient (Pearson's r) = 0.386428
################################################
Training set range: 133-51
Correlation coefficient (Pearson's r) = 0.220400
################################################
Training set range: 134-52
Correlation coefficient (Pearson's r) = 0.166135
################################################
Training set range: 135-53
Correlation coefficient (Pearson's r) = 0.089283
################################################
Training set range: 136-54
Correlation coefficient (Pearson's r) = 0.200261
################################################
Training set range: 137-55
Correlation coefficient (Pearson's r) = 0.081273
################################################
Training set range: 138-56
Correlation coefficient (Pearson's r) = 0.195962
################################################
Training set range: 139-57
Correlation coefficient (Pearson's r) = 0.089399
################################################
Training set range: 140-58
Correlation coefficient (Pearson's r) = 0.365949
################################################
Training set range: 141-59
Correlation coefficient (Pearson's r) = 0.365506
################################################
Training set range: 142-60
Correlation coefficient (Pearson's r) = 0.248346
################################################
Training set range: 143-61
Correlation coefficient (Pearson's r) = 0.216659
################################################
Training set range: 144-62
Correlation coefficient (Pearson's r) = 0.259617
################################################
Training set range: 145-63
Correlation coefficient (Pearson's r) = 0.126561
################################################
Training set range: 146-64
Correlation coefficient (Pearson's r) = 0.116740
################################################
Training set range: 147-65
Correlation coefficient (Pearson's r) = 0.240379
################################################
Training set range: 148-66
Correlation coefficient (Pearson's r) = 0.126225
################################################
Training set range: 149-67
Correlation coefficient (Pearson's r) = 0.217323
################################################
Training set range: 150-68
Correlation coefficient (Pearson's r) = 0.227680
################################################
Training set range: 151-69
Correlation coefficient (Pearson's r) = 0.333368
################################################
Training set range: 152-70
Correlation coefficient (Pearson's r) = 0.218975
################################################
Training set range: 153-71
Correlation coefficient (Pearson's r) = 0.056348
################################################
Training set range: 154-72
Correlation coefficient (Pearson's r) = 0.030806
################################################
Training set range: 155-73
Correlation coefficient (Pearson's r) = 0.215572
################################################
Training set range: 156-74
Correlation coefficient (Pearson's r) = 0.274150
################################################
Training set range: 157-75
Correlation coefficient (Pearson's r) = 0.317741
################################################
Training set range: 158-76
Correlation coefficient (Pearson's r) = 0.115104
################################################
Training set range: 159-77
Correlation coefficient (Pearson's r) = 0.343678
################################################
Training set range: 160-78
Correlation coefficient (Pearson's r) = 0.307728
################################################
Training set range: 161-79
Correlation coefficient (Pearson's r) = 0.180318
################################################
Training set range: 162-80
Correlation coefficient (Pearson's r) = 0.210877
################################################
Training set range: 163-81
Correlation coefficient (Pearson's r) = 0.221806
################################################
Training set range: 164-82
Correlation coefficient (Pearson's r) = 0.010692
################################################
Training set range: 165-83
Correlation coefficient (Pearson's r) = 0.018091
################################################
Training set range: 166-84
Correlation coefficient (Pearson's r) = 0.036235
################################################
Training set range: 167-85
Correlation coefficient (Pearson's r) = 0.203615
################################################
Training set range: 168-86
Correlation coefficient (Pearson's r) = 0.149307
################################################
Training set range: 169-87
Correlation coefficient (Pearson's r) = 0.185021
################################################
Training set range: 170-88
Correlation coefficient (Pearson's r) = 0.230097
################################################
Training set range: 171-89
Correlation coefficient (Pearson's r) = 0.178049
################################################
Training set range: 172-90
Correlation coefficient (Pearson's r) = 0.293382
################################################
Training set range: 173-91
Correlation coefficient (Pearson's r) = 0.260999
################################################
Training set range: 174-92
Correlation coefficient (Pearson's r) = 0.219377
################################################
Training set range: 175-93
Correlation coefficient (Pearson's r) = 0.188624
################################################
Training set range: 176-94
Correlation coefficient (Pearson's r) = 0.325773
################################################
Training set range: 177-95
Correlation coefficient (Pearson's r) = 0.263780
################################################
Training set range: 178-96
Correlation coefficient (Pearson's r) = 0.345066
################################################
Training set range: 179-97
Correlation coefficient (Pearson's r) = 0.330487
################################################
Training set range: 180-98
Correlation coefficient (Pearson's r) = 0.238639
################################################
Training set range: 181-99
Correlation coefficient (Pearson's r) = 0.305380
################################################
Training set range: 182-100
Correlation coefficient (Pearson's r) = 0.236442
################################################
Training set range: 183-101
Correlation coefficient (Pearson's r) = 0.372838
################################################
Training set range: 184-102
Correlation coefficient (Pearson's r) = 0.258945
################################################
Training set range: 185-103
Correlation coefficient (Pearson's r) = 0.244621
################################################
Training set range: 186-104
Correlation coefficient (Pearson's r) = 0.330772
################################################
Training set range: 187-105
Correlation coefficient (Pearson's r) = 0.407900
################################################
Training set range: 188-106
Correlation coefficient (Pearson's r) = 0.263229
################################################
Training set range: 189-107
Correlation coefficient (Pearson's r) = 0.258732
################################################
Training set range: 190-108
Correlation coefficient (Pearson's r) = 0.212827
################################################
Training set range: 191-109
Correlation coefficient (Pearson's r) = 0.256060
################################################
Training set range: 192-110
Correlation coefficient (Pearson's r) = 0.378392
################################################
Training set range: 193-111
Correlation coefficient (Pearson's r) = 0.261363
################################################
Training set range: 194-112
Correlation coefficient (Pearson's r) = 0.402801
################################################
Training set range: 195-113
Correlation coefficient (Pearson's r) = 0.345159
################################################
Training set range: 196-114
Correlation coefficient (Pearson's r) = 0.254784
################################################
Training set range: 197-115
Correlation coefficient (Pearson's r) = 0.312098
################################################
Training set range: 198-116
Correlation coefficient (Pearson's r) = 0.397921
################################################
Training set range: 199-117
Correlation coefficient (Pearson's r) = 0.267939
################################################
Training set range: 200-118
Correlation coefficient (Pearson's r) = 0.264698
################################################
Training set range: 201-119
Correlation coefficient (Pearson's r) = 0.392677
################################################
Training set range: 202-120
Correlation coefficient (Pearson's r) = 0.203907
################################################
Training set range: 203-121
Correlation coefficient (Pearson's r) = 0.343213
################################################
Training set range: 204-122
Correlation coefficient (Pearson's r) = 0.297965
################################################
Training set range: 205-123
Correlation coefficient (Pearson's r) = 0.428865
################################################
Training set range: 206-124
Correlation coefficient (Pearson's r) = 0.380361
################################################
Training set range: 207-125
Correlation coefficient (Pearson's r) = 0.507375
################################################
Training set range: 208-126
Correlation coefficient (Pearson's r) = 0.246612
################################################
Training set range: 209-127
Correlation coefficient (Pearson's r) = 0.195140
################################################
Training set range: 210-128
Correlation coefficient (Pearson's r) = 0.395211
################################################
Training set range: 211-129
Correlation coefficient (Pearson's r) = 0.292239
################################################
Training set range: 212-130
Correlation coefficient (Pearson's r) = 0.310235
################################################
Training set range: 213-131
Correlation coefficient (Pearson's r) = 0.462007
################################################
Training set range: 214-132
Correlation coefficient (Pearson's r) = 0.346382
################################################
Training set range: 215-133
Correlation coefficient (Pearson's r) = 0.235522
################################################
Training set range: 216-134
Correlation coefficient (Pearson's r) = 0.189341
################################################
Training set range: 217-135
Correlation coefficient (Pearson's r) = 0.456761
################################################
Training set range: 218-136
Correlation coefficient (Pearson's r) = 0.601823
################################################
Training set range: 219-137
Correlation coefficient (Pearson's r) = 0.252185
################################################
Training set range: 220-138
Correlation coefficient (Pearson's r) = 0.485835
################################################
Training set range: 221-139
Correlation coefficient (Pearson's r) = 0.285077
################################################
Training set range: 222-140
Correlation coefficient (Pearson's r) = 0.090218
################################################
Training set range: 223-141
Correlation coefficient (Pearson's r) = 0.071043
################################################
Training set range: 224-142
Correlation coefficient (Pearson's r) = 0.384483
################################################
Training set range: 225-143
Correlation coefficient (Pearson's r) = 0.322957
################################################
Training set range: 226-144
Correlation coefficient (Pearson's r) = 0.349512
################################################
Training set range: 227-145
Correlation coefficient (Pearson's r) = 0.353086
################################################
Training set range: 228-146
Correlation coefficient (Pearson's r) = 0.409389
################################################
Training set range: 229-147
Correlation coefficient (Pearson's r) = 0.484895
################################################
Training set range: 230-148
Correlation coefficient (Pearson's r) = 0.498347
################################################
Training set range: 231-149
Correlation coefficient (Pearson's r) = 0.600758
################################################
Training set range: 232-150
Correlation coefficient (Pearson's r) = 0.405017
################################################
Training set range: 233-151
Correlation coefficient (Pearson's r) = 0.292102
################################################
Training set range: 234-152
Correlation coefficient (Pearson's r) = 0.255609
################################################
Training set range: 235-153
Correlation coefficient (Pearson's r) = 0.181872
################################################
Training set range: 236-154
Correlation coefficient (Pearson's r) = 0.114468
################################################
Training set range: 237-155
Correlation coefficient (Pearson's r) = 0.295509
################################################
Training set range: 238-156
Correlation coefficient (Pearson's r) = 0.226461
################################################
Training set range: 239-157
Correlation coefficient (Pearson's r) = 0.218513
################################################
Training set range: 240-158
Correlation coefficient (Pearson's r) = 0.167939
################################################
Training set range: 241-159
Correlation coefficient (Pearson's r) = 0.291549
################################################
Training set range: 242-160
Correlation coefficient (Pearson's r) = 0.296805
################################################
Training set range: 243-161
Correlation coefficient (Pearson's r) = 0.276776
################################################
Training set range: 244-162
Correlation coefficient (Pearson's r) = 0.179932
################################################
Training set range: 245-163
Correlation coefficient (Pearson's r) = 0.205201
################################################
Training set range: 246-164
Correlation coefficient (Pearson's r) = 0.336193
################################################
Training set range: 247-165
Correlation coefficient (Pearson's r) = 0.345218
################################################
Training set range: 248-166
Correlation coefficient (Pearson's r) = 0.347473
################################################
Training set range: 249-167
Correlation coefficient (Pearson's r) = 0.361900
################################################
Training set range: 250-168
Correlation coefficient (Pearson's r) = 0.362260
################################################
Training set range: 251-169
Correlation coefficient (Pearson's r) = 0.392973
################################################
Training set range: 252-170
Correlation coefficient (Pearson's r) = 0.342103
################################################
Training set range: 253-171
Correlation coefficient (Pearson's r) = 0.334610
################################################
Training set range: 254-172
Correlation coefficient (Pearson's r) = 0.412397
################################################
Training set range: 255-173
Correlation coefficient (Pearson's r) = 0.240332
################################################
Training set range: 256-174
Correlation coefficient (Pearson's r) = 0.322695
################################################
Training set range: 257-175
Correlation coefficient (Pearson's r) = 0.116576
################################################
Training set range: 258-176
Correlation coefficient (Pearson's r) = -0.020922
################################################
Training set range: 259-177
Correlation coefficient (Pearson's r) = 0.010312
################################################
Training set range: 260-178
Correlation coefficient (Pearson's r) = 0.300612
################################################
Training set range: 261-179
Correlation coefficient (Pearson's r) = 0.479635
################################################
Training set range: 262-180
Correlation coefficient (Pearson's r) = 0.028724
################################################
Training set range: 263-181
Correlation coefficient (Pearson's r) = 0.053526
################################################
Training set range: 264-182
Correlation coefficient (Pearson's r) = 0.060887
################################################
Training set range: 265-183
Correlation coefficient (Pearson's r) = 0.057146
################################################
Training set range: 266-184
Correlation coefficient (Pearson's r) = 0.096271
################################################
Training set range: 267-185
Correlation coefficient (Pearson's r) = 0.198736
################################################
Training set range: 268-186
Correlation coefficient (Pearson's r) = 0.073040
################################################
Training set range: 269-187
Correlation coefficient (Pearson's r) = 0.126632
################################################
Training set range: 270-188
Correlation coefficient (Pearson's r) = 0.237451
################################################
Training set range: 271-189
Correlation coefficient (Pearson's r) = 0.222982
################################################
Training set range: 272-190
Correlation coefficient (Pearson's r) = 0.331783
################################################
Training set range: 273-191
Correlation coefficient (Pearson's r) = 0.168851
################################################
Training set range: 274-192
Correlation coefficient (Pearson's r) = 0.190389
################################################
Training set range: 275-193
Correlation coefficient (Pearson's r) = 0.244652
################################################
Training set range: 276-194
Correlation coefficient (Pearson's r) = 0.354693
################################################
Training set range: 277-195
Correlation coefficient (Pearson's r) = 0.339130
################################################
Training set range: 278-196
Correlation coefficient (Pearson's r) = 0.401564
################################################
Training set range: 279-197
Correlation coefficient (Pearson's r) = 0.314240
################################################
Training set range: 280-198
Correlation coefficient (Pearson's r) = 0.397243
################################################
Training set range: 281-199
Correlation coefficient (Pearson's r) = 0.281844
################################################
Training set range: 282-200
Correlation coefficient (Pearson's r) = 0.259755
################################################
Training set range: 283-201
Correlation coefficient (Pearson's r) = 0.196893
################################################
Training set range: 284-202
Correlation coefficient (Pearson's r) = 0.153400
################################################
Training set range: 285-203
Correlation coefficient (Pearson's r) = 0.270475
################################################
Training set range: 286-204
Correlation coefficient (Pearson's r) = 0.269811
################################################
Training set range: 287-205
Correlation coefficient (Pearson's r) = 0.354310
################################################
Training set range: 288-206
Correlation coefficient (Pearson's r) = 0.185343
################################################
Training set range: 289-207
Correlation coefficient (Pearson's r) = 0.550331
################################################
Training set range: 290-208
Correlation coefficient (Pearson's r) = 0.285179
################################################
Training set range: 291-209
Correlation coefficient (Pearson's r) = 0.165338
################################################
Training set range: 292-210
Correlation coefficient (Pearson's r) = 0.161781
################################################
Training set range: 293-211
Correlation coefficient (Pearson's r) = 0.175321
################################################
Training set range: 294-212
Correlation coefficient (Pearson's r) = 0.147987
################################################
Training set range: 295-213
Correlation coefficient (Pearson's r) = -0.021824
################################################
Training set range: 296-214
Correlation coefficient (Pearson's r) = 0.273138
################################################
Training set range: 297-215
Correlation coefficient (Pearson's r) = 0.299698
################################################
Training set range: 298-216
Correlation coefficient (Pearson's r) = 0.402999
################################################
Training set range: 299-217
Correlation coefficient (Pearson's r) = -0.130050
################################################
Training set range: 300-218
Correlation coefficient (Pearson's r) = -0.050965
################################################
Training set range: 301-219
Correlation coefficient (Pearson's r) = 0.431103
################################################
Training set range: 302-220
Correlation coefficient (Pearson's r) = 0.231422
################################################
Training set range: 303-221
Correlation coefficient (Pearson's r) = 0.319051
################################################
Training set range: 304-222
Correlation coefficient (Pearson's r) = 0.185625
################################################
Training set range: 305-223
Correlation coefficient (Pearson's r) = 0.118261
################################################
Training set range: 306-224
Correlation coefficient (Pearson's r) = 0.125876
################################################
Training set range: 307-225
Correlation coefficient (Pearson's r) = 0.021272
################################################
Training set range: 308-226
Correlation coefficient (Pearson's r) = 0.024146
################################################
Training set range: 309-227
Correlation coefficient (Pearson's r) = 0.061258
################################################
Training set range: 310-228
Correlation coefficient (Pearson's r) = 0.043938
################################################
Training set range: 311-229
Correlation coefficient (Pearson's r) = 0.296908
################################################
Training set range: 312-230
Correlation coefficient (Pearson's r) = 0.249559
################################################
Training set range: 313-231
Correlation coefficient (Pearson's r) = 0.131510
################################################
Training set range: 314-232
Correlation coefficient (Pearson's r) = 0.209154
################################################
Training set range: 315-233
Correlation coefficient (Pearson's r) = 0.330119
################################################
Training set range: 316-234
Correlation coefficient (Pearson's r) = 0.207012
################################################
Training set range: 317-235
Correlation coefficient (Pearson's r) = 0.299193
################################################
Training set range: 318-236
Correlation coefficient (Pearson's r) = 0.331241
################################################
Training set range: 319-237
Correlation coefficient (Pearson's r) = 0.328101
################################################
Training set range: 320-238
Correlation coefficient (Pearson's r) = 0.520030
################################################
Training set range: 321-239
Correlation coefficient (Pearson's r) = 0.336583
################################################
Training set range: 322-240
Correlation coefficient (Pearson's r) = 0.273977
################################################
Training set range: 323-241
Correlation coefficient (Pearson's r) = 0.315955
################################################
Training set range: 324-242
Correlation coefficient (Pearson's r) = 0.392810
################################################
Training set range: 325-243
Correlation coefficient (Pearson's r) = 0.404812
################################################
Training set range: 326-244
Correlation coefficient (Pearson's r) = 0.346452
################################################
Training set range: 327-245
Correlation coefficient (Pearson's r) = 0.455750
################################################
Training set range: 328-246
Correlation coefficient (Pearson's r) = 0.353375
################################################
Training set range: 329-247
Correlation coefficient (Pearson's r) = 0.219526
################################################
Training set range: 330-248
Correlation coefficient (Pearson's r) = 0.313151
################################################
Training set range: 331-249
Correlation coefficient (Pearson's r) = 0.485579
################################################
Training set range: 332-250
Correlation coefficient (Pearson's r) = 0.502437
################################################
Training set range: 333-251
Correlation coefficient (Pearson's r) = 0.623399
################################################
Training set range: 334-252
Correlation coefficient (Pearson's r) = 0.603401
################################################
Training set range: 335-253
Correlation coefficient (Pearson's r) = 0.353559
################################################
Training set range: 336-254
Correlation coefficient (Pearson's r) = 0.338287
################################################
Training set range: 337-255
Correlation coefficient (Pearson's r) = 0.467627
################################################
Training set range: 338-256
Correlation coefficient (Pearson's r) = 0.503606
################################################
Training set range: 339-257
Correlation coefficient (Pearson's r) = 0.498254
################################################
Training set range: 340-258
Correlation coefficient (Pearson's r) = 0.527448
################################################
Training set range: 341-259
Correlation coefficient (Pearson's r) = 0.468004
################################################
Training set range: 342-260
Correlation coefficient (Pearson's r) = 0.333714
################################################
Training set range: 343-261
Correlation coefficient (Pearson's r) = 0.457671
################################################
Training set range: 344-262
Correlation coefficient (Pearson's r) = 0.392878
################################################
Training set range: 345-263
Correlation coefficient (Pearson's r) = 0.393877
################################################
Training set range: 346-264
Correlation coefficient (Pearson's r) = 0.471347
################################################
Training set range: 347-265
Correlation coefficient (Pearson's r) = 0.390323
################################################
Training set range: 348-266
Correlation coefficient (Pearson's r) = 0.380303
################################################
Training set range: 349-267
Correlation coefficient (Pearson's r) = 0.423522
################################################
Training set range: 350-268
Correlation coefficient (Pearson's r) = 0.384602
################################################
Training set range: 351-269
Correlation coefficient (Pearson's r) = 0.287890
################################################
Training set range: 352-270
Correlation coefficient (Pearson's r) = 0.338506
################################################
Training set range: 353-271
Correlation coefficient (Pearson's r) = 0.434721
################################################
Training set range: 354-272
Correlation coefficient (Pearson's r) = 0.343648
################################################
Training set range: 355-273
Correlation coefficient (Pearson's r) = 0.402198
################################################
Training set range: 356-274
Correlation coefficient (Pearson's r) = 0.487631
################################################
Training set range: 357-275
Correlation coefficient (Pearson's r) = 0.509332
################################################
Training set range: 358-276
Correlation coefficient (Pearson's r) = 0.522101
################################################
Training set range: 359-277
Correlation coefficient (Pearson's r) = 0.287727
################################################
Training set range: 360-278
Correlation coefficient (Pearson's r) = 0.610908
################################################
Training set range: 361-279
Correlation coefficient (Pearson's r) = 0.470715
################################################
Training set range: 362-280
Correlation coefficient (Pearson's r) = 0.409508
################################################
Training set range: 363-281
Correlation coefficient (Pearson's r) = 0.338915
################################################
Training set range: 364-282
Correlation coefficient (Pearson's r) = 0.315079
################################################
Training set range: 365-283
Correlation coefficient (Pearson's r) = 0.124507
################################################
Training set range: 366-284
Correlation coefficient (Pearson's r) = 0.355520
################################################
Training set range: 367-285
Correlation coefficient (Pearson's r) = 0.442712
################################################
Training set range: 368-286
Correlation coefficient (Pearson's r) = 0.323942
################################################
Training set range: 369-287
Correlation coefficient (Pearson's r) = 0.223363
################################################
Training set range: 370-288
Correlation coefficient (Pearson's r) = 0.148853
################################################
Training set range: 371-289
Correlation coefficient (Pearson's r) = 0.371661
################################################
Training set range: 372-290
Correlation coefficient (Pearson's r) = 0.232233
################################################
Training set range: 373-291
Correlation coefficient (Pearson's r) = 0.398384
################################################
Training set range: 374-292
Correlation coefficient (Pearson's r) = 0.420139
################################################
Training set range: 375-293
Correlation coefficient (Pearson's r) = 0.563358
################################################
Training set range: 376-294
Correlation coefficient (Pearson's r) = 0.473352
################################################
Training set range: 377-295
Correlation coefficient (Pearson's r) = 0.439560
################################################
Training set range: 378-296
Correlation coefficient (Pearson's r) = 0.237711
################################################
Training set range: 379-297
Correlation coefficient (Pearson's r) = 0.206376
################################################
Training set range: 380-298
Correlation coefficient (Pearson's r) = -0.150391
################################################
Training set range: 381-299
Correlation coefficient (Pearson's r) = 0.053139
################################################
Training set range: 382-300
Correlation coefficient (Pearson's r) = 0.288441
################################################
Training set range: 383-301
Correlation coefficient (Pearson's r) = 0.361612
################################################
Training set range: 384-302
Correlation coefficient (Pearson's r) = 0.503620
################################################
Training set range: 385-303
Correlation coefficient (Pearson's r) = 0.231095
################################################
Training set range: 386-304
Correlation coefficient (Pearson's r) = 0.425353
################################################
Training set range: 387-305
Correlation coefficient (Pearson's r) = 0.363512
################################################
Training set range: 388-306
Correlation coefficient (Pearson's r) = 0.261596
################################################
Training set range: 389-307
Correlation coefficient (Pearson's r) = 0.272193
################################################
Training set range: 390-308
Correlation coefficient (Pearson's r) = 0.449947
################################################
Training set range: 391-309
Correlation coefficient (Pearson's r) = 0.401874
################################################
Training set range: 392-310
Correlation coefficient (Pearson's r) = 0.265314
################################################
Training set range: 393-311
Correlation coefficient (Pearson's r) = 0.211629
################################################
Training set range: 394-312
Correlation coefficient (Pearson's r) = 0.466038
################################################
Training set range: 395-313
Correlation coefficient (Pearson's r) = 0.101902
################################################
Training set range: 396-314
Correlation coefficient (Pearson's r) = 0.264553
################################################
Training set range: 397-315
Correlation coefficient (Pearson's r) = 0.100758
################################################
Training set range: 398-316
Correlation coefficient (Pearson's r) = 0.228937
################################################
Training set range: 399-317
Correlation coefficient (Pearson's r) = 0.208637
################################################
