Training set range: 1-400
Correlation coefficient (Pearson's r) = 0.506561
################################################
Training set range: 2-401
Correlation coefficient (Pearson's r) = 0.583864
################################################
Training set range: 3-402
Correlation coefficient (Pearson's r) = 0.534137
################################################
Training set range: 4-403
Correlation coefficient (Pearson's r) = 0.563823
################################################
Training set range: 5-404
Correlation coefficient (Pearson's r) = 0.524331
################################################
Training set range: 6-405
Correlation coefficient (Pearson's r) = 0.557298
################################################
Training set range: 7-406
Correlation coefficient (Pearson's r) = 0.612242
################################################
Training set range: 8-407
Correlation coefficient (Pearson's r) = 0.626775
################################################
Training set range: 9-408
Correlation coefficient (Pearson's r) = 0.573067
################################################
Training set range: 10-409
Correlation coefficient (Pearson's r) = 0.620918
################################################
Training set range: 11-410
Correlation coefficient (Pearson's r) = 0.531323
################################################
Training set range: 12-411
Correlation coefficient (Pearson's r) = 0.621626
################################################
Training set range: 13-412
Correlation coefficient (Pearson's r) = 0.580892
################################################
Training set range: 14-413
Correlation coefficient (Pearson's r) = 0.553536
################################################
Training set range: 15-414
Correlation coefficient (Pearson's r) = 0.505596
################################################
Training set range: 16-415
Correlation coefficient (Pearson's r) = 0.587607
################################################
Training set range: 17-416
Correlation coefficient (Pearson's r) = 0.515505
################################################
Training set range: 18-417
Correlation coefficient (Pearson's r) = 0.552888
################################################
Training set range: 19-418
Correlation coefficient (Pearson's r) = 0.659706
################################################
Training set range: 20-419
Correlation coefficient (Pearson's r) = 0.570858
################################################
Training set range: 21-420
Correlation coefficient (Pearson's r) = 0.562805
################################################
Training set range: 22-421
Correlation coefficient (Pearson's r) = 0.566554
################################################
Training set range: 23-422
Correlation coefficient (Pearson's r) = 0.573608
################################################
Training set range: 24-423
Correlation coefficient (Pearson's r) = 0.502510
################################################
Training set range: 25-424
Correlation coefficient (Pearson's r) = 0.414926
################################################
Training set range: 26-425
Correlation coefficient (Pearson's r) = 0.523892
################################################
Training set range: 27-426
Correlation coefficient (Pearson's r) = 0.526861
################################################
Training set range: 28-427
Correlation coefficient (Pearson's r) = 0.490038
################################################
Training set range: 29-428
Correlation coefficient (Pearson's r) = 0.485984
################################################
Training set range: 30-429
Correlation coefficient (Pearson's r) = 0.371463
################################################
Training set range: 31-430
Correlation coefficient (Pearson's r) = 0.424347
################################################
Training set range: 32-431
Correlation coefficient (Pearson's r) = 0.430044
################################################
Training set range: 33-432
Correlation coefficient (Pearson's r) = 0.437499
################################################
Training set range: 34-433
Correlation coefficient (Pearson's r) = 0.441193
################################################
Training set range: 35-434
Correlation coefficient (Pearson's r) = 0.474701
################################################
Training set range: 36-435
Correlation coefficient (Pearson's r) = 0.466959
################################################
Training set range: 37-436
Correlation coefficient (Pearson's r) = 0.425758
################################################
Training set range: 38-437
Correlation coefficient (Pearson's r) = 0.457205
################################################
Training set range: 39-438
Correlation coefficient (Pearson's r) = 0.376656
################################################
Training set range: 40-439
Correlation coefficient (Pearson's r) = 0.423225
################################################
Training set range: 41-440
Correlation coefficient (Pearson's r) = 0.385465
################################################
Training set range: 42-441
Correlation coefficient (Pearson's r) = 0.368427
################################################
Training set range: 43-442
Correlation coefficient (Pearson's r) = 0.213433
################################################
Training set range: 44-443
Correlation coefficient (Pearson's r) = 0.178157
################################################
Training set range: 45-444
Correlation coefficient (Pearson's r) = 0.181251
################################################
Training set range: 46-445
Correlation coefficient (Pearson's r) = 0.182220
################################################
Training set range: 47-446
Correlation coefficient (Pearson's r) = 0.184929
################################################
Training set range: 48-447
Correlation coefficient (Pearson's r) = 0.158121
################################################
Training set range: 49-448
Correlation coefficient (Pearson's r) = 0.205325
################################################
Training set range: 50-449
Correlation coefficient (Pearson's r) = 0.235307
################################################
Training set range: 51-450
Correlation coefficient (Pearson's r) = 0.221445
################################################
Training set range: 52-451
Correlation coefficient (Pearson's r) = 0.287058
################################################
Training set range: 53-452
Correlation coefficient (Pearson's r) = 0.179878
################################################
Training set range: 54-453
Correlation coefficient (Pearson's r) = 0.071103
################################################
Training set range: 55-454
Correlation coefficient (Pearson's r) = 0.114276
################################################
Training set range: 56-455
Correlation coefficient (Pearson's r) = 0.078637
################################################
Training set range: 57-456
Correlation coefficient (Pearson's r) = 0.065575
################################################
Training set range: 58-457
Correlation coefficient (Pearson's r) = 0.068988
################################################
Training set range: 59-458
Correlation coefficient (Pearson's r) = 0.072311
################################################
Training set range: 60-459
Correlation coefficient (Pearson's r) = 0.134506
################################################
Training set range: 61-460
Correlation coefficient (Pearson's r) = 0.060556
################################################
Training set range: 62-461
Correlation coefficient (Pearson's r) = 0.069851
################################################
Training set range: 63-462
Correlation coefficient (Pearson's r) = 0.121065
################################################
Training set range: 64-463
Correlation coefficient (Pearson's r) = 0.192748
################################################
Training set range: 65-464
Correlation coefficient (Pearson's r) = 0.173731
################################################
Training set range: 66-465
Correlation coefficient (Pearson's r) = 0.103217
################################################
Training set range: 67-466
Correlation coefficient (Pearson's r) = 0.111362
################################################
Training set range: 68-467
Correlation coefficient (Pearson's r) = 0.210811
################################################
Training set range: 69-468
Correlation coefficient (Pearson's r) = 0.220871
################################################
Training set range: 70-469
Correlation coefficient (Pearson's r) = 0.249045
################################################
Training set range: 71-470
Correlation coefficient (Pearson's r) = 0.314669
################################################
Training set range: 72-471
Correlation coefficient (Pearson's r) = 0.228959
################################################
Training set range: 73-472
Correlation coefficient (Pearson's r) = 0.199904
################################################
Training set range: 74-473
Correlation coefficient (Pearson's r) = 0.242365
################################################
Training set range: 75-474
Correlation coefficient (Pearson's r) = 0.302018
################################################
Training set range: 76-475
Correlation coefficient (Pearson's r) = 0.238981
################################################
Training set range: 77-476
Correlation coefficient (Pearson's r) = 0.265836
################################################
Training set range: 78-477
Correlation coefficient (Pearson's r) = 0.218387
################################################
Training set range: 79-478
Correlation coefficient (Pearson's r) = 0.274371
################################################
Training set range: 80-479
Correlation coefficient (Pearson's r) = 0.248144
################################################
Training set range: 81-480
Correlation coefficient (Pearson's r) = 0.238430
################################################
Training set range: 82-481
Correlation coefficient (Pearson's r) = 0.277888
################################################
Training set range: 83-1
Correlation coefficient (Pearson's r) = 0.201932
################################################
Training set range: 84-2
Correlation coefficient (Pearson's r) = 0.223234
################################################
Training set range: 85-3
Correlation coefficient (Pearson's r) = 0.244722
################################################
Training set range: 86-4
Correlation coefficient (Pearson's r) = 0.291521
################################################
Training set range: 87-5
Correlation coefficient (Pearson's r) = 0.245757
################################################
Training set range: 88-6
Correlation coefficient (Pearson's r) = 0.168868
################################################
Training set range: 89-7
Correlation coefficient (Pearson's r) = 0.188327
################################################
Training set range: 90-8
Correlation coefficient (Pearson's r) = 0.232388
################################################
Training set range: 91-9
Correlation coefficient (Pearson's r) = 0.157870
################################################
Training set range: 92-10
Correlation coefficient (Pearson's r) = 0.163123
################################################
Training set range: 93-11
Correlation coefficient (Pearson's r) = 0.105292
################################################
Training set range: 94-12
Correlation coefficient (Pearson's r) = 0.145916
################################################
Training set range: 95-13
Correlation coefficient (Pearson's r) = 0.168893
################################################
Training set range: 96-14
Correlation coefficient (Pearson's r) = 0.079536
################################################
Training set range: 97-15
Correlation coefficient (Pearson's r) = 0.080675
################################################
Training set range: 98-16
Correlation coefficient (Pearson's r) = 0.134921
################################################
Training set range: 99-17
Correlation coefficient (Pearson's r) = 0.083723
################################################
Training set range: 100-18
Correlation coefficient (Pearson's r) = 0.047408
################################################
Training set range: 101-19
Correlation coefficient (Pearson's r) = 0.020645
################################################
Training set range: 102-20
Correlation coefficient (Pearson's r) = 0.098814
################################################
Training set range: 103-21
Correlation coefficient (Pearson's r) = 0.089276
################################################
Training set range: 104-22
Correlation coefficient (Pearson's r) = 0.091624
################################################
Training set range: 105-23
Correlation coefficient (Pearson's r) = 0.101857
################################################
Training set range: 106-24
Correlation coefficient (Pearson's r) = 0.072753
################################################
Training set range: 107-25
Correlation coefficient (Pearson's r) = -0.014610
################################################
Training set range: 108-26
Correlation coefficient (Pearson's r) = 0.039454
################################################
Training set range: 109-27
Correlation coefficient (Pearson's r) = -0.021830
################################################
Training set range: 110-28
Correlation coefficient (Pearson's r) = -0.032478
################################################
Training set range: 111-29
Correlation coefficient (Pearson's r) = -0.006089
################################################
Training set range: 112-30
Correlation coefficient (Pearson's r) = 0.037549
################################################
Training set range: 113-31
Correlation coefficient (Pearson's r) = 0.062937
################################################
Training set range: 114-32
Correlation coefficient (Pearson's r) = 0.106474
################################################
Training set range: 115-33
Correlation coefficient (Pearson's r) = 0.308138
################################################
Training set range: 116-34
Correlation coefficient (Pearson's r) = 0.309596
################################################
Training set range: 117-35
Correlation coefficient (Pearson's r) = 0.343971
################################################
Training set range: 118-36
Correlation coefficient (Pearson's r) = 0.292587
################################################
Training set range: 119-37
Correlation coefficient (Pearson's r) = 0.346018
################################################
Training set range: 120-38
Correlation coefficient (Pearson's r) = 0.409742
################################################
Training set range: 121-39
Correlation coefficient (Pearson's r) = 0.364643
################################################
Training set range: 122-40
Correlation coefficient (Pearson's r) = 0.378370
################################################
Training set range: 123-41
Correlation coefficient (Pearson's r) = 0.370294
################################################
Training set range: 124-42
Correlation coefficient (Pearson's r) = 0.299155
################################################
Training set range: 125-43
Correlation coefficient (Pearson's r) = 0.359101
################################################
Training set range: 126-44
Correlation coefficient (Pearson's r) = 0.342050
################################################
Training set range: 127-45
Correlation coefficient (Pearson's r) = 0.420199
################################################
Training set range: 128-46
Correlation coefficient (Pearson's r) = 0.285952
################################################
Training set range: 129-47
Correlation coefficient (Pearson's r) = 0.328926
################################################
Training set range: 130-48
Correlation coefficient (Pearson's r) = 0.385085
################################################
Training set range: 131-49
Correlation coefficient (Pearson's r) = 0.345578
################################################
Training set range: 132-50
Correlation coefficient (Pearson's r) = 0.360211
################################################
Training set range: 133-51
Correlation coefficient (Pearson's r) = 0.247052
################################################
Training set range: 134-52
Correlation coefficient (Pearson's r) = 0.163518
################################################
Training set range: 135-53
Correlation coefficient (Pearson's r) = 0.249731
################################################
Training set range: 136-54
Correlation coefficient (Pearson's r) = 0.218189
################################################
Training set range: 137-55
Correlation coefficient (Pearson's r) = 0.225096
################################################
Training set range: 138-56
Correlation coefficient (Pearson's r) = 0.293216
################################################
Training set range: 139-57
Correlation coefficient (Pearson's r) = 0.279934
################################################
Training set range: 140-58
Correlation coefficient (Pearson's r) = 0.332408
################################################
Training set range: 141-59
Correlation coefficient (Pearson's r) = 0.316930
################################################
Training set range: 142-60
Correlation coefficient (Pearson's r) = 0.206267
################################################
Training set range: 143-61
Correlation coefficient (Pearson's r) = 0.224318
################################################
Training set range: 144-62
Correlation coefficient (Pearson's r) = 0.153176
################################################
Training set range: 145-63
Correlation coefficient (Pearson's r) = 0.150847
################################################
Training set range: 146-64
Correlation coefficient (Pearson's r) = 0.157326
################################################
Training set range: 147-65
Correlation coefficient (Pearson's r) = 0.156144
################################################
Training set range: 148-66
Correlation coefficient (Pearson's r) = 0.112416
################################################
Training set range: 149-67
Correlation coefficient (Pearson's r) = 0.166690
################################################
Training set range: 150-68
Correlation coefficient (Pearson's r) = 0.222221
################################################
Training set range: 151-69
Correlation coefficient (Pearson's r) = 0.248830
################################################
Training set range: 152-70
Correlation coefficient (Pearson's r) = 0.165148
################################################
Training set range: 153-71
Correlation coefficient (Pearson's r) = 0.215686
################################################
Training set range: 154-72
Correlation coefficient (Pearson's r) = 0.354531
################################################
Training set range: 155-73
Correlation coefficient (Pearson's r) = 0.286105
################################################
Training set range: 156-74
Correlation coefficient (Pearson's r) = 0.160165
################################################
Training set range: 157-75
Correlation coefficient (Pearson's r) = 0.257796
################################################
Training set range: 158-76
Correlation coefficient (Pearson's r) = 0.224487
################################################
Training set range: 159-77
Correlation coefficient (Pearson's r) = 0.275571
################################################
Training set range: 160-78
Correlation coefficient (Pearson's r) = 0.298221
################################################
Training set range: 161-79
Correlation coefficient (Pearson's r) = 0.308074
################################################
Training set range: 162-80
Correlation coefficient (Pearson's r) = 0.217583
################################################
Training set range: 163-81
Correlation coefficient (Pearson's r) = 0.175624
################################################
Training set range: 164-82
Correlation coefficient (Pearson's r) = 0.198832
################################################
Training set range: 165-83
Correlation coefficient (Pearson's r) = 0.288186
################################################
Training set range: 166-84
Correlation coefficient (Pearson's r) = 0.204149
################################################
Training set range: 167-85
Correlation coefficient (Pearson's r) = 0.213757
################################################
Training set range: 168-86
Correlation coefficient (Pearson's r) = 0.197236
################################################
Training set range: 169-87
Correlation coefficient (Pearson's r) = 0.275023
################################################
Training set range: 170-88
Correlation coefficient (Pearson's r) = 0.280938
################################################
Training set range: 171-89
Correlation coefficient (Pearson's r) = 0.314129
################################################
Training set range: 172-90
Correlation coefficient (Pearson's r) = 0.297985
################################################
Training set range: 173-91
Correlation coefficient (Pearson's r) = 0.244511
################################################
Training set range: 174-92
Correlation coefficient (Pearson's r) = 0.301026
################################################
Training set range: 175-93
Correlation coefficient (Pearson's r) = 0.251043
################################################
Training set range: 176-94
Correlation coefficient (Pearson's r) = 0.201739
################################################
Training set range: 177-95
Correlation coefficient (Pearson's r) = 0.356474
################################################
Training set range: 178-96
Correlation coefficient (Pearson's r) = 0.145293
################################################
Training set range: 179-97
Correlation coefficient (Pearson's r) = 0.173290
################################################
Training set range: 180-98
Correlation coefficient (Pearson's r) = 0.309335
################################################
Training set range: 181-99
Correlation coefficient (Pearson's r) = 0.302880
################################################
Training set range: 182-100
Correlation coefficient (Pearson's r) = 0.161722
################################################
Training set range: 183-101
Correlation coefficient (Pearson's r) = 0.258712
################################################
Training set range: 184-102
Correlation coefficient (Pearson's r) = 0.318347
################################################
Training set range: 185-103
Correlation coefficient (Pearson's r) = 0.209708
################################################
Training set range: 186-104
Correlation coefficient (Pearson's r) = 0.213313
################################################
Training set range: 187-105
Correlation coefficient (Pearson's r) = 0.190394
################################################
Training set range: 188-106
Correlation coefficient (Pearson's r) = 0.352568
################################################
Training set range: 189-107
Correlation coefficient (Pearson's r) = 0.283025
################################################
Training set range: 190-108
Correlation coefficient (Pearson's r) = 0.269065
################################################
Training set range: 191-109
Correlation coefficient (Pearson's r) = 0.232890
################################################
Training set range: 192-110
Correlation coefficient (Pearson's r) = 0.185040
################################################
Training set range: 193-111
Correlation coefficient (Pearson's r) = 0.169693
################################################
Training set range: 194-112
Correlation coefficient (Pearson's r) = 0.248171
################################################
Training set range: 195-113
Correlation coefficient (Pearson's r) = 0.279701
################################################
Training set range: 196-114
Correlation coefficient (Pearson's r) = 0.303295
################################################
Training set range: 197-115
Correlation coefficient (Pearson's r) = 0.301974
################################################
Training set range: 198-116
Correlation coefficient (Pearson's r) = 0.188188
################################################
Training set range: 199-117
Correlation coefficient (Pearson's r) = 0.209401
################################################
Training set range: 200-118
Correlation coefficient (Pearson's r) = 0.210982
################################################
Training set range: 201-119
Correlation coefficient (Pearson's r) = 0.143504
################################################
Training set range: 202-120
Correlation coefficient (Pearson's r) = 0.171644
################################################
Training set range: 203-121
Correlation coefficient (Pearson's r) = 0.162071
################################################
Training set range: 204-122
Correlation coefficient (Pearson's r) = 0.285319
################################################
Training set range: 205-123
Correlation coefficient (Pearson's r) = 0.251414
################################################
Training set range: 206-124
Correlation coefficient (Pearson's r) = 0.284666
################################################
Training set range: 207-125
Correlation coefficient (Pearson's r) = 0.282039
################################################
Training set range: 208-126
Correlation coefficient (Pearson's r) = 0.368850
################################################
Training set range: 209-127
Correlation coefficient (Pearson's r) = 0.351837
################################################
Training set range: 210-128
Correlation coefficient (Pearson's r) = 0.259906
################################################
Training set range: 211-129
Correlation coefficient (Pearson's r) = 0.271823
################################################
Training set range: 212-130
Correlation coefficient (Pearson's r) = 0.252433
################################################
Training set range: 213-131
Correlation coefficient (Pearson's r) = 0.254452
################################################
Training set range: 214-132
Correlation coefficient (Pearson's r) = 0.243741
################################################
Training set range: 215-133
Correlation coefficient (Pearson's r) = 0.248847
################################################
Training set range: 216-134
Correlation coefficient (Pearson's r) = 0.183942
################################################
Training set range: 217-135
Correlation coefficient (Pearson's r) = 0.325040
################################################
Training set range: 218-136
Correlation coefficient (Pearson's r) = 0.228774
################################################
Training set range: 219-137
Correlation coefficient (Pearson's r) = 0.354760
################################################
Training set range: 220-138
Correlation coefficient (Pearson's r) = 0.402985
################################################
Training set range: 221-139
Correlation coefficient (Pearson's r) = 0.178098
################################################
Training set range: 222-140
Correlation coefficient (Pearson's r) = 0.354330
################################################
Training set range: 223-141
Correlation coefficient (Pearson's r) = 0.260076
################################################
Training set range: 224-142
Correlation coefficient (Pearson's r) = 0.419275
################################################
Training set range: 225-143
Correlation coefficient (Pearson's r) = 0.367493
################################################
Training set range: 226-144
Correlation coefficient (Pearson's r) = 0.322825
################################################
Training set range: 227-145
Correlation coefficient (Pearson's r) = 0.349646
################################################
Training set range: 228-146
Correlation coefficient (Pearson's r) = 0.348549
################################################
Training set range: 229-147
Correlation coefficient (Pearson's r) = 0.453236
################################################
Training set range: 230-148
Correlation coefficient (Pearson's r) = 0.325090
################################################
Training set range: 231-149
Correlation coefficient (Pearson's r) = 0.324797
################################################
Training set range: 232-150
Correlation coefficient (Pearson's r) = 0.328947
################################################
Training set range: 233-151
Correlation coefficient (Pearson's r) = 0.302462
################################################
Training set range: 234-152
Correlation coefficient (Pearson's r) = 0.184545
################################################
Training set range: 235-153
Correlation coefficient (Pearson's r) = 0.183071
################################################
Training set range: 236-154
Correlation coefficient (Pearson's r) = 0.305423
################################################
Training set range: 237-155
Correlation coefficient (Pearson's r) = 0.331527
################################################
Training set range: 238-156
Correlation coefficient (Pearson's r) = 0.128465
################################################
Training set range: 239-157
Correlation coefficient (Pearson's r) = 0.323561
################################################
Training set range: 240-158
Correlation coefficient (Pearson's r) = 0.196586
################################################
Training set range: 241-159
Correlation coefficient (Pearson's r) = 0.233478
################################################
Training set range: 242-160
Correlation coefficient (Pearson's r) = 0.142249
################################################
Training set range: 243-161
Correlation coefficient (Pearson's r) = 0.097771
################################################
Training set range: 244-162
Correlation coefficient (Pearson's r) = 0.381933
################################################
Training set range: 245-163
Correlation coefficient (Pearson's r) = 0.258037
################################################
Training set range: 246-164
Correlation coefficient (Pearson's r) = 0.257185
################################################
Training set range: 247-165
Correlation coefficient (Pearson's r) = 0.382525
################################################
Training set range: 248-166
Correlation coefficient (Pearson's r) = 0.329564
################################################
Training set range: 249-167
Correlation coefficient (Pearson's r) = 0.385452
################################################
Training set range: 250-168
Correlation coefficient (Pearson's r) = 0.292507
################################################
Training set range: 251-169
Correlation coefficient (Pearson's r) = 0.320863
################################################
Training set range: 252-170
Correlation coefficient (Pearson's r) = 0.280702
################################################
Training set range: 253-171
Correlation coefficient (Pearson's r) = 0.361911
################################################
Training set range: 254-172
Correlation coefficient (Pearson's r) = 0.372981
################################################
Training set range: 255-173
Correlation coefficient (Pearson's r) = 0.373673
################################################
Training set range: 256-174
Correlation coefficient (Pearson's r) = 0.364115
################################################
Training set range: 257-175
Correlation coefficient (Pearson's r) = 0.297698
################################################
Training set range: 258-176
Correlation coefficient (Pearson's r) = 0.377138
################################################
Training set range: 259-177
Correlation coefficient (Pearson's r) = 0.316891
################################################
Training set range: 260-178
Correlation coefficient (Pearson's r) = 0.265625
################################################
Training set range: 261-179
Correlation coefficient (Pearson's r) = 0.309810
################################################
Training set range: 262-180
Correlation coefficient (Pearson's r) = 0.297264
################################################
Training set range: 263-181
Correlation coefficient (Pearson's r) = 0.158414
################################################
Training set range: 264-182
Correlation coefficient (Pearson's r) = 0.196085
################################################
Training set range: 265-183
Correlation coefficient (Pearson's r) = 0.193062
################################################
Training set range: 266-184
Correlation coefficient (Pearson's r) = 0.268908
################################################
Training set range: 267-185
Correlation coefficient (Pearson's r) = 0.167933
################################################
Training set range: 268-186
Correlation coefficient (Pearson's r) = 0.221175
################################################
Training set range: 269-187
Correlation coefficient (Pearson's r) = 0.133267
################################################
Training set range: 270-188
Correlation coefficient (Pearson's r) = 0.113415
################################################
Training set range: 271-189
Correlation coefficient (Pearson's r) = 0.301339
################################################
Training set range: 272-190
Correlation coefficient (Pearson's r) = 0.119501
################################################
Training set range: 273-191
Correlation coefficient (Pearson's r) = 0.174003
################################################
Training set range: 274-192
Correlation coefficient (Pearson's r) = 0.253509
################################################
Training set range: 275-193
Correlation coefficient (Pearson's r) = 0.166849
################################################
Training set range: 276-194
Correlation coefficient (Pearson's r) = 0.358560
################################################
Training set range: 277-195
Correlation coefficient (Pearson's r) = 0.215797
################################################
Training set range: 278-196
Correlation coefficient (Pearson's r) = 0.118365
################################################
Training set range: 279-197
Correlation coefficient (Pearson's r) = 0.205020
################################################
Training set range: 280-198
Correlation coefficient (Pearson's r) = 0.103509
################################################
Training set range: 281-199
Correlation coefficient (Pearson's r) = 0.170904
################################################
Training set range: 282-200
Correlation coefficient (Pearson's r) = 0.134061
################################################
Training set range: 283-201
Correlation coefficient (Pearson's r) = 0.087097
################################################
Training set range: 284-202
Correlation coefficient (Pearson's r) = 0.129224
################################################
Training set range: 285-203
Correlation coefficient (Pearson's r) = 0.128966
################################################
Training set range: 286-204
Correlation coefficient (Pearson's r) = 0.173799
################################################
Training set range: 287-205
Correlation coefficient (Pearson's r) = 0.266507
################################################
Training set range: 288-206
Correlation coefficient (Pearson's r) = 0.341885
################################################
Training set range: 289-207
Correlation coefficient (Pearson's r) = 0.526741
################################################
Training set range: 290-208
Correlation coefficient (Pearson's r) = 0.434580
################################################
Training set range: 291-209
Correlation coefficient (Pearson's r) = 0.400333
################################################
Training set range: 292-210
Correlation coefficient (Pearson's r) = 0.380248
################################################
Training set range: 293-211
Correlation coefficient (Pearson's r) = 0.433239
################################################
Training set range: 294-212
Correlation coefficient (Pearson's r) = 0.417904
################################################
Training set range: 295-213
Correlation coefficient (Pearson's r) = 0.343927
################################################
Training set range: 296-214
Correlation coefficient (Pearson's r) = 0.380231
################################################
Training set range: 297-215
Correlation coefficient (Pearson's r) = 0.431347
################################################
Training set range: 298-216
Correlation coefficient (Pearson's r) = 0.477072
################################################
Training set range: 299-217
Correlation coefficient (Pearson's r) = 0.486670
################################################
Training set range: 300-218
Correlation coefficient (Pearson's r) = 0.439826
################################################
Training set range: 301-219
Correlation coefficient (Pearson's r) = 0.435325
################################################
Training set range: 302-220
Correlation coefficient (Pearson's r) = 0.447270
################################################
Training set range: 303-221
Correlation coefficient (Pearson's r) = 0.476360
################################################
Training set range: 304-222
Correlation coefficient (Pearson's r) = 0.356333
################################################
Training set range: 305-223
Correlation coefficient (Pearson's r) = 0.408462
################################################
Training set range: 306-224
Correlation coefficient (Pearson's r) = 0.357795
################################################
Training set range: 307-225
Correlation coefficient (Pearson's r) = 0.321715
################################################
Training set range: 308-226
Correlation coefficient (Pearson's r) = 0.403981
################################################
Training set range: 309-227
Correlation coefficient (Pearson's r) = 0.292886
################################################
Training set range: 310-228
Correlation coefficient (Pearson's r) = 0.287858
################################################
Training set range: 311-229
Correlation coefficient (Pearson's r) = 0.311796
################################################
Training set range: 312-230
Correlation coefficient (Pearson's r) = 0.322157
################################################
Training set range: 313-231
Correlation coefficient (Pearson's r) = 0.317567
################################################
Training set range: 314-232
Correlation coefficient (Pearson's r) = 0.353562
################################################
Training set range: 315-233
Correlation coefficient (Pearson's r) = 0.261695
################################################
Training set range: 316-234
Correlation coefficient (Pearson's r) = 0.305049
################################################
Training set range: 317-235
Correlation coefficient (Pearson's r) = 0.298453
################################################
Training set range: 318-236
Correlation coefficient (Pearson's r) = 0.334162
################################################
Training set range: 319-237
Correlation coefficient (Pearson's r) = 0.324850
################################################
Training set range: 320-238
Correlation coefficient (Pearson's r) = 0.326128
################################################
Training set range: 321-239
Correlation coefficient (Pearson's r) = 0.353637
################################################
Training set range: 322-240
Correlation coefficient (Pearson's r) = 0.405323
################################################
Training set range: 323-241
Correlation coefficient (Pearson's r) = 0.278902
################################################
Training set range: 324-242
Correlation coefficient (Pearson's r) = 0.401389
################################################
Training set range: 325-243
Correlation coefficient (Pearson's r) = 0.283977
################################################
Training set range: 326-244
Correlation coefficient (Pearson's r) = 0.353558
################################################
Training set range: 327-245
Correlation coefficient (Pearson's r) = 0.271963
################################################
Training set range: 328-246
Correlation coefficient (Pearson's r) = 0.231031
################################################
Training set range: 329-247
Correlation coefficient (Pearson's r) = 0.205189
################################################
Training set range: 330-248
Correlation coefficient (Pearson's r) = 0.271872
################################################
Training set range: 331-249
Correlation coefficient (Pearson's r) = 0.292374
################################################
Training set range: 332-250
Correlation coefficient (Pearson's r) = 0.305102
################################################
Training set range: 333-251
Correlation coefficient (Pearson's r) = 0.278868
################################################
Training set range: 334-252
Correlation coefficient (Pearson's r) = 0.320789
################################################
Training set range: 335-253
Correlation coefficient (Pearson's r) = 0.303566
################################################
Training set range: 336-254
Correlation coefficient (Pearson's r) = 0.395215
################################################
Training set range: 337-255
Correlation coefficient (Pearson's r) = 0.335050
################################################
Training set range: 338-256
Correlation coefficient (Pearson's r) = 0.269073
################################################
Training set range: 339-257
Correlation coefficient (Pearson's r) = 0.259992
################################################
Training set range: 340-258
Correlation coefficient (Pearson's r) = 0.258088
################################################
Training set range: 341-259
Correlation coefficient (Pearson's r) = 0.344765
################################################
Training set range: 342-260
Correlation coefficient (Pearson's r) = 0.273179
################################################
Training set range: 343-261
Correlation coefficient (Pearson's r) = 0.341917
################################################
Training set range: 344-262
Correlation coefficient (Pearson's r) = 0.348121
################################################
Training set range: 345-263
Correlation coefficient (Pearson's r) = 0.379890
################################################
Training set range: 346-264
Correlation coefficient (Pearson's r) = 0.355842
################################################
Training set range: 347-265
Correlation coefficient (Pearson's r) = 0.320456
################################################
Training set range: 348-266
Correlation coefficient (Pearson's r) = 0.444976
################################################
Training set range: 349-267
Correlation coefficient (Pearson's r) = 0.473862
################################################
Training set range: 350-268
Correlation coefficient (Pearson's r) = 0.342350
################################################
Training set range: 351-269
Correlation coefficient (Pearson's r) = 0.528406
################################################
Training set range: 352-270
Correlation coefficient (Pearson's r) = 0.489199
################################################
Training set range: 353-271
Correlation coefficient (Pearson's r) = 0.417904
################################################
Training set range: 354-272
Correlation coefficient (Pearson's r) = 0.345040
################################################
Training set range: 355-273
Correlation coefficient (Pearson's r) = 0.381112
################################################
Training set range: 356-274
Correlation coefficient (Pearson's r) = 0.388367
################################################
Training set range: 357-275
Correlation coefficient (Pearson's r) = 0.404880
################################################
Training set range: 358-276
Correlation coefficient (Pearson's r) = 0.408195
################################################
Training set range: 359-277
Correlation coefficient (Pearson's r) = 0.382207
################################################
Training set range: 360-278
Correlation coefficient (Pearson's r) = 0.490410
################################################
Training set range: 361-279
Correlation coefficient (Pearson's r) = 0.369375
################################################
Training set range: 362-280
Correlation coefficient (Pearson's r) = 0.404059
################################################
Training set range: 363-281
Correlation coefficient (Pearson's r) = 0.479226
################################################
Training set range: 364-282
Correlation coefficient (Pearson's r) = 0.469999
################################################
Training set range: 365-283
Correlation coefficient (Pearson's r) = 0.452420
################################################
Training set range: 366-284
Correlation coefficient (Pearson's r) = 0.467499
################################################
Training set range: 367-285
Correlation coefficient (Pearson's r) = 0.379300
################################################
Training set range: 368-286
Correlation coefficient (Pearson's r) = 0.434590
################################################
Training set range: 369-287
Correlation coefficient (Pearson's r) = 0.393736
################################################
Training set range: 370-288
Correlation coefficient (Pearson's r) = 0.315546
################################################
Training set range: 371-289
Correlation coefficient (Pearson's r) = 0.203356
################################################
Training set range: 372-290
Correlation coefficient (Pearson's r) = 0.265792
################################################
Training set range: 373-291
Correlation coefficient (Pearson's r) = 0.309445
################################################
Training set range: 374-292
Correlation coefficient (Pearson's r) = 0.247199
################################################
Training set range: 375-293
Correlation coefficient (Pearson's r) = 0.286574
################################################
Training set range: 376-294
Correlation coefficient (Pearson's r) = 0.251185
################################################
Training set range: 377-295
Correlation coefficient (Pearson's r) = 0.351458
################################################
Training set range: 378-296
Correlation coefficient (Pearson's r) = 0.364817
################################################
Training set range: 379-297
Correlation coefficient (Pearson's r) = 0.383149
################################################
Training set range: 380-298
Correlation coefficient (Pearson's r) = 0.442769
################################################
Training set range: 381-299
Correlation coefficient (Pearson's r) = 0.378368
################################################
Training set range: 382-300
Correlation coefficient (Pearson's r) = 0.415796
################################################
Training set range: 383-301
Correlation coefficient (Pearson's r) = 0.334762
################################################
Training set range: 384-302
Correlation coefficient (Pearson's r) = 0.353674
################################################
Training set range: 385-303
Correlation coefficient (Pearson's r) = 0.325457
################################################
Training set range: 386-304
Correlation coefficient (Pearson's r) = 0.291101
################################################
Training set range: 387-305
Correlation coefficient (Pearson's r) = 0.271040
################################################
Training set range: 388-306
Correlation coefficient (Pearson's r) = 0.298792
################################################
Training set range: 389-307
Correlation coefficient (Pearson's r) = 0.255886
################################################
Training set range: 390-308
Correlation coefficient (Pearson's r) = 0.306004
################################################
Training set range: 391-309
Correlation coefficient (Pearson's r) = 0.271499
################################################
Training set range: 392-310
Correlation coefficient (Pearson's r) = 0.317439
################################################
Training set range: 393-311
Correlation coefficient (Pearson's r) = 0.199638
################################################
Training set range: 394-312
Correlation coefficient (Pearson's r) = 0.087934
################################################
Training set range: 395-313
Correlation coefficient (Pearson's r) = 0.178220
################################################
Training set range: 396-314
Correlation coefficient (Pearson's r) = 0.120908
################################################
Training set range: 397-315
Correlation coefficient (Pearson's r) = 0.125288
################################################
Training set range: 398-316
Correlation coefficient (Pearson's r) = 0.117633
################################################
Training set range: 399-317
Correlation coefficient (Pearson's r) = -0.006658
################################################
