Training set range: 1-400
Correlation coefficient (Pearson's r) = 0.584810
################################################
Training set range: 2-401
Correlation coefficient (Pearson's r) = 0.606574
################################################
Training set range: 3-402
Correlation coefficient (Pearson's r) = 0.596345
################################################
Training set range: 4-403
Correlation coefficient (Pearson's r) = 0.433761
################################################
Training set range: 5-404
Correlation coefficient (Pearson's r) = 0.614883
################################################
Training set range: 6-405
Correlation coefficient (Pearson's r) = 0.558831
################################################
Training set range: 7-406
Correlation coefficient (Pearson's r) = 0.597554
################################################
Training set range: 8-407
Correlation coefficient (Pearson's r) = 0.633932
################################################
Training set range: 9-408
Correlation coefficient (Pearson's r) = 0.606192
################################################
Training set range: 10-409
Correlation coefficient (Pearson's r) = 0.588480
################################################
Training set range: 11-410
Correlation coefficient (Pearson's r) = 0.636320
################################################
Training set range: 12-411
Correlation coefficient (Pearson's r) = 0.607810
################################################
Training set range: 13-412
Correlation coefficient (Pearson's r) = 0.544636
################################################
Training set range: 14-413
Correlation coefficient (Pearson's r) = 0.612734
################################################
Training set range: 15-414
Correlation coefficient (Pearson's r) = 0.586217
################################################
Training set range: 16-415
Correlation coefficient (Pearson's r) = 0.566452
################################################
Training set range: 17-416
Correlation coefficient (Pearson's r) = 0.563214
################################################
Training set range: 18-417
Correlation coefficient (Pearson's r) = 0.604038
################################################
Training set range: 19-418
Correlation coefficient (Pearson's r) = 0.593161
################################################
Training set range: 20-419
Correlation coefficient (Pearson's r) = 0.640516
################################################
Training set range: 21-420
Correlation coefficient (Pearson's r) = 0.600221
################################################
Training set range: 22-421
Correlation coefficient (Pearson's r) = 0.623638
################################################
Training set range: 23-422
Correlation coefficient (Pearson's r) = 0.586547
################################################
Training set range: 24-423
Correlation coefficient (Pearson's r) = 0.564487
################################################
Training set range: 25-424
Correlation coefficient (Pearson's r) = 0.491657
################################################
Training set range: 26-425
Correlation coefficient (Pearson's r) = 0.574639
################################################
Training set range: 27-426
Correlation coefficient (Pearson's r) = 0.529678
################################################
Training set range: 28-427
Correlation coefficient (Pearson's r) = 0.543151
################################################
Training set range: 29-428
Correlation coefficient (Pearson's r) = 0.527470
################################################
Training set range: 30-429
Correlation coefficient (Pearson's r) = 0.406663
################################################
Training set range: 31-430
Correlation coefficient (Pearson's r) = 0.415342
################################################
Training set range: 32-431
Correlation coefficient (Pearson's r) = 0.482219
################################################
Training set range: 33-432
Correlation coefficient (Pearson's r) = 0.402112
################################################
Training set range: 34-433
Correlation coefficient (Pearson's r) = 0.423447
################################################
Training set range: 35-434
Correlation coefficient (Pearson's r) = 0.472848
################################################
Training set range: 36-435
Correlation coefficient (Pearson's r) = 0.487269
################################################
Training set range: 37-436
Correlation coefficient (Pearson's r) = 0.421296
################################################
Training set range: 38-437
Correlation coefficient (Pearson's r) = 0.378089
################################################
Training set range: 39-438
Correlation coefficient (Pearson's r) = 0.411455
################################################
Training set range: 40-439
Correlation coefficient (Pearson's r) = 0.391859
################################################
Training set range: 41-440
Correlation coefficient (Pearson's r) = 0.431130
################################################
Training set range: 42-441
Correlation coefficient (Pearson's r) = 0.371807
################################################
Training set range: 43-442
Correlation coefficient (Pearson's r) = 0.215851
################################################
Training set range: 44-443
Correlation coefficient (Pearson's r) = 0.114703
################################################
Training set range: 45-444
Correlation coefficient (Pearson's r) = 0.251300
################################################
Training set range: 46-445
Correlation coefficient (Pearson's r) = 0.216368
################################################
Training set range: 47-446
Correlation coefficient (Pearson's r) = 0.232378
################################################
Training set range: 48-447
Correlation coefficient (Pearson's r) = 0.231030
################################################
Training set range: 49-448
Correlation coefficient (Pearson's r) = 0.173055
################################################
Training set range: 50-449
Correlation coefficient (Pearson's r) = 0.261612
################################################
Training set range: 51-450
Correlation coefficient (Pearson's r) = 0.174866
################################################
Training set range: 52-451
Correlation coefficient (Pearson's r) = 0.332722
################################################
Training set range: 53-452
Correlation coefficient (Pearson's r) = 0.261893
################################################
Training set range: 54-453
Correlation coefficient (Pearson's r) = 0.164836
################################################
Training set range: 55-454
Correlation coefficient (Pearson's r) = 0.233276
################################################
Training set range: 56-455
Correlation coefficient (Pearson's r) = 0.183218
################################################
Training set range: 57-456
Correlation coefficient (Pearson's r) = 0.163985
################################################
Training set range: 58-457
Correlation coefficient (Pearson's r) = 0.236793
################################################
Training set range: 59-458
Correlation coefficient (Pearson's r) = 0.211572
################################################
Training set range: 60-459
Correlation coefficient (Pearson's r) = 0.141280
################################################
Training set range: 61-460
Correlation coefficient (Pearson's r) = 0.159757
################################################
Training set range: 62-461
Correlation coefficient (Pearson's r) = 0.277886
################################################
Training set range: 63-462
Correlation coefficient (Pearson's r) = 0.216992
################################################
Training set range: 64-463
Correlation coefficient (Pearson's r) = 0.183670
################################################
Training set range: 65-464
Correlation coefficient (Pearson's r) = 0.265100
################################################
Training set range: 66-465
Correlation coefficient (Pearson's r) = 0.237983
################################################
Training set range: 67-466
Correlation coefficient (Pearson's r) = 0.265999
################################################
Training set range: 68-467
Correlation coefficient (Pearson's r) = 0.274671
################################################
Training set range: 69-468
Correlation coefficient (Pearson's r) = 0.283950
################################################
Training set range: 70-469
Correlation coefficient (Pearson's r) = 0.120454
################################################
Training set range: 71-470
Correlation coefficient (Pearson's r) = 0.144571
################################################
Training set range: 72-471
Correlation coefficient (Pearson's r) = 0.049365
################################################
Training set range: 73-472
Correlation coefficient (Pearson's r) = 0.190984
################################################
Training set range: 74-473
Correlation coefficient (Pearson's r) = 0.084722
################################################
Training set range: 75-474
Correlation coefficient (Pearson's r) = 0.124685
################################################
Training set range: 76-475
Correlation coefficient (Pearson's r) = 0.120922
################################################
Training set range: 77-476
Correlation coefficient (Pearson's r) = 0.121265
################################################
Training set range: 78-477
Correlation coefficient (Pearson's r) = 0.148208
################################################
Training set range: 79-478
Correlation coefficient (Pearson's r) = 0.097957
################################################
Training set range: 80-479
Correlation coefficient (Pearson's r) = 0.082361
################################################
Training set range: 81-480
Correlation coefficient (Pearson's r) = 0.092548
################################################
Training set range: 82-481
Correlation coefficient (Pearson's r) = 0.191131
################################################
Training set range: 83-1
Correlation coefficient (Pearson's r) = 0.176344
################################################
Training set range: 84-2
Correlation coefficient (Pearson's r) = 0.142285
################################################
Training set range: 85-3
Correlation coefficient (Pearson's r) = 0.188198
################################################
Training set range: 86-4
Correlation coefficient (Pearson's r) = 0.191440
################################################
Training set range: 87-5
Correlation coefficient (Pearson's r) = 0.212009
################################################
Training set range: 88-6
Correlation coefficient (Pearson's r) = 0.145766
################################################
Training set range: 89-7
Correlation coefficient (Pearson's r) = 0.214078
################################################
Training set range: 90-8
Correlation coefficient (Pearson's r) = 0.198697
################################################
Training set range: 91-9
Correlation coefficient (Pearson's r) = 0.234093
################################################
Training set range: 92-10
Correlation coefficient (Pearson's r) = 0.243157
################################################
Training set range: 93-11
Correlation coefficient (Pearson's r) = 0.190655
################################################
Training set range: 94-12
Correlation coefficient (Pearson's r) = 0.251790
################################################
Training set range: 95-13
Correlation coefficient (Pearson's r) = 0.145461
################################################
Training set range: 96-14
Correlation coefficient (Pearson's r) = 0.359005
################################################
Training set range: 97-15
Correlation coefficient (Pearson's r) = 0.359120
################################################
Training set range: 98-16
Correlation coefficient (Pearson's r) = 0.317560
################################################
Training set range: 99-17
Correlation coefficient (Pearson's r) = 0.181321
################################################
Training set range: 100-18
Correlation coefficient (Pearson's r) = 0.245311
################################################
Training set range: 101-19
Correlation coefficient (Pearson's r) = 0.177855
################################################
Training set range: 102-20
Correlation coefficient (Pearson's r) = 0.281904
################################################
Training set range: 103-21
Correlation coefficient (Pearson's r) = 0.190064
################################################
Training set range: 104-22
Correlation coefficient (Pearson's r) = 0.183331
################################################
Training set range: 105-23
Correlation coefficient (Pearson's r) = 0.143866
################################################
Training set range: 106-24
Correlation coefficient (Pearson's r) = 0.123755
################################################
Training set range: 107-25
Correlation coefficient (Pearson's r) = 0.212242
################################################
Training set range: 108-26
Correlation coefficient (Pearson's r) = 0.155774
################################################
Training set range: 109-27
Correlation coefficient (Pearson's r) = 0.266749
################################################
Training set range: 110-28
Correlation coefficient (Pearson's r) = 0.156586
################################################
Training set range: 111-29
Correlation coefficient (Pearson's r) = 0.206341
################################################
Training set range: 112-30
Correlation coefficient (Pearson's r) = 0.125822
################################################
Training set range: 113-31
Correlation coefficient (Pearson's r) = 0.141973
################################################
Training set range: 114-32
Correlation coefficient (Pearson's r) = 0.194734
################################################
Training set range: 115-33
Correlation coefficient (Pearson's r) = 0.324718
################################################
Training set range: 116-34
Correlation coefficient (Pearson's r) = 0.351563
################################################
Training set range: 117-35
Correlation coefficient (Pearson's r) = 0.373881
################################################
Training set range: 118-36
Correlation coefficient (Pearson's r) = 0.486731
################################################
Training set range: 119-37
Correlation coefficient (Pearson's r) = 0.538782
################################################
Training set range: 120-38
Correlation coefficient (Pearson's r) = 0.386526
################################################
Training set range: 121-39
Correlation coefficient (Pearson's r) = 0.478447
################################################
Training set range: 122-40
Correlation coefficient (Pearson's r) = 0.462885
################################################
Training set range: 123-41
Correlation coefficient (Pearson's r) = 0.459815
################################################
Training set range: 124-42
Correlation coefficient (Pearson's r) = 0.478323
################################################
Training set range: 125-43
Correlation coefficient (Pearson's r) = 0.541876
################################################
Training set range: 126-44
Correlation coefficient (Pearson's r) = 0.281577
################################################
Training set range: 127-45
Correlation coefficient (Pearson's r) = 0.438675
################################################
Training set range: 128-46
Correlation coefficient (Pearson's r) = 0.328496
################################################
Training set range: 129-47
Correlation coefficient (Pearson's r) = 0.360512
################################################
Training set range: 130-48
Correlation coefficient (Pearson's r) = 0.397372
################################################
Training set range: 131-49
Correlation coefficient (Pearson's r) = 0.197997
################################################
Training set range: 132-50
Correlation coefficient (Pearson's r) = 0.195933
################################################
Training set range: 133-51
Correlation coefficient (Pearson's r) = 0.249581
################################################
Training set range: 134-52
Correlation coefficient (Pearson's r) = 0.296148
################################################
Training set range: 135-53
Correlation coefficient (Pearson's r) = 0.066100
################################################
Training set range: 136-54
Correlation coefficient (Pearson's r) = 0.179989
################################################
Training set range: 137-55
Correlation coefficient (Pearson's r) = 0.112464
################################################
Training set range: 138-56
Correlation coefficient (Pearson's r) = 0.218464
################################################
Training set range: 139-57
Correlation coefficient (Pearson's r) = 0.246801
################################################
Training set range: 140-58
Correlation coefficient (Pearson's r) = 0.245600
################################################
Training set range: 141-59
Correlation coefficient (Pearson's r) = 0.258448
################################################
Training set range: 142-60
Correlation coefficient (Pearson's r) = 0.211389
################################################
Training set range: 143-61
Correlation coefficient (Pearson's r) = 0.209694
################################################
Training set range: 144-62
Correlation coefficient (Pearson's r) = 0.138846
################################################
Training set range: 145-63
Correlation coefficient (Pearson's r) = 0.148140
################################################
Training set range: 146-64
Correlation coefficient (Pearson's r) = 0.159109
################################################
Training set range: 147-65
Correlation coefficient (Pearson's r) = 0.155133
################################################
Training set range: 148-66
Correlation coefficient (Pearson's r) = 0.151229
################################################
Training set range: 149-67
Correlation coefficient (Pearson's r) = 0.142674
################################################
Training set range: 150-68
Correlation coefficient (Pearson's r) = 0.218152
################################################
Training set range: 151-69
Correlation coefficient (Pearson's r) = 0.243042
################################################
Training set range: 152-70
Correlation coefficient (Pearson's r) = 0.214393
################################################
Training set range: 153-71
Correlation coefficient (Pearson's r) = 0.270835
################################################
Training set range: 154-72
Correlation coefficient (Pearson's r) = 0.227189
################################################
Training set range: 155-73
Correlation coefficient (Pearson's r) = 0.354138
################################################
Training set range: 156-74
Correlation coefficient (Pearson's r) = 0.335481
################################################
Training set range: 157-75
Correlation coefficient (Pearson's r) = 0.316801
################################################
Training set range: 158-76
Correlation coefficient (Pearson's r) = 0.355045
################################################
Training set range: 159-77
Correlation coefficient (Pearson's r) = 0.310230
################################################
Training set range: 160-78
Correlation coefficient (Pearson's r) = 0.328109
################################################
Training set range: 161-79
Correlation coefficient (Pearson's r) = 0.399999
################################################
Training set range: 162-80
Correlation coefficient (Pearson's r) = 0.422422
################################################
Training set range: 163-81
Correlation coefficient (Pearson's r) = 0.379872
################################################
Training set range: 164-82
Correlation coefficient (Pearson's r) = 0.296998
################################################
Training set range: 165-83
Correlation coefficient (Pearson's r) = 0.359560
################################################
Training set range: 166-84
Correlation coefficient (Pearson's r) = 0.378315
################################################
Training set range: 167-85
Correlation coefficient (Pearson's r) = 0.378638
################################################
Training set range: 168-86
Correlation coefficient (Pearson's r) = 0.387515
################################################
Training set range: 169-87
Correlation coefficient (Pearson's r) = 0.390322
################################################
Training set range: 170-88
Correlation coefficient (Pearson's r) = 0.404883
################################################
Training set range: 171-89
Correlation coefficient (Pearson's r) = 0.426328
################################################
Training set range: 172-90
Correlation coefficient (Pearson's r) = 0.364717
################################################
Training set range: 173-91
Correlation coefficient (Pearson's r) = 0.422425
################################################
Training set range: 174-92
Correlation coefficient (Pearson's r) = 0.297889
################################################
Training set range: 175-93
Correlation coefficient (Pearson's r) = 0.423296
################################################
Training set range: 176-94
Correlation coefficient (Pearson's r) = 0.431488
################################################
Training set range: 177-95
Correlation coefficient (Pearson's r) = 0.325713
################################################
Training set range: 178-96
Correlation coefficient (Pearson's r) = 0.333038
################################################
Training set range: 179-97
Correlation coefficient (Pearson's r) = 0.236807
################################################
Training set range: 180-98
Correlation coefficient (Pearson's r) = 0.239951
################################################
Training set range: 181-99
Correlation coefficient (Pearson's r) = 0.236210
################################################
Training set range: 182-100
Correlation coefficient (Pearson's r) = 0.262640
################################################
Training set range: 183-101
Correlation coefficient (Pearson's r) = 0.219160
################################################
Training set range: 184-102
Correlation coefficient (Pearson's r) = 0.193632
################################################
Training set range: 185-103
Correlation coefficient (Pearson's r) = 0.197888
################################################
Training set range: 186-104
Correlation coefficient (Pearson's r) = 0.286494
################################################
Training set range: 187-105
Correlation coefficient (Pearson's r) = 0.323554
################################################
Training set range: 188-106
Correlation coefficient (Pearson's r) = 0.306017
################################################
Training set range: 189-107
Correlation coefficient (Pearson's r) = 0.284529
################################################
Training set range: 190-108
Correlation coefficient (Pearson's r) = 0.312770
################################################
Training set range: 191-109
Correlation coefficient (Pearson's r) = 0.287501
################################################
Training set range: 192-110
Correlation coefficient (Pearson's r) = 0.335565
################################################
Training set range: 193-111
Correlation coefficient (Pearson's r) = 0.279200
################################################
Training set range: 194-112
Correlation coefficient (Pearson's r) = 0.374614
################################################
Training set range: 195-113
Correlation coefficient (Pearson's r) = 0.335262
################################################
Training set range: 196-114
Correlation coefficient (Pearson's r) = 0.304066
################################################
Training set range: 197-115
Correlation coefficient (Pearson's r) = 0.294808
################################################
Training set range: 198-116
Correlation coefficient (Pearson's r) = 0.261074
################################################
Training set range: 199-117
Correlation coefficient (Pearson's r) = 0.437275
################################################
Training set range: 200-118
Correlation coefficient (Pearson's r) = 0.390584
################################################
Training set range: 201-119
Correlation coefficient (Pearson's r) = 0.412410
################################################
Training set range: 202-120
Correlation coefficient (Pearson's r) = 0.241272
################################################
Training set range: 203-121
Correlation coefficient (Pearson's r) = 0.244165
################################################
Training set range: 204-122
Correlation coefficient (Pearson's r) = 0.167319
################################################
Training set range: 205-123
Correlation coefficient (Pearson's r) = 0.340960
################################################
Training set range: 206-124
Correlation coefficient (Pearson's r) = 0.216195
################################################
Training set range: 207-125
Correlation coefficient (Pearson's r) = 0.366172
################################################
Training set range: 208-126
Correlation coefficient (Pearson's r) = 0.583801
################################################
Training set range: 209-127
Correlation coefficient (Pearson's r) = 0.482531
################################################
Training set range: 210-128
Correlation coefficient (Pearson's r) = 0.340613
################################################
Training set range: 211-129
Correlation coefficient (Pearson's r) = 0.315779
################################################
Training set range: 212-130
Correlation coefficient (Pearson's r) = 0.497793
################################################
Training set range: 213-131
Correlation coefficient (Pearson's r) = 0.454493
################################################
Training set range: 214-132
Correlation coefficient (Pearson's r) = 0.507596
################################################
Training set range: 215-133
Correlation coefficient (Pearson's r) = 0.456521
################################################
Training set range: 216-134
Correlation coefficient (Pearson's r) = 0.565964
################################################
Training set range: 217-135
Correlation coefficient (Pearson's r) = 0.272371
################################################
Training set range: 218-136
Correlation coefficient (Pearson's r) = 0.457283
################################################
Training set range: 219-137
Correlation coefficient (Pearson's r) = 0.454409
################################################
Training set range: 220-138
Correlation coefficient (Pearson's r) = 0.453302
################################################
Training set range: 221-139
Correlation coefficient (Pearson's r) = 0.575226
################################################
Training set range: 222-140
Correlation coefficient (Pearson's r) = 0.314816
################################################
Training set range: 223-141
Correlation coefficient (Pearson's r) = 0.395946
################################################
Training set range: 224-142
Correlation coefficient (Pearson's r) = 0.399148
################################################
Training set range: 225-143
Correlation coefficient (Pearson's r) = 0.330014
################################################
Training set range: 226-144
Correlation coefficient (Pearson's r) = 0.251074
################################################
Training set range: 227-145
Correlation coefficient (Pearson's r) = 0.258098
################################################
Training set range: 228-146
Correlation coefficient (Pearson's r) = 0.305366
################################################
Training set range: 229-147
Correlation coefficient (Pearson's r) = 0.329827
################################################
Training set range: 230-148
Correlation coefficient (Pearson's r) = 0.267761
################################################
Training set range: 231-149
Correlation coefficient (Pearson's r) = 0.266108
################################################
Training set range: 232-150
Correlation coefficient (Pearson's r) = 0.378737
################################################
Training set range: 233-151
Correlation coefficient (Pearson's r) = 0.335426
################################################
Training set range: 234-152
Correlation coefficient (Pearson's r) = 0.347410
################################################
Training set range: 235-153
Correlation coefficient (Pearson's r) = 0.211402
################################################
Training set range: 236-154
Correlation coefficient (Pearson's r) = 0.396129
################################################
Training set range: 237-155
Correlation coefficient (Pearson's r) = 0.254994
################################################
Training set range: 238-156
Correlation coefficient (Pearson's r) = 0.368929
################################################
Training set range: 239-157
Correlation coefficient (Pearson's r) = 0.165631
################################################
Training set range: 240-158
Correlation coefficient (Pearson's r) = 0.081754
################################################
Training set range: 241-159
Correlation coefficient (Pearson's r) = 0.323318
################################################
Training set range: 242-160
Correlation coefficient (Pearson's r) = 0.277513
################################################
Training set range: 243-161
Correlation coefficient (Pearson's r) = 0.228887
################################################
Training set range: 244-162
Correlation coefficient (Pearson's r) = 0.238253
################################################
Training set range: 245-163
Correlation coefficient (Pearson's r) = 0.308040
################################################
Training set range: 246-164
Correlation coefficient (Pearson's r) = 0.294046
################################################
Training set range: 247-165
Correlation coefficient (Pearson's r) = 0.343739
################################################
Training set range: 248-166
Correlation coefficient (Pearson's r) = 0.055918
################################################
Training set range: 249-167
Correlation coefficient (Pearson's r) = 0.192970
################################################
Training set range: 250-168
Correlation coefficient (Pearson's r) = 0.232179
################################################
Training set range: 251-169
Correlation coefficient (Pearson's r) = 0.138158
################################################
Training set range: 252-170
Correlation coefficient (Pearson's r) = 0.150596
################################################
Training set range: 253-171
Correlation coefficient (Pearson's r) = 0.151974
################################################
Training set range: 254-172
Correlation coefficient (Pearson's r) = 0.131886
################################################
Training set range: 255-173
Correlation coefficient (Pearson's r) = 0.161912
################################################
Training set range: 256-174
Correlation coefficient (Pearson's r) = 0.138889
################################################
Training set range: 257-175
Correlation coefficient (Pearson's r) = 0.076559
################################################
Training set range: 258-176
Correlation coefficient (Pearson's r) = 0.208239
################################################
Training set range: 259-177
Correlation coefficient (Pearson's r) = 0.107194
################################################
Training set range: 260-178
Correlation coefficient (Pearson's r) = 0.126909
################################################
Training set range: 261-179
Correlation coefficient (Pearson's r) = 0.097677
################################################
Training set range: 262-180
Correlation coefficient (Pearson's r) = 0.113223
################################################
Training set range: 263-181
Correlation coefficient (Pearson's r) = 0.119167
################################################
Training set range: 264-182
Correlation coefficient (Pearson's r) = 0.186869
################################################
Training set range: 265-183
Correlation coefficient (Pearson's r) = 0.120962
################################################
Training set range: 266-184
Correlation coefficient (Pearson's r) = 0.292313
################################################
Training set range: 267-185
Correlation coefficient (Pearson's r) = 0.088707
################################################
Training set range: 268-186
Correlation coefficient (Pearson's r) = 0.006161
################################################
Training set range: 269-187
Correlation coefficient (Pearson's r) = -0.014204
################################################
Training set range: 270-188
Correlation coefficient (Pearson's r) = 0.030588
################################################
Training set range: 271-189
Correlation coefficient (Pearson's r) = -0.019896
################################################
Training set range: 272-190
Correlation coefficient (Pearson's r) = -0.028180
################################################
Training set range: 273-191
Correlation coefficient (Pearson's r) = 0.069010
################################################
Training set range: 274-192
Correlation coefficient (Pearson's r) = 0.186675
################################################
Training set range: 275-193
Correlation coefficient (Pearson's r) = 0.134438
################################################
Training set range: 276-194
Correlation coefficient (Pearson's r) = 0.463568
################################################
Training set range: 277-195
Correlation coefficient (Pearson's r) = 0.339186
################################################
Training set range: 278-196
Correlation coefficient (Pearson's r) = 0.297815
################################################
Training set range: 279-197
Correlation coefficient (Pearson's r) = 0.355486
################################################
Training set range: 280-198
Correlation coefficient (Pearson's r) = 0.340201
################################################
Training set range: 281-199
Correlation coefficient (Pearson's r) = 0.279303
################################################
Training set range: 282-200
Correlation coefficient (Pearson's r) = 0.316161
################################################
Training set range: 283-201
Correlation coefficient (Pearson's r) = 0.279444
################################################
Training set range: 284-202
Correlation coefficient (Pearson's r) = 0.293713
################################################
Training set range: 285-203
Correlation coefficient (Pearson's r) = 0.380003
################################################
Training set range: 286-204
Correlation coefficient (Pearson's r) = 0.469873
################################################
Training set range: 287-205
Correlation coefficient (Pearson's r) = 0.413313
################################################
Training set range: 288-206
Correlation coefficient (Pearson's r) = 0.363081
################################################
Training set range: 289-207
Correlation coefficient (Pearson's r) = 0.551310
################################################
Training set range: 290-208
Correlation coefficient (Pearson's r) = 0.502541
################################################
Training set range: 291-209
Correlation coefficient (Pearson's r) = 0.549647
################################################
Training set range: 292-210
Correlation coefficient (Pearson's r) = 0.661847
################################################
Training set range: 293-211
Correlation coefficient (Pearson's r) = 0.481121
################################################
Training set range: 294-212
Correlation coefficient (Pearson's r) = 0.472282
################################################
Training set range: 295-213
Correlation coefficient (Pearson's r) = 0.416885
################################################
Training set range: 296-214
Correlation coefficient (Pearson's r) = 0.463999
################################################
Training set range: 297-215
Correlation coefficient (Pearson's r) = 0.535023
################################################
Training set range: 298-216
Correlation coefficient (Pearson's r) = 0.478012
################################################
Training set range: 299-217
Correlation coefficient (Pearson's r) = 0.488261
################################################
Training set range: 300-218
Correlation coefficient (Pearson's r) = 0.573380
################################################
Training set range: 301-219
Correlation coefficient (Pearson's r) = 0.502808
################################################
Training set range: 302-220
Correlation coefficient (Pearson's r) = 0.391340
################################################
Training set range: 303-221
Correlation coefficient (Pearson's r) = 0.486655
################################################
Training set range: 304-222
Correlation coefficient (Pearson's r) = 0.392907
################################################
Training set range: 305-223
Correlation coefficient (Pearson's r) = 0.469501
################################################
Training set range: 306-224
Correlation coefficient (Pearson's r) = 0.412384
################################################
Training set range: 307-225
Correlation coefficient (Pearson's r) = 0.238216
################################################
Training set range: 308-226
Correlation coefficient (Pearson's r) = 0.207379
################################################
Training set range: 309-227
Correlation coefficient (Pearson's r) = 0.299152
################################################
Training set range: 310-228
Correlation coefficient (Pearson's r) = 0.294910
################################################
Training set range: 311-229
Correlation coefficient (Pearson's r) = 0.443213
################################################
Training set range: 312-230
Correlation coefficient (Pearson's r) = 0.422283
################################################
Training set range: 313-231
Correlation coefficient (Pearson's r) = 0.225958
################################################
Training set range: 314-232
Correlation coefficient (Pearson's r) = 0.240075
################################################
Training set range: 315-233
Correlation coefficient (Pearson's r) = 0.562964
################################################
Training set range: 316-234
Correlation coefficient (Pearson's r) = 0.409742
################################################
Training set range: 317-235
Correlation coefficient (Pearson's r) = 0.330391
################################################
Training set range: 318-236
Correlation coefficient (Pearson's r) = 0.308096
################################################
Training set range: 319-237
Correlation coefficient (Pearson's r) = 0.500859
################################################
Training set range: 320-238
Correlation coefficient (Pearson's r) = 0.518928
################################################
Training set range: 321-239
Correlation coefficient (Pearson's r) = 0.422864
################################################
Training set range: 322-240
Correlation coefficient (Pearson's r) = 0.384300
################################################
Training set range: 323-241
Correlation coefficient (Pearson's r) = 0.360439
################################################
Training set range: 324-242
Correlation coefficient (Pearson's r) = 0.187074
################################################
Training set range: 325-243
Correlation coefficient (Pearson's r) = 0.103139
################################################
Training set range: 326-244
Correlation coefficient (Pearson's r) = 0.287160
################################################
Training set range: 327-245
Correlation coefficient (Pearson's r) = 0.244005
################################################
Training set range: 328-246
Correlation coefficient (Pearson's r) = 0.263569
################################################
Training set range: 329-247
Correlation coefficient (Pearson's r) = 0.306977
################################################
Training set range: 330-248
Correlation coefficient (Pearson's r) = 0.342205
################################################
Training set range: 331-249
Correlation coefficient (Pearson's r) = 0.341617
################################################
Training set range: 332-250
Correlation coefficient (Pearson's r) = 0.440393
################################################
Training set range: 333-251
Correlation coefficient (Pearson's r) = 0.043758
################################################
Training set range: 334-252
Correlation coefficient (Pearson's r) = 0.299248
################################################
Training set range: 335-253
Correlation coefficient (Pearson's r) = 0.365277
################################################
Training set range: 336-254
Correlation coefficient (Pearson's r) = 0.299737
################################################
Training set range: 337-255
Correlation coefficient (Pearson's r) = 0.289026
################################################
Training set range: 338-256
Correlation coefficient (Pearson's r) = 0.340048
################################################
Training set range: 339-257
Correlation coefficient (Pearson's r) = 0.275019
################################################
Training set range: 340-258
Correlation coefficient (Pearson's r) = 0.470561
################################################
Training set range: 341-259
Correlation coefficient (Pearson's r) = 0.343887
################################################
Training set range: 342-260
Correlation coefficient (Pearson's r) = 0.264796
################################################
Training set range: 343-261
Correlation coefficient (Pearson's r) = 0.302737
################################################
Training set range: 344-262
Correlation coefficient (Pearson's r) = 0.283533
################################################
Training set range: 345-263
Correlation coefficient (Pearson's r) = 0.329422
################################################
Training set range: 346-264
Correlation coefficient (Pearson's r) = 0.232960
################################################
Training set range: 347-265
Correlation coefficient (Pearson's r) = 0.087820
################################################
Training set range: 348-266
Correlation coefficient (Pearson's r) = 0.201127
################################################
Training set range: 349-267
Correlation coefficient (Pearson's r) = 0.429181
################################################
Training set range: 350-268
Correlation coefficient (Pearson's r) = 0.145135
################################################
Training set range: 351-269
Correlation coefficient (Pearson's r) = 0.192523
################################################
Training set range: 352-270
Correlation coefficient (Pearson's r) = 0.276456
################################################
Training set range: 353-271
Correlation coefficient (Pearson's r) = 0.277844
################################################
Training set range: 354-272
Correlation coefficient (Pearson's r) = 0.126361
################################################
Training set range: 355-273
Correlation coefficient (Pearson's r) = 0.439681
################################################
Training set range: 356-274
Correlation coefficient (Pearson's r) = 0.260622
################################################
Training set range: 357-275
Correlation coefficient (Pearson's r) = 0.203450
################################################
Training set range: 358-276
Correlation coefficient (Pearson's r) = 0.323129
################################################
Training set range: 359-277
Correlation coefficient (Pearson's r) = 0.423388
################################################
Training set range: 360-278
Correlation coefficient (Pearson's r) = 0.359255
################################################
Training set range: 361-279
Correlation coefficient (Pearson's r) = 0.368797
################################################
Training set range: 362-280
Correlation coefficient (Pearson's r) = 0.241972
################################################
Training set range: 363-281
Correlation coefficient (Pearson's r) = 0.080576
################################################
Training set range: 364-282
Correlation coefficient (Pearson's r) = 0.303037
################################################
Training set range: 365-283
Correlation coefficient (Pearson's r) = 0.206660
################################################
Training set range: 366-284
Correlation coefficient (Pearson's r) = 0.380026
################################################
Training set range: 367-285
Correlation coefficient (Pearson's r) = 0.260173
################################################
Training set range: 368-286
Correlation coefficient (Pearson's r) = 0.333100
################################################
Training set range: 369-287
Correlation coefficient (Pearson's r) = -0.018881
################################################
Training set range: 370-288
Correlation coefficient (Pearson's r) = 0.394345
################################################
Training set range: 371-289
Correlation coefficient (Pearson's r) = 0.204375
################################################
Training set range: 372-290
Correlation coefficient (Pearson's r) = 0.517996
################################################
Training set range: 373-291
Correlation coefficient (Pearson's r) = 0.454697
################################################
Training set range: 374-292
Correlation coefficient (Pearson's r) = 0.135300
################################################
Training set range: 375-293
Correlation coefficient (Pearson's r) = 0.386523
################################################
Training set range: 376-294
Correlation coefficient (Pearson's r) = 0.427057
################################################
Training set range: 377-295
Correlation coefficient (Pearson's r) = 0.190941
################################################
Training set range: 378-296
Correlation coefficient (Pearson's r) = 0.160774
################################################
Training set range: 379-297
Correlation coefficient (Pearson's r) = 0.395877
################################################
Training set range: 380-298
Correlation coefficient (Pearson's r) = 0.359861
################################################
Training set range: 381-299
Correlation coefficient (Pearson's r) = 0.252984
################################################
Training set range: 382-300
Correlation coefficient (Pearson's r) = 0.367338
################################################
Training set range: 383-301
Correlation coefficient (Pearson's r) = 0.614787
################################################
Training set range: 384-302
Correlation coefficient (Pearson's r) = 0.397832
################################################
Training set range: 385-303
Correlation coefficient (Pearson's r) = 0.285289
################################################
Training set range: 386-304
Correlation coefficient (Pearson's r) = 0.471973
################################################
Training set range: 387-305
Correlation coefficient (Pearson's r) = 0.344177
################################################
Training set range: 388-306
Correlation coefficient (Pearson's r) = 0.421142
################################################
Training set range: 389-307
Correlation coefficient (Pearson's r) = 0.408449
################################################
Training set range: 390-308
Correlation coefficient (Pearson's r) = 0.312940
################################################
Training set range: 391-309
Correlation coefficient (Pearson's r) = 0.507891
################################################
Training set range: 392-310
Correlation coefficient (Pearson's r) = 0.453082
################################################
Training set range: 393-311
Correlation coefficient (Pearson's r) = 0.205869
################################################
Training set range: 394-312
Correlation coefficient (Pearson's r) = 0.478707
################################################
Training set range: 395-313
Correlation coefficient (Pearson's r) = 0.272831
################################################
Training set range: 396-314
Correlation coefficient (Pearson's r) = 0.554735
################################################
Training set range: 397-315
Correlation coefficient (Pearson's r) = 0.265245
################################################
Training set range: 398-316
Correlation coefficient (Pearson's r) = 0.499704
################################################
Training set range: 399-317
Correlation coefficient (Pearson's r) = 0.449558
################################################
