Training set range: 1-400
Correlation coefficient (Pearson's r) = 0.599129
################################################
Training set range: 2-401
Correlation coefficient (Pearson's r) = 0.478875
################################################
Training set range: 3-402
Correlation coefficient (Pearson's r) = 0.563977
################################################
Training set range: 4-403
Correlation coefficient (Pearson's r) = 0.578329
################################################
Training set range: 5-404
Correlation coefficient (Pearson's r) = 0.573170
################################################
Training set range: 6-405
Correlation coefficient (Pearson's r) = 0.572803
################################################
Training set range: 7-406
Correlation coefficient (Pearson's r) = 0.569915
################################################
Training set range: 8-407
Correlation coefficient (Pearson's r) = 0.486782
################################################
Training set range: 9-408
Correlation coefficient (Pearson's r) = 0.593634
################################################
Training set range: 10-409
Correlation coefficient (Pearson's r) = 0.577718
################################################
Training set range: 11-410
Correlation coefficient (Pearson's r) = 0.544355
################################################
Training set range: 12-411
Correlation coefficient (Pearson's r) = 0.516845
################################################
Training set range: 13-412
Correlation coefficient (Pearson's r) = 0.576682
################################################
Training set range: 14-413
Correlation coefficient (Pearson's r) = 0.602648
################################################
Training set range: 15-414
Correlation coefficient (Pearson's r) = 0.578549
################################################
Training set range: 16-415
Correlation coefficient (Pearson's r) = 0.529967
################################################
Training set range: 17-416
Correlation coefficient (Pearson's r) = 0.524732
################################################
Training set range: 18-417
Correlation coefficient (Pearson's r) = 0.549134
################################################
Training set range: 19-418
Correlation coefficient (Pearson's r) = 0.539721
################################################
Training set range: 20-419
Correlation coefficient (Pearson's r) = 0.619655
################################################
Training set range: 21-420
Correlation coefficient (Pearson's r) = 0.559204
################################################
Training set range: 22-421
Correlation coefficient (Pearson's r) = 0.556363
################################################
Training set range: 23-422
Correlation coefficient (Pearson's r) = 0.534025
################################################
Training set range: 24-423
Correlation coefficient (Pearson's r) = 0.463087
################################################
Training set range: 25-424
Correlation coefficient (Pearson's r) = 0.415771
################################################
Training set range: 26-425
Correlation coefficient (Pearson's r) = 0.383125
################################################
Training set range: 27-426
Correlation coefficient (Pearson's r) = 0.460971
################################################
Training set range: 28-427
Correlation coefficient (Pearson's r) = 0.449697
################################################
Training set range: 29-428
Correlation coefficient (Pearson's r) = 0.438410
################################################
Training set range: 30-429
Correlation coefficient (Pearson's r) = 0.356702
################################################
Training set range: 31-430
Correlation coefficient (Pearson's r) = 0.424977
################################################
Training set range: 32-431
Correlation coefficient (Pearson's r) = 0.412403
################################################
Training set range: 33-432
Correlation coefficient (Pearson's r) = 0.392877
################################################
Training set range: 34-433
Correlation coefficient (Pearson's r) = 0.492660
################################################
Training set range: 35-434
Correlation coefficient (Pearson's r) = 0.460991
################################################
Training set range: 36-435
Correlation coefficient (Pearson's r) = 0.485707
################################################
Training set range: 37-436
Correlation coefficient (Pearson's r) = 0.484931
################################################
Training set range: 38-437
Correlation coefficient (Pearson's r) = 0.517008
################################################
Training set range: 39-438
Correlation coefficient (Pearson's r) = 0.464726
################################################
Training set range: 40-439
Correlation coefficient (Pearson's r) = 0.492642
################################################
Training set range: 41-440
Correlation coefficient (Pearson's r) = 0.472150
################################################
Training set range: 42-441
Correlation coefficient (Pearson's r) = 0.495980
################################################
Training set range: 43-442
Correlation coefficient (Pearson's r) = 0.425480
################################################
Training set range: 44-443
Correlation coefficient (Pearson's r) = 0.464288
################################################
Training set range: 45-444
Correlation coefficient (Pearson's r) = 0.427539
################################################
Training set range: 46-445
Correlation coefficient (Pearson's r) = 0.449082
################################################
Training set range: 47-446
Correlation coefficient (Pearson's r) = 0.425615
################################################
Training set range: 48-447
Correlation coefficient (Pearson's r) = 0.442789
################################################
Training set range: 49-448
Correlation coefficient (Pearson's r) = 0.426886
################################################
Training set range: 50-449
Correlation coefficient (Pearson's r) = 0.457372
################################################
Training set range: 51-450
Correlation coefficient (Pearson's r) = 0.501386
################################################
Training set range: 52-451
Correlation coefficient (Pearson's r) = 0.489855
################################################
Training set range: 53-452
Correlation coefficient (Pearson's r) = 0.399336
################################################
Training set range: 54-453
Correlation coefficient (Pearson's r) = 0.416635
################################################
Training set range: 55-454
Correlation coefficient (Pearson's r) = 0.469543
################################################
Training set range: 56-455
Correlation coefficient (Pearson's r) = 0.427954
################################################
Training set range: 57-456
Correlation coefficient (Pearson's r) = 0.481376
################################################
Training set range: 58-457
Correlation coefficient (Pearson's r) = 0.295694
################################################
Training set range: 59-458
Correlation coefficient (Pearson's r) = 0.434481
################################################
Training set range: 60-459
Correlation coefficient (Pearson's r) = 0.329884
################################################
Training set range: 61-460
Correlation coefficient (Pearson's r) = 0.300570
################################################
Training set range: 62-461
Correlation coefficient (Pearson's r) = 0.362375
################################################
Training set range: 63-462
Correlation coefficient (Pearson's r) = 0.401594
################################################
Training set range: 64-463
Correlation coefficient (Pearson's r) = 0.396746
################################################
Training set range: 65-464
Correlation coefficient (Pearson's r) = 0.463472
################################################
Training set range: 66-465
Correlation coefficient (Pearson's r) = 0.455814
################################################
Training set range: 67-466
Correlation coefficient (Pearson's r) = 0.380348
################################################
Training set range: 68-467
Correlation coefficient (Pearson's r) = 0.436329
################################################
Training set range: 69-468
Correlation coefficient (Pearson's r) = 0.417144
################################################
Training set range: 70-469
Correlation coefficient (Pearson's r) = 0.418599
################################################
Training set range: 71-470
Correlation coefficient (Pearson's r) = 0.440798
################################################
Training set range: 72-471
Correlation coefficient (Pearson's r) = 0.469571
################################################
Training set range: 73-472
Correlation coefficient (Pearson's r) = 0.473254
################################################
Training set range: 74-473
Correlation coefficient (Pearson's r) = 0.414563
################################################
Training set range: 75-474
Correlation coefficient (Pearson's r) = 0.388878
################################################
Training set range: 76-475
Correlation coefficient (Pearson's r) = 0.404004
################################################
Training set range: 77-476
Correlation coefficient (Pearson's r) = 0.330450
################################################
Training set range: 78-477
Correlation coefficient (Pearson's r) = 0.398590
################################################
Training set range: 79-478
Correlation coefficient (Pearson's r) = 0.359478
################################################
Training set range: 80-479
Correlation coefficient (Pearson's r) = 0.315398
################################################
Training set range: 81-480
Correlation coefficient (Pearson's r) = 0.347687
################################################
Training set range: 82-481
Correlation coefficient (Pearson's r) = 0.343483
################################################
Training set range: 83-1
Correlation coefficient (Pearson's r) = 0.291056
################################################
Training set range: 84-2
Correlation coefficient (Pearson's r) = 0.257558
################################################
Training set range: 85-3
Correlation coefficient (Pearson's r) = 0.347188
################################################
Training set range: 86-4
Correlation coefficient (Pearson's r) = 0.448139
################################################
Training set range: 87-5
Correlation coefficient (Pearson's r) = 0.232379
################################################
Training set range: 88-6
Correlation coefficient (Pearson's r) = 0.364342
################################################
Training set range: 89-7
Correlation coefficient (Pearson's r) = 0.313732
################################################
Training set range: 90-8
Correlation coefficient (Pearson's r) = 0.348824
################################################
Training set range: 91-9
Correlation coefficient (Pearson's r) = 0.269555
################################################
Training set range: 92-10
Correlation coefficient (Pearson's r) = 0.172075
################################################
Training set range: 93-11
Correlation coefficient (Pearson's r) = 0.180414
################################################
Training set range: 94-12
Correlation coefficient (Pearson's r) = 0.191932
################################################
Training set range: 95-13
Correlation coefficient (Pearson's r) = 0.217072
################################################
Training set range: 96-14
Correlation coefficient (Pearson's r) = 0.435637
################################################
Training set range: 97-15
Correlation coefficient (Pearson's r) = 0.403342
################################################
Training set range: 98-16
Correlation coefficient (Pearson's r) = 0.450872
################################################
Training set range: 99-17
Correlation coefficient (Pearson's r) = 0.495832
################################################
Training set range: 100-18
Correlation coefficient (Pearson's r) = 0.290346
################################################
Training set range: 101-19
Correlation coefficient (Pearson's r) = 0.312755
################################################
Training set range: 102-20
Correlation coefficient (Pearson's r) = 0.212449
################################################
Training set range: 103-21
Correlation coefficient (Pearson's r) = 0.271421
################################################
Training set range: 104-22
Correlation coefficient (Pearson's r) = 0.263749
################################################
Training set range: 105-23
Correlation coefficient (Pearson's r) = 0.270641
################################################
Training set range: 106-24
Correlation coefficient (Pearson's r) = 0.306280
################################################
Training set range: 107-25
Correlation coefficient (Pearson's r) = 0.184662
################################################
Training set range: 108-26
Correlation coefficient (Pearson's r) = 0.299169
################################################
Training set range: 109-27
Correlation coefficient (Pearson's r) = 0.235185
################################################
Training set range: 110-28
Correlation coefficient (Pearson's r) = 0.326706
################################################
Training set range: 111-29
Correlation coefficient (Pearson's r) = 0.215800
################################################
Training set range: 112-30
Correlation coefficient (Pearson's r) = 0.235011
################################################
Training set range: 113-31
Correlation coefficient (Pearson's r) = 0.347788
################################################
Training set range: 114-32
Correlation coefficient (Pearson's r) = 0.471340
################################################
Training set range: 115-33
Correlation coefficient (Pearson's r) = 0.560690
################################################
Training set range: 116-34
Correlation coefficient (Pearson's r) = 0.576195
################################################
Training set range: 117-35
Correlation coefficient (Pearson's r) = 0.604516
################################################
Training set range: 118-36
Correlation coefficient (Pearson's r) = 0.590272
################################################
Training set range: 119-37
Correlation coefficient (Pearson's r) = 0.599707
################################################
Training set range: 120-38
Correlation coefficient (Pearson's r) = 0.514455
################################################
Training set range: 121-39
Correlation coefficient (Pearson's r) = 0.552198
################################################
Training set range: 122-40
Correlation coefficient (Pearson's r) = 0.653073
################################################
Training set range: 123-41
Correlation coefficient (Pearson's r) = 0.460706
################################################
Training set range: 124-42
Correlation coefficient (Pearson's r) = 0.473515
################################################
Training set range: 125-43
Correlation coefficient (Pearson's r) = 0.436402
################################################
Training set range: 126-44
Correlation coefficient (Pearson's r) = 0.313837
################################################
Training set range: 127-45
Correlation coefficient (Pearson's r) = 0.236729
################################################
Training set range: 128-46
Correlation coefficient (Pearson's r) = 0.242329
################################################
Training set range: 129-47
Correlation coefficient (Pearson's r) = 0.168093
################################################
Training set range: 130-48
Correlation coefficient (Pearson's r) = 0.279081
################################################
Training set range: 131-49
Correlation coefficient (Pearson's r) = 0.150757
################################################
Training set range: 132-50
Correlation coefficient (Pearson's r) = 0.189402
################################################
Training set range: 133-51
Correlation coefficient (Pearson's r) = 0.183544
################################################
Training set range: 134-52
Correlation coefficient (Pearson's r) = 0.213357
################################################
Training set range: 135-53
Correlation coefficient (Pearson's r) = 0.241473
################################################
Training set range: 136-54
Correlation coefficient (Pearson's r) = 0.294145
################################################
Training set range: 137-55
Correlation coefficient (Pearson's r) = 0.246981
################################################
Training set range: 138-56
Correlation coefficient (Pearson's r) = 0.210213
################################################
Training set range: 139-57
Correlation coefficient (Pearson's r) = 0.294958
################################################
Training set range: 140-58
Correlation coefficient (Pearson's r) = 0.264488
################################################
Training set range: 141-59
Correlation coefficient (Pearson's r) = 0.281971
################################################
Training set range: 142-60
Correlation coefficient (Pearson's r) = 0.224825
################################################
Training set range: 143-61
Correlation coefficient (Pearson's r) = 0.237406
################################################
Training set range: 144-62
Correlation coefficient (Pearson's r) = 0.238670
################################################
Training set range: 145-63
Correlation coefficient (Pearson's r) = 0.227473
################################################
Training set range: 146-64
Correlation coefficient (Pearson's r) = 0.239625
################################################
Training set range: 147-65
Correlation coefficient (Pearson's r) = 0.197185
################################################
Training set range: 148-66
Correlation coefficient (Pearson's r) = 0.135700
################################################
Training set range: 149-67
Correlation coefficient (Pearson's r) = 0.178159
################################################
Training set range: 150-68
Correlation coefficient (Pearson's r) = 0.155526
################################################
Training set range: 151-69
Correlation coefficient (Pearson's r) = 0.287591
################################################
Training set range: 152-70
Correlation coefficient (Pearson's r) = 0.239467
################################################
Training set range: 153-71
Correlation coefficient (Pearson's r) = 0.303847
################################################
Training set range: 154-72
Correlation coefficient (Pearson's r) = 0.238738
################################################
Training set range: 155-73
Correlation coefficient (Pearson's r) = 0.191234
################################################
Training set range: 156-74
Correlation coefficient (Pearson's r) = 0.216369
################################################
Training set range: 157-75
Correlation coefficient (Pearson's r) = 0.281207
################################################
Training set range: 158-76
Correlation coefficient (Pearson's r) = 0.264451
################################################
Training set range: 159-77
Correlation coefficient (Pearson's r) = 0.236080
################################################
Training set range: 160-78
Correlation coefficient (Pearson's r) = 0.243775
################################################
Training set range: 161-79
Correlation coefficient (Pearson's r) = 0.263772
################################################
Training set range: 162-80
Correlation coefficient (Pearson's r) = 0.209105
################################################
Training set range: 163-81
Correlation coefficient (Pearson's r) = 0.184759
################################################
Training set range: 164-82
Correlation coefficient (Pearson's r) = 0.130835
################################################
Training set range: 165-83
Correlation coefficient (Pearson's r) = 0.194713
################################################
Training set range: 166-84
Correlation coefficient (Pearson's r) = 0.152049
################################################
Training set range: 167-85
Correlation coefficient (Pearson's r) = 0.156654
################################################
Training set range: 168-86
Correlation coefficient (Pearson's r) = 0.169947
################################################
Training set range: 169-87
Correlation coefficient (Pearson's r) = 0.225664
################################################
Training set range: 170-88
Correlation coefficient (Pearson's r) = 0.161244
################################################
Training set range: 171-89
Correlation coefficient (Pearson's r) = 0.159077
################################################
Training set range: 172-90
Correlation coefficient (Pearson's r) = 0.012959
################################################
Training set range: 173-91
Correlation coefficient (Pearson's r) = 0.133095
################################################
Training set range: 174-92
Correlation coefficient (Pearson's r) = 0.166788
################################################
Training set range: 175-93
Correlation coefficient (Pearson's r) = 0.112915
################################################
Training set range: 176-94
Correlation coefficient (Pearson's r) = 0.068628
################################################
Training set range: 177-95
Correlation coefficient (Pearson's r) = -0.001420
################################################
Training set range: 178-96
Correlation coefficient (Pearson's r) = 0.035686
################################################
Training set range: 179-97
Correlation coefficient (Pearson's r) = 0.091717
################################################
Training set range: 180-98
Correlation coefficient (Pearson's r) = 0.109498
################################################
Training set range: 181-99
Correlation coefficient (Pearson's r) = 0.163984
################################################
Training set range: 182-100
Correlation coefficient (Pearson's r) = 0.083318
################################################
Training set range: 183-101
Correlation coefficient (Pearson's r) = 0.108118
################################################
Training set range: 184-102
Correlation coefficient (Pearson's r) = 0.110452
################################################
Training set range: 185-103
Correlation coefficient (Pearson's r) = 0.069868
################################################
Training set range: 186-104
Correlation coefficient (Pearson's r) = 0.086136
################################################
Training set range: 187-105
Correlation coefficient (Pearson's r) = 0.168401
################################################
Training set range: 188-106
Correlation coefficient (Pearson's r) = 0.064960
################################################
Training set range: 189-107
Correlation coefficient (Pearson's r) = -0.027974
################################################
Training set range: 190-108
Correlation coefficient (Pearson's r) = 0.008527
################################################
Training set range: 191-109
Correlation coefficient (Pearson's r) = 0.112615
################################################
Training set range: 192-110
Correlation coefficient (Pearson's r) = 0.034406
################################################
Training set range: 193-111
Correlation coefficient (Pearson's r) = 0.024153
################################################
Training set range: 194-112
Correlation coefficient (Pearson's r) = 0.198983
################################################
Training set range: 195-113
Correlation coefficient (Pearson's r) = 0.211898
################################################
Training set range: 196-114
Correlation coefficient (Pearson's r) = 0.114776
################################################
Training set range: 197-115
Correlation coefficient (Pearson's r) = 0.184480
################################################
Training set range: 198-116
Correlation coefficient (Pearson's r) = 0.193407
################################################
Training set range: 199-117
Correlation coefficient (Pearson's r) = 0.173270
################################################
Training set range: 200-118
Correlation coefficient (Pearson's r) = 0.187436
################################################
Training set range: 201-119
Correlation coefficient (Pearson's r) = 0.206676
################################################
Training set range: 202-120
Correlation coefficient (Pearson's r) = 0.287165
################################################
Training set range: 203-121
Correlation coefficient (Pearson's r) = 0.264292
################################################
Training set range: 204-122
Correlation coefficient (Pearson's r) = 0.279670
################################################
Training set range: 205-123
Correlation coefficient (Pearson's r) = 0.229624
################################################
Training set range: 206-124
Correlation coefficient (Pearson's r) = 0.233372
################################################
Training set range: 207-125
Correlation coefficient (Pearson's r) = 0.434101
################################################
Training set range: 208-126
Correlation coefficient (Pearson's r) = 0.365000
################################################
Training set range: 209-127
Correlation coefficient (Pearson's r) = 0.321551
################################################
Training set range: 210-128
Correlation coefficient (Pearson's r) = 0.334598
################################################
Training set range: 211-129
Correlation coefficient (Pearson's r) = 0.336540
################################################
Training set range: 212-130
Correlation coefficient (Pearson's r) = 0.343037
################################################
Training set range: 213-131
Correlation coefficient (Pearson's r) = 0.394665
################################################
Training set range: 214-132
Correlation coefficient (Pearson's r) = 0.337633
################################################
Training set range: 215-133
Correlation coefficient (Pearson's r) = 0.293428
################################################
Training set range: 216-134
Correlation coefficient (Pearson's r) = 0.357643
################################################
Training set range: 217-135
Correlation coefficient (Pearson's r) = 0.428344
################################################
Training set range: 218-136
Correlation coefficient (Pearson's r) = 0.421275
################################################
Training set range: 219-137
Correlation coefficient (Pearson's r) = 0.446055
################################################
Training set range: 220-138
Correlation coefficient (Pearson's r) = 0.405013
################################################
Training set range: 221-139
Correlation coefficient (Pearson's r) = 0.305626
################################################
Training set range: 222-140
Correlation coefficient (Pearson's r) = 0.387149
################################################
Training set range: 223-141
Correlation coefficient (Pearson's r) = 0.362360
################################################
Training set range: 224-142
Correlation coefficient (Pearson's r) = 0.414158
################################################
Training set range: 225-143
Correlation coefficient (Pearson's r) = 0.389342
################################################
Training set range: 226-144
Correlation coefficient (Pearson's r) = 0.390974
################################################
Training set range: 227-145
Correlation coefficient (Pearson's r) = 0.461359
################################################
Training set range: 228-146
Correlation coefficient (Pearson's r) = 0.455574
################################################
Training set range: 229-147
Correlation coefficient (Pearson's r) = 0.487311
################################################
Training set range: 230-148
Correlation coefficient (Pearson's r) = 0.512564
################################################
Training set range: 231-149
Correlation coefficient (Pearson's r) = 0.525980
################################################
Training set range: 232-150
Correlation coefficient (Pearson's r) = 0.429554
################################################
Training set range: 233-151
Correlation coefficient (Pearson's r) = 0.386690
################################################
Training set range: 234-152
Correlation coefficient (Pearson's r) = 0.422487
################################################
Training set range: 235-153
Correlation coefficient (Pearson's r) = 0.432626
################################################
Training set range: 236-154
Correlation coefficient (Pearson's r) = 0.400574
################################################
Training set range: 237-155
Correlation coefficient (Pearson's r) = 0.376739
################################################
Training set range: 238-156
Correlation coefficient (Pearson's r) = 0.366904
################################################
Training set range: 239-157
Correlation coefficient (Pearson's r) = 0.395210
################################################
Training set range: 240-158
Correlation coefficient (Pearson's r) = 0.363637
################################################
Training set range: 241-159
Correlation coefficient (Pearson's r) = 0.448934
################################################
Training set range: 242-160
Correlation coefficient (Pearson's r) = 0.396752
################################################
Training set range: 243-161
Correlation coefficient (Pearson's r) = 0.437819
################################################
Training set range: 244-162
Correlation coefficient (Pearson's r) = 0.442951
################################################
Training set range: 245-163
Correlation coefficient (Pearson's r) = 0.456708
################################################
Training set range: 246-164
Correlation coefficient (Pearson's r) = 0.414899
################################################
Training set range: 247-165
Correlation coefficient (Pearson's r) = 0.459029
################################################
Training set range: 248-166
Correlation coefficient (Pearson's r) = 0.368243
################################################
Training set range: 249-167
Correlation coefficient (Pearson's r) = 0.463665
################################################
Training set range: 250-168
Correlation coefficient (Pearson's r) = 0.496376
################################################
Training set range: 251-169
Correlation coefficient (Pearson's r) = 0.441321
################################################
Training set range: 252-170
Correlation coefficient (Pearson's r) = 0.374697
################################################
Training set range: 253-171
Correlation coefficient (Pearson's r) = 0.382824
################################################
Training set range: 254-172
Correlation coefficient (Pearson's r) = 0.480040
################################################
Training set range: 255-173
Correlation coefficient (Pearson's r) = 0.414428
################################################
Training set range: 256-174
Correlation coefficient (Pearson's r) = 0.448833
################################################
Training set range: 257-175
Correlation coefficient (Pearson's r) = 0.420161
################################################
Training set range: 258-176
Correlation coefficient (Pearson's r) = 0.324226
################################################
Training set range: 259-177
Correlation coefficient (Pearson's r) = 0.323761
################################################
Training set range: 260-178
Correlation coefficient (Pearson's r) = 0.397342
################################################
Training set range: 261-179
Correlation coefficient (Pearson's r) = 0.421890
################################################
Training set range: 262-180
Correlation coefficient (Pearson's r) = 0.427219
################################################
Training set range: 263-181
Correlation coefficient (Pearson's r) = 0.364736
################################################
Training set range: 264-182
Correlation coefficient (Pearson's r) = 0.396472
################################################
Training set range: 265-183
Correlation coefficient (Pearson's r) = 0.396192
################################################
Training set range: 266-184
Correlation coefficient (Pearson's r) = 0.363469
################################################
Training set range: 267-185
Correlation coefficient (Pearson's r) = 0.492728
################################################
Training set range: 268-186
Correlation coefficient (Pearson's r) = 0.398899
################################################
Training set range: 269-187
Correlation coefficient (Pearson's r) = 0.365795
################################################
Training set range: 270-188
Correlation coefficient (Pearson's r) = 0.480973
################################################
Training set range: 271-189
Correlation coefficient (Pearson's r) = 0.414047
################################################
Training set range: 272-190
Correlation coefficient (Pearson's r) = 0.460512
################################################
Training set range: 273-191
Correlation coefficient (Pearson's r) = 0.364819
################################################
Training set range: 274-192
Correlation coefficient (Pearson's r) = 0.334613
################################################
Training set range: 275-193
Correlation coefficient (Pearson's r) = 0.385073
################################################
Training set range: 276-194
Correlation coefficient (Pearson's r) = 0.373677
################################################
Training set range: 277-195
Correlation coefficient (Pearson's r) = 0.324499
################################################
Training set range: 278-196
Correlation coefficient (Pearson's r) = 0.354430
################################################
Training set range: 279-197
Correlation coefficient (Pearson's r) = 0.380627
################################################
Training set range: 280-198
Correlation coefficient (Pearson's r) = 0.304510
################################################
Training set range: 281-199
Correlation coefficient (Pearson's r) = 0.464746
################################################
Training set range: 282-200
Correlation coefficient (Pearson's r) = 0.394494
################################################
Training set range: 283-201
Correlation coefficient (Pearson's r) = 0.353992
################################################
Training set range: 284-202
Correlation coefficient (Pearson's r) = 0.373437
################################################
Training set range: 285-203
Correlation coefficient (Pearson's r) = 0.313824
################################################
Training set range: 286-204
Correlation coefficient (Pearson's r) = 0.275094
################################################
Training set range: 287-205
Correlation coefficient (Pearson's r) = 0.302961
################################################
Training set range: 288-206
Correlation coefficient (Pearson's r) = 0.285538
################################################
Training set range: 289-207
Correlation coefficient (Pearson's r) = 0.403998
################################################
Training set range: 290-208
Correlation coefficient (Pearson's r) = 0.433979
################################################
Training set range: 291-209
Correlation coefficient (Pearson's r) = 0.391782
################################################
Training set range: 292-210
Correlation coefficient (Pearson's r) = 0.169800
################################################
Training set range: 293-211
Correlation coefficient (Pearson's r) = 0.391745
################################################
Training set range: 294-212
Correlation coefficient (Pearson's r) = 0.351604
################################################
Training set range: 295-213
Correlation coefficient (Pearson's r) = 0.412037
################################################
Training set range: 296-214
Correlation coefficient (Pearson's r) = 0.456620
################################################
Training set range: 297-215
Correlation coefficient (Pearson's r) = 0.420849
################################################
Training set range: 298-216
Correlation coefficient (Pearson's r) = 0.288293
################################################
Training set range: 299-217
Correlation coefficient (Pearson's r) = 0.354461
################################################
Training set range: 300-218
Correlation coefficient (Pearson's r) = 0.382519
################################################
Training set range: 301-219
Correlation coefficient (Pearson's r) = 0.323673
################################################
Training set range: 302-220
Correlation coefficient (Pearson's r) = 0.319507
################################################
Training set range: 303-221
Correlation coefficient (Pearson's r) = 0.341340
################################################
Training set range: 304-222
Correlation coefficient (Pearson's r) = 0.355753
################################################
Training set range: 305-223
Correlation coefficient (Pearson's r) = 0.421339
################################################
Training set range: 306-224
Correlation coefficient (Pearson's r) = 0.438463
################################################
Training set range: 307-225
Correlation coefficient (Pearson's r) = 0.303621
################################################
Training set range: 308-226
Correlation coefficient (Pearson's r) = 0.322560
################################################
Training set range: 309-227
Correlation coefficient (Pearson's r) = 0.328117
################################################
Training set range: 310-228
Correlation coefficient (Pearson's r) = 0.345342
################################################
Training set range: 311-229
Correlation coefficient (Pearson's r) = 0.385284
################################################
Training set range: 312-230
Correlation coefficient (Pearson's r) = 0.351524
################################################
Training set range: 313-231
Correlation coefficient (Pearson's r) = 0.322623
################################################
Training set range: 314-232
Correlation coefficient (Pearson's r) = 0.356311
################################################
Training set range: 315-233
Correlation coefficient (Pearson's r) = 0.326560
################################################
Training set range: 316-234
Correlation coefficient (Pearson's r) = 0.307824
################################################
Training set range: 317-235
Correlation coefficient (Pearson's r) = 0.210281
################################################
Training set range: 318-236
Correlation coefficient (Pearson's r) = 0.377387
################################################
Training set range: 319-237
Correlation coefficient (Pearson's r) = 0.386815
################################################
Training set range: 320-238
Correlation coefficient (Pearson's r) = 0.298781
################################################
Training set range: 321-239
Correlation coefficient (Pearson's r) = 0.209668
################################################
Training set range: 322-240
Correlation coefficient (Pearson's r) = 0.266344
################################################
Training set range: 323-241
Correlation coefficient (Pearson's r) = 0.246733
################################################
Training set range: 324-242
Correlation coefficient (Pearson's r) = 0.129191
################################################
Training set range: 325-243
Correlation coefficient (Pearson's r) = 0.271056
################################################
Training set range: 326-244
Correlation coefficient (Pearson's r) = 0.297131
################################################
Training set range: 327-245
Correlation coefficient (Pearson's r) = 0.169588
################################################
Training set range: 328-246
Correlation coefficient (Pearson's r) = 0.327732
################################################
Training set range: 329-247
Correlation coefficient (Pearson's r) = 0.301724
################################################
Training set range: 330-248
Correlation coefficient (Pearson's r) = 0.245419
################################################
Training set range: 331-249
Correlation coefficient (Pearson's r) = 0.373731
################################################
Training set range: 332-250
Correlation coefficient (Pearson's r) = 0.373058
################################################
Training set range: 333-251
Correlation coefficient (Pearson's r) = 0.370952
################################################
Training set range: 334-252
Correlation coefficient (Pearson's r) = 0.327597
################################################
Training set range: 335-253
Correlation coefficient (Pearson's r) = 0.371435
################################################
Training set range: 336-254
Correlation coefficient (Pearson's r) = 0.277318
################################################
Training set range: 337-255
Correlation coefficient (Pearson's r) = 0.348348
################################################
Training set range: 338-256
Correlation coefficient (Pearson's r) = 0.333827
################################################
Training set range: 339-257
Correlation coefficient (Pearson's r) = 0.119931
################################################
Training set range: 340-258
Correlation coefficient (Pearson's r) = 0.161484
################################################
Training set range: 341-259
Correlation coefficient (Pearson's r) = 0.168715
################################################
Training set range: 342-260
Correlation coefficient (Pearson's r) = 0.145915
################################################
Training set range: 343-261
Correlation coefficient (Pearson's r) = 0.296793
################################################
Training set range: 344-262
Correlation coefficient (Pearson's r) = 0.297376
################################################
Training set range: 345-263
Correlation coefficient (Pearson's r) = 0.306872
################################################
Training set range: 346-264
Correlation coefficient (Pearson's r) = 0.146404
################################################
Training set range: 347-265
Correlation coefficient (Pearson's r) = 0.217922
################################################
Training set range: 348-266
Correlation coefficient (Pearson's r) = 0.212529
################################################
Training set range: 349-267
Correlation coefficient (Pearson's r) = 0.324332
################################################
Training set range: 350-268
Correlation coefficient (Pearson's r) = 0.336509
################################################
Training set range: 351-269
Correlation coefficient (Pearson's r) = 0.142300
################################################
Training set range: 352-270
Correlation coefficient (Pearson's r) = 0.239304
################################################
Training set range: 353-271
Correlation coefficient (Pearson's r) = 0.246520
################################################
Training set range: 354-272
Correlation coefficient (Pearson's r) = 0.251713
################################################
Training set range: 355-273
Correlation coefficient (Pearson's r) = 0.244702
################################################
Training set range: 356-274
Correlation coefficient (Pearson's r) = 0.303485
################################################
Training set range: 357-275
Correlation coefficient (Pearson's r) = 0.261886
################################################
Training set range: 358-276
Correlation coefficient (Pearson's r) = 0.259045
################################################
Training set range: 359-277
Correlation coefficient (Pearson's r) = 0.173300
################################################
Training set range: 360-278
Correlation coefficient (Pearson's r) = 0.226413
################################################
Training set range: 361-279
Correlation coefficient (Pearson's r) = 0.277446
################################################
Training set range: 362-280
Correlation coefficient (Pearson's r) = 0.258256
################################################
Training set range: 363-281
Correlation coefficient (Pearson's r) = 0.230971
################################################
Training set range: 364-282
Correlation coefficient (Pearson's r) = 0.449281
################################################
Training set range: 365-283
Correlation coefficient (Pearson's r) = 0.371228
################################################
Training set range: 366-284
Correlation coefficient (Pearson's r) = 0.414734
################################################
Training set range: 367-285
Correlation coefficient (Pearson's r) = 0.369613
################################################
Training set range: 368-286
Correlation coefficient (Pearson's r) = 0.360672
################################################
Training set range: 369-287
Correlation coefficient (Pearson's r) = 0.364645
################################################
Training set range: 370-288
Correlation coefficient (Pearson's r) = 0.367811
################################################
Training set range: 371-289
Correlation coefficient (Pearson's r) = 0.334359
################################################
Training set range: 372-290
Correlation coefficient (Pearson's r) = 0.176071
################################################
Training set range: 373-291
Correlation coefficient (Pearson's r) = 0.248460
################################################
Training set range: 374-292
Correlation coefficient (Pearson's r) = 0.413890
################################################
Training set range: 375-293
Correlation coefficient (Pearson's r) = 0.412040
################################################
Training set range: 376-294
Correlation coefficient (Pearson's r) = 0.326512
################################################
Training set range: 377-295
Correlation coefficient (Pearson's r) = 0.412460
################################################
Training set range: 378-296
Correlation coefficient (Pearson's r) = 0.446841
################################################
Training set range: 379-297
Correlation coefficient (Pearson's r) = 0.481071
################################################
Training set range: 380-298
Correlation coefficient (Pearson's r) = 0.607254
################################################
Training set range: 381-299
Correlation coefficient (Pearson's r) = 0.647142
################################################
Training set range: 382-300
Correlation coefficient (Pearson's r) = 0.612560
################################################
Training set range: 383-301
Correlation coefficient (Pearson's r) = 0.561746
################################################
Training set range: 384-302
Correlation coefficient (Pearson's r) = 0.598234
################################################
Training set range: 385-303
Correlation coefficient (Pearson's r) = 0.590068
################################################
Training set range: 386-304
Correlation coefficient (Pearson's r) = 0.595491
################################################
Training set range: 387-305
Correlation coefficient (Pearson's r) = 0.556016
################################################
Training set range: 388-306
Correlation coefficient (Pearson's r) = 0.601415
################################################
Training set range: 389-307
Correlation coefficient (Pearson's r) = 0.671349
################################################
Training set range: 390-308
Correlation coefficient (Pearson's r) = 0.720905
################################################
Training set range: 391-309
Correlation coefficient (Pearson's r) = 0.649574
################################################
Training set range: 392-310
Correlation coefficient (Pearson's r) = 0.565180
################################################
Training set range: 393-311
Correlation coefficient (Pearson's r) = 0.545288
################################################
Training set range: 394-312
Correlation coefficient (Pearson's r) = 0.606614
################################################
Training set range: 395-313
Correlation coefficient (Pearson's r) = 0.619313
################################################
Training set range: 396-314
Correlation coefficient (Pearson's r) = 0.546255
################################################
Training set range: 397-315
Correlation coefficient (Pearson's r) = 0.513303
################################################
Training set range: 398-316
Correlation coefficient (Pearson's r) = 0.643649
################################################
Training set range: 399-317
Correlation coefficient (Pearson's r) = 0.613481
################################################
