Training set range: 1-400
Correlation coefficient (Pearson's r) = 0.430476
################################################
Training set range: 2-401
Correlation coefficient (Pearson's r) = 0.323374
################################################
Training set range: 3-402
Correlation coefficient (Pearson's r) = 0.171589
################################################
Training set range: 4-403
Correlation coefficient (Pearson's r) = 0.321418
################################################
Training set range: 5-404
Correlation coefficient (Pearson's r) = 0.266125
################################################
Training set range: 6-405
Correlation coefficient (Pearson's r) = 0.300914
################################################
Training set range: 7-406
Correlation coefficient (Pearson's r) = 0.353309
################################################
Training set range: 8-407
Correlation coefficient (Pearson's r) = 0.412824
################################################
Training set range: 9-408
Correlation coefficient (Pearson's r) = 0.612025
################################################
Training set range: 10-409
Correlation coefficient (Pearson's r) = 0.446228
################################################
Training set range: 11-410
Correlation coefficient (Pearson's r) = 0.635457
################################################
Training set range: 12-411
Correlation coefficient (Pearson's r) = 0.315601
################################################
Training set range: 13-412
Correlation coefficient (Pearson's r) = 0.205407
################################################
Training set range: 14-413
Correlation coefficient (Pearson's r) = 0.470553
################################################
Training set range: 15-414
Correlation coefficient (Pearson's r) = 0.560204
################################################
Training set range: 16-415
Correlation coefficient (Pearson's r) = 0.621225
################################################
Training set range: 17-416
Correlation coefficient (Pearson's r) = 0.466003
################################################
Training set range: 18-417
Correlation coefficient (Pearson's r) = 0.459238
################################################
Training set range: 19-418
Correlation coefficient (Pearson's r) = 0.419371
################################################
Training set range: 20-419
Correlation coefficient (Pearson's r) = 0.619464
################################################
Training set range: 21-420
Correlation coefficient (Pearson's r) = 0.638044
################################################
Training set range: 22-421
Correlation coefficient (Pearson's r) = 0.514425
################################################
Training set range: 23-422
Correlation coefficient (Pearson's r) = 0.631070
################################################
Training set range: 24-423
Correlation coefficient (Pearson's r) = 0.486237
################################################
Training set range: 25-424
Correlation coefficient (Pearson's r) = 0.495378
################################################
Training set range: 26-425
Correlation coefficient (Pearson's r) = 0.503325
################################################
Training set range: 27-426
Correlation coefficient (Pearson's r) = 0.541613
################################################
Training set range: 28-427
Correlation coefficient (Pearson's r) = 0.547327
################################################
Training set range: 29-428
Correlation coefficient (Pearson's r) = 0.478019
################################################
Training set range: 30-429
Correlation coefficient (Pearson's r) = 0.285895
################################################
Training set range: 31-430
Correlation coefficient (Pearson's r) = 0.437941
################################################
Training set range: 32-431
Correlation coefficient (Pearson's r) = 0.379189
################################################
Training set range: 33-432
Correlation coefficient (Pearson's r) = 0.492347
################################################
Training set range: 34-433
Correlation coefficient (Pearson's r) = 0.450526
################################################
Training set range: 35-434
Correlation coefficient (Pearson's r) = 0.445780
################################################
Training set range: 36-435
Correlation coefficient (Pearson's r) = 0.404861
################################################
Training set range: 37-436
Correlation coefficient (Pearson's r) = 0.352661
################################################
Training set range: 38-437
Correlation coefficient (Pearson's r) = 0.470845
################################################
Training set range: 39-438
Correlation coefficient (Pearson's r) = 0.342870
################################################
Training set range: 40-439
Correlation coefficient (Pearson's r) = 0.328401
################################################
Training set range: 41-440
Correlation coefficient (Pearson's r) = 0.316689
################################################
Training set range: 42-441
Correlation coefficient (Pearson's r) = 0.367658
################################################
Training set range: 43-442
Correlation coefficient (Pearson's r) = 0.265702
################################################
Training set range: 44-443
Correlation coefficient (Pearson's r) = 0.188750
################################################
Training set range: 45-444
Correlation coefficient (Pearson's r) = 0.279440
################################################
Training set range: 46-445
Correlation coefficient (Pearson's r) = 0.316978
################################################
Training set range: 47-446
Correlation coefficient (Pearson's r) = 0.271471
################################################
Training set range: 48-447
Correlation coefficient (Pearson's r) = 0.275026
################################################
Training set range: 49-448
Correlation coefficient (Pearson's r) = 0.334461
################################################
Training set range: 50-449
Correlation coefficient (Pearson's r) = 0.311820
################################################
Training set range: 51-450
Correlation coefficient (Pearson's r) = 0.195779
################################################
Training set range: 52-451
Correlation coefficient (Pearson's r) = 0.364683
################################################
Training set range: 53-452
Correlation coefficient (Pearson's r) = 0.316739
################################################
Training set range: 54-453
Correlation coefficient (Pearson's r) = 0.440302
################################################
Training set range: 55-454
Correlation coefficient (Pearson's r) = 0.399529
################################################
Training set range: 56-455
Correlation coefficient (Pearson's r) = 0.414985
################################################
Training set range: 57-456
Correlation coefficient (Pearson's r) = 0.346036
################################################
Training set range: 58-457
Correlation coefficient (Pearson's r) = 0.322351
################################################
Training set range: 59-458
Correlation coefficient (Pearson's r) = 0.256913
################################################
Training set range: 60-459
Correlation coefficient (Pearson's r) = 0.389155
################################################
Training set range: 61-460
Correlation coefficient (Pearson's r) = 0.169900
################################################
Training set range: 62-461
Correlation coefficient (Pearson's r) = 0.281871
################################################
Training set range: 63-462
Correlation coefficient (Pearson's r) = 0.260408
################################################
Training set range: 64-463
Correlation coefficient (Pearson's r) = 0.190828
################################################
Training set range: 65-464
Correlation coefficient (Pearson's r) = 0.075246
################################################
Training set range: 66-465
Correlation coefficient (Pearson's r) = 0.193353
################################################
Training set range: 67-466
Correlation coefficient (Pearson's r) = 0.323235
################################################
Training set range: 68-467
Correlation coefficient (Pearson's r) = 0.286268
################################################
Training set range: 69-468
Correlation coefficient (Pearson's r) = 0.198808
################################################
Training set range: 70-469
Correlation coefficient (Pearson's r) = 0.092019
################################################
Training set range: 71-470
Correlation coefficient (Pearson's r) = 0.130703
################################################
Training set range: 72-471
Correlation coefficient (Pearson's r) = 0.121684
################################################
Training set range: 73-472
Correlation coefficient (Pearson's r) = 0.073647
################################################
Training set range: 74-473
Correlation coefficient (Pearson's r) = 0.263334
################################################
Training set range: 75-474
Correlation coefficient (Pearson's r) = 0.181868
################################################
Training set range: 76-475
Correlation coefficient (Pearson's r) = 0.183592
################################################
Training set range: 77-476
Correlation coefficient (Pearson's r) = 0.336133
################################################
Training set range: 78-477
Correlation coefficient (Pearson's r) = 0.270839
################################################
Training set range: 79-478
Correlation coefficient (Pearson's r) = 0.338198
################################################
Training set range: 80-479
Correlation coefficient (Pearson's r) = 0.180289
################################################
Training set range: 81-480
Correlation coefficient (Pearson's r) = 0.273889
################################################
Training set range: 82-481
Correlation coefficient (Pearson's r) = 0.117935
################################################
Training set range: 83-1
Correlation coefficient (Pearson's r) = 0.306068
################################################
Training set range: 84-2
Correlation coefficient (Pearson's r) = 0.169960
################################################
Training set range: 85-3
Correlation coefficient (Pearson's r) = 0.285540
################################################
Training set range: 86-4
Correlation coefficient (Pearson's r) = 0.232828
################################################
Training set range: 87-5
Correlation coefficient (Pearson's r) = 0.243476
################################################
Training set range: 88-6
Correlation coefficient (Pearson's r) = 0.498633
################################################
Training set range: 89-7
Correlation coefficient (Pearson's r) = 0.466925
################################################
Training set range: 90-8
Correlation coefficient (Pearson's r) = 0.288430
################################################
Training set range: 91-9
Correlation coefficient (Pearson's r) = 0.320955
################################################
Training set range: 92-10
Correlation coefficient (Pearson's r) = 0.398843
################################################
Training set range: 93-11
Correlation coefficient (Pearson's r) = 0.490785
################################################
Training set range: 94-12
Correlation coefficient (Pearson's r) = 0.443211
################################################
Training set range: 95-13
Correlation coefficient (Pearson's r) = 0.358046
################################################
Training set range: 96-14
Correlation coefficient (Pearson's r) = 0.383350
################################################
Training set range: 97-15
Correlation coefficient (Pearson's r) = 0.421721
################################################
Training set range: 98-16
Correlation coefficient (Pearson's r) = 0.421430
################################################
Training set range: 99-17
Correlation coefficient (Pearson's r) = 0.429286
################################################
Training set range: 100-18
Correlation coefficient (Pearson's r) = 0.167504
################################################
Training set range: 101-19
Correlation coefficient (Pearson's r) = 0.320699
################################################
Training set range: 102-20
Correlation coefficient (Pearson's r) = 0.320188
################################################
Training set range: 103-21
Correlation coefficient (Pearson's r) = 0.273855
################################################
Training set range: 104-22
Correlation coefficient (Pearson's r) = 0.413659
################################################
Training set range: 105-23
Correlation coefficient (Pearson's r) = 0.361264
################################################
Training set range: 106-24
Correlation coefficient (Pearson's r) = 0.419071
################################################
Training set range: 107-25
Correlation coefficient (Pearson's r) = 0.431328
################################################
Training set range: 108-26
Correlation coefficient (Pearson's r) = 0.383684
################################################
Training set range: 109-27
Correlation coefficient (Pearson's r) = 0.285535
################################################
Training set range: 110-28
Correlation coefficient (Pearson's r) = 0.333217
################################################
Training set range: 111-29
Correlation coefficient (Pearson's r) = 0.359993
################################################
Training set range: 112-30
Correlation coefficient (Pearson's r) = 0.286377
################################################
Training set range: 113-31
Correlation coefficient (Pearson's r) = 0.484952
################################################
Training set range: 114-32
Correlation coefficient (Pearson's r) = 0.558818
################################################
Training set range: 115-33
Correlation coefficient (Pearson's r) = 0.595971
################################################
Training set range: 116-34
Correlation coefficient (Pearson's r) = 0.523341
################################################
Training set range: 117-35
Correlation coefficient (Pearson's r) = 0.556510
################################################
Training set range: 118-36
Correlation coefficient (Pearson's r) = 0.502808
################################################
Training set range: 119-37
Correlation coefficient (Pearson's r) = 0.584205
################################################
Training set range: 120-38
Correlation coefficient (Pearson's r) = 0.653861
################################################
Training set range: 121-39
Correlation coefficient (Pearson's r) = 0.637303
################################################
Training set range: 122-40
Correlation coefficient (Pearson's r) = 0.666800
################################################
Training set range: 123-41
Correlation coefficient (Pearson's r) = 0.508910
################################################
Training set range: 124-42
Correlation coefficient (Pearson's r) = 0.580305
################################################
Training set range: 125-43
Correlation coefficient (Pearson's r) = 0.429642
################################################
Training set range: 126-44
Correlation coefficient (Pearson's r) = 0.425600
################################################
Training set range: 127-45
Correlation coefficient (Pearson's r) = 0.349910
################################################
Training set range: 128-46
Correlation coefficient (Pearson's r) = 0.400203
################################################
Training set range: 129-47
Correlation coefficient (Pearson's r) = 0.397316
################################################
Training set range: 130-48
Correlation coefficient (Pearson's r) = 0.440151
################################################
Training set range: 131-49
Correlation coefficient (Pearson's r) = 0.396001
################################################
Training set range: 132-50
Correlation coefficient (Pearson's r) = 0.469064
################################################
Training set range: 133-51
Correlation coefficient (Pearson's r) = 0.360890
################################################
Training set range: 134-52
Correlation coefficient (Pearson's r) = 0.313583
################################################
Training set range: 135-53
Correlation coefficient (Pearson's r) = 0.318236
################################################
Training set range: 136-54
Correlation coefficient (Pearson's r) = 0.067251
################################################
Training set range: 137-55
Correlation coefficient (Pearson's r) = 0.289660
################################################
Training set range: 138-56
Correlation coefficient (Pearson's r) = 0.299499
################################################
Training set range: 139-57
Correlation coefficient (Pearson's r) = 0.384916
################################################
Training set range: 140-58
Correlation coefficient (Pearson's r) = 0.423595
################################################
Training set range: 141-59
Correlation coefficient (Pearson's r) = 0.266476
################################################
Training set range: 142-60
Correlation coefficient (Pearson's r) = 0.039631
################################################
Training set range: 143-61
Correlation coefficient (Pearson's r) = 0.098199
################################################
Training set range: 144-62
Correlation coefficient (Pearson's r) = 0.240803
################################################
Training set range: 145-63
Correlation coefficient (Pearson's r) = 0.261446
################################################
Training set range: 146-64
Correlation coefficient (Pearson's r) = 0.431319
################################################
Training set range: 147-65
Correlation coefficient (Pearson's r) = 0.322420
################################################
Training set range: 148-66
Correlation coefficient (Pearson's r) = 0.327045
################################################
Training set range: 149-67
Correlation coefficient (Pearson's r) = 0.191713
################################################
Training set range: 150-68
Correlation coefficient (Pearson's r) = 0.134883
################################################
Training set range: 151-69
Correlation coefficient (Pearson's r) = 0.318099
################################################
Training set range: 152-70
Correlation coefficient (Pearson's r) = 0.333515
################################################
Training set range: 153-71
Correlation coefficient (Pearson's r) = 0.151900
################################################
Training set range: 154-72
Correlation coefficient (Pearson's r) = 0.161909
################################################
Training set range: 155-73
Correlation coefficient (Pearson's r) = 0.115486
################################################
Training set range: 156-74
Correlation coefficient (Pearson's r) = 0.440469
################################################
Training set range: 157-75
Correlation coefficient (Pearson's r) = 0.169284
################################################
Training set range: 158-76
Correlation coefficient (Pearson's r) = 0.226028
################################################
Training set range: 159-77
Correlation coefficient (Pearson's r) = 0.178415
################################################
Training set range: 160-78
Correlation coefficient (Pearson's r) = 0.325838
################################################
Training set range: 161-79
Correlation coefficient (Pearson's r) = 0.279034
################################################
Training set range: 162-80
Correlation coefficient (Pearson's r) = 0.202997
################################################
Training set range: 163-81
Correlation coefficient (Pearson's r) = 0.226256
################################################
Training set range: 164-82
Correlation coefficient (Pearson's r) = 0.363112
################################################
Training set range: 165-83
Correlation coefficient (Pearson's r) = 0.353705
################################################
Training set range: 166-84
Correlation coefficient (Pearson's r) = 0.195442
################################################
Training set range: 167-85
Correlation coefficient (Pearson's r) = 0.266625
################################################
Training set range: 168-86
Correlation coefficient (Pearson's r) = 0.269025
################################################
Training set range: 169-87
Correlation coefficient (Pearson's r) = 0.249713
################################################
Training set range: 170-88
Correlation coefficient (Pearson's r) = 0.257075
################################################
Training set range: 171-89
Correlation coefficient (Pearson's r) = 0.368480
################################################
Training set range: 172-90
Correlation coefficient (Pearson's r) = 0.251956
################################################
Training set range: 173-91
Correlation coefficient (Pearson's r) = 0.255927
################################################
Training set range: 174-92
Correlation coefficient (Pearson's r) = 0.133149
################################################
Training set range: 175-93
Correlation coefficient (Pearson's r) = 0.202778
################################################
Training set range: 176-94
Correlation coefficient (Pearson's r) = 0.249663
################################################
Training set range: 177-95
Correlation coefficient (Pearson's r) = 0.293063
################################################
Training set range: 178-96
Correlation coefficient (Pearson's r) = 0.164541
################################################
Training set range: 179-97
Correlation coefficient (Pearson's r) = 0.223527
################################################
Training set range: 180-98
Correlation coefficient (Pearson's r) = 0.328696
################################################
Training set range: 181-99
Correlation coefficient (Pearson's r) = 0.301039
################################################
Training set range: 182-100
Correlation coefficient (Pearson's r) = 0.120000
################################################
Training set range: 183-101
Correlation coefficient (Pearson's r) = 0.243941
################################################
Training set range: 184-102
Correlation coefficient (Pearson's r) = 0.283504
################################################
Training set range: 185-103
Correlation coefficient (Pearson's r) = 0.061362
################################################
Training set range: 186-104
Correlation coefficient (Pearson's r) = 0.070607
################################################
Training set range: 187-105
Correlation coefficient (Pearson's r) = 0.262821
################################################
Training set range: 188-106
Correlation coefficient (Pearson's r) = 0.283765
################################################
Training set range: 189-107
Correlation coefficient (Pearson's r) = 0.112000
################################################
Training set range: 190-108
Correlation coefficient (Pearson's r) = 0.152612
################################################
Training set range: 191-109
Correlation coefficient (Pearson's r) = 0.167303
################################################
Training set range: 192-110
Correlation coefficient (Pearson's r) = 0.192294
################################################
Training set range: 193-111
Correlation coefficient (Pearson's r) = 0.212136
################################################
Training set range: 194-112
Correlation coefficient (Pearson's r) = 0.279560
################################################
Training set range: 195-113
Correlation coefficient (Pearson's r) = 0.290045
################################################
Training set range: 196-114
Correlation coefficient (Pearson's r) = 0.229629
################################################
Training set range: 197-115
Correlation coefficient (Pearson's r) = 0.332092
################################################
Training set range: 198-116
Correlation coefficient (Pearson's r) = 0.395652
################################################
Training set range: 199-117
Correlation coefficient (Pearson's r) = 0.342582
################################################
Training set range: 200-118
Correlation coefficient (Pearson's r) = 0.314635
################################################
Training set range: 201-119
Correlation coefficient (Pearson's r) = 0.385430
################################################
Training set range: 202-120
Correlation coefficient (Pearson's r) = 0.294727
################################################
Training set range: 203-121
Correlation coefficient (Pearson's r) = 0.335253
################################################
Training set range: 204-122
Correlation coefficient (Pearson's r) = 0.306274
################################################
Training set range: 205-123
Correlation coefficient (Pearson's r) = 0.346474
################################################
Training set range: 206-124
Correlation coefficient (Pearson's r) = 0.389042
################################################
Training set range: 207-125
Correlation coefficient (Pearson's r) = 0.372932
################################################
Training set range: 208-126
Correlation coefficient (Pearson's r) = 0.547206
################################################
Training set range: 209-127
Correlation coefficient (Pearson's r) = 0.237566
################################################
Training set range: 210-128
Correlation coefficient (Pearson's r) = 0.290911
################################################
Training set range: 211-129
Correlation coefficient (Pearson's r) = 0.294770
################################################
Training set range: 212-130
Correlation coefficient (Pearson's r) = 0.346807
################################################
Training set range: 213-131
Correlation coefficient (Pearson's r) = 0.266228
################################################
Training set range: 214-132
Correlation coefficient (Pearson's r) = 0.215110
################################################
Training set range: 215-133
Correlation coefficient (Pearson's r) = 0.422299
################################################
Training set range: 216-134
Correlation coefficient (Pearson's r) = 0.390964
################################################
Training set range: 217-135
Correlation coefficient (Pearson's r) = 0.311292
################################################
Training set range: 218-136
Correlation coefficient (Pearson's r) = 0.369263
################################################
Training set range: 219-137
Correlation coefficient (Pearson's r) = 0.424185
################################################
Training set range: 220-138
Correlation coefficient (Pearson's r) = 0.378503
################################################
Training set range: 221-139
Correlation coefficient (Pearson's r) = 0.303417
################################################
Training set range: 222-140
Correlation coefficient (Pearson's r) = 0.348501
################################################
Training set range: 223-141
Correlation coefficient (Pearson's r) = 0.320863
################################################
Training set range: 224-142
Correlation coefficient (Pearson's r) = 0.426627
################################################
Training set range: 225-143
Correlation coefficient (Pearson's r) = 0.460435
################################################
Training set range: 226-144
Correlation coefficient (Pearson's r) = 0.432524
################################################
Training set range: 227-145
Correlation coefficient (Pearson's r) = 0.420008
################################################
Training set range: 228-146
Correlation coefficient (Pearson's r) = 0.346548
################################################
Training set range: 229-147
Correlation coefficient (Pearson's r) = 0.348262
################################################
Training set range: 230-148
Correlation coefficient (Pearson's r) = 0.379724
################################################
Training set range: 231-149
Correlation coefficient (Pearson's r) = 0.207177
################################################
Training set range: 232-150
Correlation coefficient (Pearson's r) = 0.442725
################################################
Training set range: 233-151
Correlation coefficient (Pearson's r) = 0.263133
################################################
Training set range: 234-152
Correlation coefficient (Pearson's r) = 0.060476
################################################
Training set range: 235-153
Correlation coefficient (Pearson's r) = 0.029950
################################################
Training set range: 236-154
Correlation coefficient (Pearson's r) = 0.250904
################################################
Training set range: 237-155
Correlation coefficient (Pearson's r) = 0.082735
################################################
Training set range: 238-156
Correlation coefficient (Pearson's r) = 0.096806
################################################
Training set range: 239-157
Correlation coefficient (Pearson's r) = 0.243802
################################################
Training set range: 240-158
Correlation coefficient (Pearson's r) = 0.307360
################################################
Training set range: 241-159
Correlation coefficient (Pearson's r) = 0.230322
################################################
Training set range: 242-160
Correlation coefficient (Pearson's r) = 0.339960
################################################
Training set range: 243-161
Correlation coefficient (Pearson's r) = 0.235122
################################################
Training set range: 244-162
Correlation coefficient (Pearson's r) = 0.300454
################################################
Training set range: 245-163
Correlation coefficient (Pearson's r) = 0.125788
################################################
Training set range: 246-164
Correlation coefficient (Pearson's r) = 0.260196
################################################
Training set range: 247-165
Correlation coefficient (Pearson's r) = 0.314438
################################################
Training set range: 248-166
Correlation coefficient (Pearson's r) = 0.161502
################################################
Training set range: 249-167
Correlation coefficient (Pearson's r) = 0.283585
################################################
Training set range: 250-168
Correlation coefficient (Pearson's r) = 0.372271
################################################
Training set range: 251-169
Correlation coefficient (Pearson's r) = 0.423431
################################################
Training set range: 252-170
Correlation coefficient (Pearson's r) = 0.188402
################################################
Training set range: 253-171
Correlation coefficient (Pearson's r) = 0.115929
################################################
Training set range: 254-172
Correlation coefficient (Pearson's r) = 0.171739
################################################
Training set range: 255-173
Correlation coefficient (Pearson's r) = 0.134617
################################################
Training set range: 256-174
Correlation coefficient (Pearson's r) = 0.162076
################################################
Training set range: 257-175
Correlation coefficient (Pearson's r) = 0.399134
################################################
Training set range: 258-176
Correlation coefficient (Pearson's r) = 0.134492
################################################
Training set range: 259-177
Correlation coefficient (Pearson's r) = 0.499755
################################################
Training set range: 260-178
Correlation coefficient (Pearson's r) = 0.322695
################################################
Training set range: 261-179
Correlation coefficient (Pearson's r) = 0.117470
################################################
Training set range: 262-180
Correlation coefficient (Pearson's r) = 0.391699
################################################
Training set range: 263-181
Correlation coefficient (Pearson's r) = 0.369538
################################################
Training set range: 264-182
Correlation coefficient (Pearson's r) = 0.434043
################################################
Training set range: 265-183
Correlation coefficient (Pearson's r) = 0.336625
################################################
Training set range: 266-184
Correlation coefficient (Pearson's r) = 0.144936
################################################
Training set range: 267-185
Correlation coefficient (Pearson's r) = 0.219055
################################################
Training set range: 268-186
Correlation coefficient (Pearson's r) = 0.245851
################################################
Training set range: 269-187
Correlation coefficient (Pearson's r) = 0.274991
################################################
Training set range: 270-188
Correlation coefficient (Pearson's r) = 0.369551
################################################
Training set range: 271-189
Correlation coefficient (Pearson's r) = 0.278134
################################################
Training set range: 272-190
Correlation coefficient (Pearson's r) = 0.326532
################################################
Training set range: 273-191
Correlation coefficient (Pearson's r) = 0.188617
################################################
Training set range: 274-192
Correlation coefficient (Pearson's r) = 0.301256
################################################
Training set range: 275-193
Correlation coefficient (Pearson's r) = 0.135449
################################################
Training set range: 276-194
Correlation coefficient (Pearson's r) = 0.309606
################################################
Training set range: 277-195
Correlation coefficient (Pearson's r) = 0.463623
################################################
Training set range: 278-196
Correlation coefficient (Pearson's r) = 0.268246
################################################
Training set range: 279-197
Correlation coefficient (Pearson's r) = 0.254149
################################################
Training set range: 280-198
Correlation coefficient (Pearson's r) = 0.136125
################################################
Training set range: 281-199
Correlation coefficient (Pearson's r) = 0.231019
################################################
Training set range: 282-200
Correlation coefficient (Pearson's r) = 0.275955
################################################
Training set range: 283-201
Correlation coefficient (Pearson's r) = 0.064238
################################################
Training set range: 284-202
Correlation coefficient (Pearson's r) = 0.136341
################################################
Training set range: 285-203
Correlation coefficient (Pearson's r) = 0.033455
################################################
Training set range: 286-204
Correlation coefficient (Pearson's r) = -0.002727
################################################
Training set range: 287-205
Correlation coefficient (Pearson's r) = 0.089892
################################################
Training set range: 288-206
Correlation coefficient (Pearson's r) = 0.160813
################################################
Training set range: 289-207
Correlation coefficient (Pearson's r) = 0.254730
################################################
Training set range: 290-208
Correlation coefficient (Pearson's r) = 0.017335
################################################
Training set range: 291-209
Correlation coefficient (Pearson's r) = 0.185000
################################################
Training set range: 292-210
Correlation coefficient (Pearson's r) = 0.188740
################################################
Training set range: 293-211
Correlation coefficient (Pearson's r) = 0.088899
################################################
Training set range: 294-212
Correlation coefficient (Pearson's r) = 0.158585
################################################
Training set range: 295-213
Correlation coefficient (Pearson's r) = -0.147096
################################################
Training set range: 296-214
Correlation coefficient (Pearson's r) = 0.039158
################################################
Training set range: 297-215
Correlation coefficient (Pearson's r) = -0.019470
################################################
Training set range: 298-216
Correlation coefficient (Pearson's r) = 0.099775
################################################
Training set range: 299-217
Correlation coefficient (Pearson's r) = -0.001754
################################################
Training set range: 300-218
Correlation coefficient (Pearson's r) = -0.120262
################################################
Training set range: 301-219
Correlation coefficient (Pearson's r) = 0.541884
################################################
Training set range: 302-220
Correlation coefficient (Pearson's r) = 0.073732
################################################
Training set range: 303-221
Correlation coefficient (Pearson's r) = 0.278342
################################################
Training set range: 304-222
Correlation coefficient (Pearson's r) = 0.036088
################################################
Training set range: 305-223
Correlation coefficient (Pearson's r) = 0.119033
################################################
Training set range: 306-224
Correlation coefficient (Pearson's r) = 0.117354
################################################
Training set range: 307-225
Correlation coefficient (Pearson's r) = 0.053895
################################################
Training set range: 308-226
Correlation coefficient (Pearson's r) = 0.163957
################################################
Training set range: 309-227
Correlation coefficient (Pearson's r) = 0.070828
################################################
Training set range: 310-228
Correlation coefficient (Pearson's r) = 0.158161
################################################
Training set range: 311-229
Correlation coefficient (Pearson's r) = 0.318491
################################################
Training set range: 312-230
Correlation coefficient (Pearson's r) = 0.297845
################################################
Training set range: 313-231
Correlation coefficient (Pearson's r) = 0.168134
################################################
Training set range: 314-232
Correlation coefficient (Pearson's r) = 0.265345
################################################
Training set range: 315-233
Correlation coefficient (Pearson's r) = 0.307174
################################################
Training set range: 316-234
Correlation coefficient (Pearson's r) = 0.179411
################################################
Training set range: 317-235
Correlation coefficient (Pearson's r) = 0.040641
################################################
Training set range: 318-236
Correlation coefficient (Pearson's r) = 0.075091
################################################
Training set range: 319-237
Correlation coefficient (Pearson's r) = 0.193595
################################################
Training set range: 320-238
Correlation coefficient (Pearson's r) = 0.179587
################################################
Training set range: 321-239
Correlation coefficient (Pearson's r) = 0.057687
################################################
Training set range: 322-240
Correlation coefficient (Pearson's r) = 0.201189
################################################
Training set range: 323-241
Correlation coefficient (Pearson's r) = 0.188874
################################################
Training set range: 324-242
Correlation coefficient (Pearson's r) = 0.140814
################################################
Training set range: 325-243
Correlation coefficient (Pearson's r) = 0.217902
################################################
Training set range: 326-244
Correlation coefficient (Pearson's r) = 0.283227
################################################
Training set range: 327-245
Correlation coefficient (Pearson's r) = 0.193508
################################################
Training set range: 328-246
Correlation coefficient (Pearson's r) = 0.181223
################################################
Training set range: 329-247
Correlation coefficient (Pearson's r) = 0.233950
################################################
Training set range: 330-248
Correlation coefficient (Pearson's r) = 0.019245
################################################
Training set range: 331-249
Correlation coefficient (Pearson's r) = 0.252904
################################################
Training set range: 332-250
Correlation coefficient (Pearson's r) = 0.215930
################################################
Training set range: 333-251
Correlation coefficient (Pearson's r) = 0.201679
################################################
Training set range: 334-252
Correlation coefficient (Pearson's r) = 0.259852
################################################
Training set range: 335-253
Correlation coefficient (Pearson's r) = 0.066237
################################################
Training set range: 336-254
Correlation coefficient (Pearson's r) = 0.272229
################################################
Training set range: 337-255
Correlation coefficient (Pearson's r) = 0.221736
################################################
Training set range: 338-256
Correlation coefficient (Pearson's r) = 0.321795
################################################
Training set range: 339-257
Correlation coefficient (Pearson's r) = 0.334754
################################################
Training set range: 340-258
Correlation coefficient (Pearson's r) = 0.558928
################################################
Training set range: 341-259
Correlation coefficient (Pearson's r) = 0.446484
################################################
Training set range: 342-260
Correlation coefficient (Pearson's r) = 0.398106
################################################
Training set range: 343-261
Correlation coefficient (Pearson's r) = 0.358112
################################################
Training set range: 344-262
Correlation coefficient (Pearson's r) = 0.370654
################################################
Training set range: 345-263
Correlation coefficient (Pearson's r) = 0.476753
################################################
Training set range: 346-264
Correlation coefficient (Pearson's r) = 0.440333
################################################
Training set range: 347-265
Correlation coefficient (Pearson's r) = 0.441101
################################################
Training set range: 348-266
Correlation coefficient (Pearson's r) = 0.344281
################################################
Training set range: 349-267
Correlation coefficient (Pearson's r) = 0.384388
################################################
Training set range: 350-268
Correlation coefficient (Pearson's r) = 0.398495
################################################
Training set range: 351-269
Correlation coefficient (Pearson's r) = 0.414991
################################################
Training set range: 352-270
Correlation coefficient (Pearson's r) = 0.251917
################################################
Training set range: 353-271
Correlation coefficient (Pearson's r) = 0.426631
################################################
Training set range: 354-272
Correlation coefficient (Pearson's r) = 0.148574
################################################
Training set range: 355-273
Correlation coefficient (Pearson's r) = 0.245505
################################################
Training set range: 356-274
Correlation coefficient (Pearson's r) = 0.374252
################################################
Training set range: 357-275
Correlation coefficient (Pearson's r) = 0.341209
################################################
Training set range: 358-276
Correlation coefficient (Pearson's r) = 0.273449
################################################
Training set range: 359-277
Correlation coefficient (Pearson's r) = 0.273693
################################################
Training set range: 360-278
Correlation coefficient (Pearson's r) = 0.328005
################################################
Training set range: 361-279
Correlation coefficient (Pearson's r) = 0.404906
################################################
Training set range: 362-280
Correlation coefficient (Pearson's r) = 0.407091
################################################
Training set range: 363-281
Correlation coefficient (Pearson's r) = 0.330962
################################################
Training set range: 364-282
Correlation coefficient (Pearson's r) = 0.188900
################################################
Training set range: 365-283
Correlation coefficient (Pearson's r) = 0.384454
################################################
Training set range: 366-284
Correlation coefficient (Pearson's r) = 0.234084
################################################
Training set range: 367-285
Correlation coefficient (Pearson's r) = 0.252556
################################################
Training set range: 368-286
Correlation coefficient (Pearson's r) = 0.192839
################################################
Training set range: 369-287
Correlation coefficient (Pearson's r) = 0.401932
################################################
Training set range: 370-288
Correlation coefficient (Pearson's r) = 0.268529
################################################
Training set range: 371-289
Correlation coefficient (Pearson's r) = 0.259884
################################################
Training set range: 372-290
Correlation coefficient (Pearson's r) = 0.438988
################################################
Training set range: 373-291
Correlation coefficient (Pearson's r) = 0.340293
################################################
Training set range: 374-292
Correlation coefficient (Pearson's r) = 0.305428
################################################
Training set range: 375-293
Correlation coefficient (Pearson's r) = 0.273150
################################################
Training set range: 376-294
Correlation coefficient (Pearson's r) = 0.432992
################################################
Training set range: 377-295
Correlation coefficient (Pearson's r) = 0.386966
################################################
Training set range: 378-296
Correlation coefficient (Pearson's r) = 0.349363
################################################
Training set range: 379-297
Correlation coefficient (Pearson's r) = 0.262843
################################################
Training set range: 380-298
Correlation coefficient (Pearson's r) = 0.597638
################################################
Training set range: 381-299
Correlation coefficient (Pearson's r) = 0.607921
################################################
Training set range: 382-300
Correlation coefficient (Pearson's r) = 0.401515
################################################
Training set range: 383-301
Correlation coefficient (Pearson's r) = 0.439990
################################################
Training set range: 384-302
Correlation coefficient (Pearson's r) = 0.383167
################################################
Training set range: 385-303
Correlation coefficient (Pearson's r) = 0.590977
################################################
Training set range: 386-304
Correlation coefficient (Pearson's r) = 0.391802
################################################
Training set range: 387-305
Correlation coefficient (Pearson's r) = 0.348045
################################################
Training set range: 388-306
Correlation coefficient (Pearson's r) = 0.558941
################################################
Training set range: 389-307
Correlation coefficient (Pearson's r) = 0.225478
################################################
Training set range: 390-308
Correlation coefficient (Pearson's r) = -0.047151
################################################
Training set range: 391-309
Correlation coefficient (Pearson's r) = 0.327253
################################################
Training set range: 392-310
Correlation coefficient (Pearson's r) = 0.311488
################################################
Training set range: 393-311
Correlation coefficient (Pearson's r) = 0.669858
################################################
Training set range: 394-312
Correlation coefficient (Pearson's r) = 0.692393
################################################
Training set range: 395-313
Correlation coefficient (Pearson's r) = 0.482885
################################################
Training set range: 396-314
Correlation coefficient (Pearson's r) = 0.649846
################################################
Training set range: 397-315
Correlation coefficient (Pearson's r) = 0.589632
################################################
Training set range: 398-316
Correlation coefficient (Pearson's r) = 0.532249
################################################
Training set range: 399-317
Correlation coefficient (Pearson's r) = 0.481257
################################################
