0.4813 0.5996
0.4824 0.5083
0.5358 0.5666
0.5446 0.3909
0.3903 0.5719
0.4567 0.3499
0.5101 0.6205
0.5206 0.5263
0.3985 0.4383
0.3127 0.4633
0.7581 0.5633
0.5313 0.4963
0.5519 0.5275
0.3785 0.4640
0.4375 0.5378
0.4762 0.4470
0.4862 0.4217
0.4750 0.4902
0.5254 0.5423
0.5057 0.5457
0.5373 0.6040
0.5283 0.5545
0.3901 0.3762
0.5304 0.5568
0.5972 0.5711
0.3567 0.4403
0.5411 0.3882
0.4791 0.5593
0.5016 0.4132
0.4682 0.2598
0.5114 0.0000
0.5371 0.3905
0.8139 0.2784
0.5694 0.5798
0.5260 0.5194
0.5122 0.4899
0.6052 0.4697
0.4275 0.3771
0.6569 0.4325
0.5332 0.4645
0.5332 0.4649
0.5339 0.4203
0.4975 0.4993
0.4956 0.5073
0.4805 0.4661
0.3818 0.4189
0.5002 0.4790
0.3074 0.2361
0.3486 0.1423
0.1931 0.5054
0.5467 0.5110
0.3993 0.4556
0.5773 0.5891
0.5834 0.5758
0.4401 0.5220
0.3108 0.2569
0.3998 0.4188
0.3002 0.2502
0.2992 0.2675
0.5192 0.4787
0.4951 0.5592
0.5216 0.5355
0.4468 0.5403
0.5898 0.5673
0.4711 0.5020
0.6533 0.5641
0.6248 0.6067
0.3841 0.3892
0.5281 0.4736
0.5051 0.5562
0.4955 0.5712
0.5037 0.5769
0.5401 0.5291
0.5361 0.5619
0.5201 0.5651
0.5386 0.3600
0.4042 0.3013
0.6223 0.4865
0.3836 0.4048
0.5698 0.5898
0.5765 0.5707
0.5686 0.5953
0.5135 0.5232
0.4524 0.5367
0.5762 0.6294
0.6129 0.6111
0.6146 0.6115
0.4236 0.5365
0.6714 0.6635
0.3844 0.4120
0.4718 0.5326
0.4666 0.4103
0.4095 0.4482
0.5155 0.3337
0.5387 0.5186
0.5446 0.4557
0.4985 0.4330
0.5753 0.5557
0.5754 0.5646
0.5799 0.5596
0.3664 0.4225
0.4854 0.4171
0.4881 0.4780
0.3781 0.4076
0.4478 0.4094
0.7266 0.6709
0.6196 0.6869
0.6655 0.6658
0.4234 0.3404
0.4122 0.4040
0.4858 0.4579
0.5622 0.8022
0.5395 0.4430
0.4702 0.4806
0.4621 0.3254
0.3542 0.3782
0.3546 0.3678
0.4324 0.3039
0.5124 0.5372
0.6804 0.5917
0.4488 0.3899
0.3703 0.1627
0.3732 0.1134
0.5548 0.3578
0.5681 0.5855
0.5312 0.5010
0.3882 0.4009
0.3856 0.4110
0.3740 0.4228
0.5426 0.5334
0.5475 0.5407
0.5263 0.6225
0.4527 0.5622
0.5477 0.4869
0.5239 0.4688
0.4897 0.4772
0.4942 0.4853
0.4941 0.4543
0.5473 0.5524
0.6933 0.6940
0.6792 0.7246
0.6882 0.6906
0.5792 0.6423
0.4202 0.3487
0.5431 0.5805
0.4598 0.6090
0.5351 0.5287
0.5436 0.5228
0.5353 0.5298
0.5426 0.5523
0.3983 0.4582
0.4532 0.3855
0.4415 0.5406
0.6983 0.5419
0.3822 0.4908
0.3664 0.3443
0.5492 0.4931
0.3741 0.4085
0.3617 0.3388
0.3675 0.3982
0.4868 0.4933
0.4942 0.3677
0.6664 0.4938
0.4596 0.5002
0.4525 0.4809
0.4622 0.5147
0.4596 0.5002
0.3670 0.4537
0.4751 0.4867
0.5203 0.6270
0.4783 0.4639
0.4346 0.3978
0.4623 0.4391
0.5324 0.4376
0.5218 0.3927
0.4915 0.5009
0.4994 0.4793
0.5657 0.6026
0.4113 0.3724
0.5779 0.6155
0.5537 0.5689
0.5560 0.5706
0.4844 0.4738
0.4715 0.5283
0.3719 0.5465
0.6908 0.5171
0.5470 0.3349
0.5369 0.5616
0.5367 0.5571
0.4101 0.4230
0.5972 0.6426
0.6092 0.5777
0.6080 0.5888
0.6105 0.5826
0.4239 0.3405
0.6235 0.5460
0.5597 0.6575
0.6505 0.4910
0.6098 0.5526
0.6217 0.5592
0.5045 0.4835
0.5617 0.6390
0.5341 0.5560
0.5820 0.5728
0.5868 0.5676
0.5839 0.5859
0.5427 0.5188
0.5814 0.6866
0.4584 0.5383
0.4669 0.4976
0.4749 0.4428
0.4693 0.5339
0.5617 0.5294
0.6292 0.5456
0.7320 0.5212
0.5363 0.6162
0.5467 0.5666
0.5509 0.5391
0.5417 0.5437
0.4212 0.3634
0.4138 0.4073
0.4972 0.5352
0.4231 0.3813
0.6090 0.3940
0.4736 0.4794
0.6081 0.6689
0.4614 0.4782
0.5234 0.5981
0.6863 0.7614
0.6100 0.5635
0.6201 0.5477
0.5774 0.9034
0.5046 0.4922
0.4074 0.3549
0.6363 0.4773
0.3954 0.3875
0.3610 0.4741
0.3782 0.3996
0.3670 0.4001
0.3547 0.4435
0.3759 0.4067
0.3631 0.4448
0.4357 0.5067
0.4548 0.4362
0.5152 0.5333
0.3812 0.3510
0.4529 0.7040
0.4606 0.5504
0.5894 0.5515
0.4773 0.6483
0.4787 0.4902
0.4191 0.5829
0.4855 0.4910
0.4751 0.4928
0.5661 0.6537
0.3617 0.3623
0.4493 0.4090
0.3555 0.3692
0.3562 0.3657
0.3555 0.3694
0.4909 0.4789
0.3791 0.5456
0.5311 0.5565
0.4866 0.4570
0.4893 0.4573
0.5320 0.4887
0.4459 0.3884
0.7683 0.9723
0.4896 0.4615
0.4823 0.4784
0.4870 0.4717
0.4870 0.4666
0.4845 0.4851
0.4852 0.5007
0.5311 0.5234
0.5303 0.5146
0.4708 0.5212
0.4913 0.3522
0.5387 0.6003
0.4982 0.4999
0.5926 0.3890
0.4028 0.4013
0.5562 0.3620
0.5009 0.5155
0.4967 0.5058
0.4901 0.5242
0.3612 0.3611
0.5281 0.5027
0.5293 0.6279
0.5341 0.6315
0.4835 0.6131
0.4748 0.5731
0.4824 0.5184
0.4551 0.5070
0.4773 0.4611
0.5353 0.4575
0.4863 0.4493
0.5315 0.4941
0.5314 0.4934
0.4622 0.4871
0.5359 0.5430
0.4955 0.5570
0.3567 0.4020
0.6728 0.6910
0.6586 0.6928
0.6743 0.6696
0.3290 0.4096
0.3917 0.5150
0.5304 0.3554
0.3271 0.4376
0.3613 0.3570
0.4325 0.4005
0.3637 0.3573
0.3627 0.3599
0.3590 0.3785
0.3605 0.3494
0.3632 0.3615
0.3618 0.3666
0.3618 0.3591
0.3619 0.3599
0.3631 0.3558
0.3607 0.3623
0.4200 0.4157
0.3642 0.3607
0.3623 0.3594
0.3628 0.3560
0.5759 0.5426
0.5704 0.5833
0.5385 0.5458
0.3566 0.4474
0.6628 0.6188
0.5373 0.5624
0.5461 0.4413
0.3548 0.4903
0.5633 0.5529
0.5310 0.4440
0.5406 0.5283
0.5507 0.6499
0.5539 0.5197
0.5481 0.5978
0.3888 0.4006
0.3856 0.4223
0.4465 0.4931
0.5925 0.5874
0.4722 0.4511
0.5261 0.5911
0.5334 0.4325
0.4267 0.5394
0.4371 0.4448
0.5047 0.5723
0.5216 0.4659
0.4995 0.4794
0.4373 0.4438
0.4572 0.6592
0.7323 0.7558
0.7510 0.7422
0.5984 0.5574
0.6250 0.6932
0.7220 0.7572
0.6570 0.5354
0.6229 0.6591
0.5914 0.6806
0.6146 0.6812
0.5380 0.5682
0.4346 0.4377
0.4374 0.4198
0.4494 0.3839
0.7722 1.0000
0.6382 0.6208
0.6444 0.6101
0.5302 0.5494
0.5162 0.5725
0.4979 0.4920
0.4972 0.4816
0.5199 0.4797
0.4687 0.4899
0.4773 0.4379
0.4783 0.4327
0.3969 0.5010
0.4722 0.4587
0.4527 0.4178
0.4828 0.6161
0.5008 0.5200
0.5718 0.6301
0.3546 0.3678
0.3674 0.3162
0.5429 0.5055
0.4060 0.5124
0.5360 0.5243
0.3803 0.5534
0.5242 0.5506
0.5702 0.6007
0.5396 0.6216
0.4888 0.4628
0.3664 0.3289
0.3609 0.3777
0.3763 0.3531
0.4240 0.2799
0.5357 0.5467
0.5212 0.7212
0.5658 0.5670
0.5954 0.5791
0.4512 0.5618
0.5830 0.5467
0.6396 0.6222
0.6305 0.5428
0.4471 0.3324
0.5003 0.3676
0.4821 0.4365
0.4066 0.4089
0.4070 0.4010
0.3040 0.2546
0.4009 0.4086
0.5184 0.4971
0.4088 0.4088
0.5458 0.5425
0.4726 0.4902
0.5987 0.6170
0.5722 0.6231
0.4015 0.3570
0.4049 0.3619
0.5300 0.4214
0.6245 0.6479
0.4658 0.4922
0.3298 0.3736
0.5314 0.5058
0.3841 0.3247
0.5477 0.5815
0.5773 0.5682
0.4891 0.5581
0.5372 0.6209
0.4155 0.4045
0.4128 0.4097
0.4277 0.3439
0.4430 0.6922
0.5305 0.5149
0.3739 0.4872
0.5954 0.5364
0.3053 0.2524
0.2761 0.4321
0.2837 0.3693
0.3030 0.2812
0.6071 0.5429
0.4344 0.4150
0.5493 0.5707
0.3991 0.2877
0.5394 0.5337
0.6406 0.5159
0.3654 0.4882
0.4129 0.5138
0.5341 0.5532
0.5346 0.5192
0.6548 0.4980
0.5238 0.4411
0.4935 0.6542
0.3916 0.4742
0.3617 0.4561
0.3634 0.3772
0.5709 0.7056
0.3998 0.3332
0.5362 0.5216
0.5396 0.4823
0.5303 0.5412
0.5233 0.5790
0.5325 0.5145
0.4046 0.5151
0.5131 0.3944
0.3594 0.2100
0.6212 0.5288
0.5704 0.4249
0.4385 0.4866
0.5243 0.5920
0.5724 0.5482
0.4816 0.3902
0.5584 0.5875
0.5819 0.5631
0.5306 0.7405
0.3950 0.3127
0.6045 0.6207
0.5165 0.6029
